{"message":"App is running on http://localhost:4000","level":"info"}
{"message":"we are connected","level":"info"}
{"message":"App is running on http://localhost:4000","level":"info"}
{"message":"we are connected","level":"info"}
{"message":"App is running on http://localhost:4000","level":"info"}
{"message":"we are connected","level":"info"}
{"message":"App is running on http://localhost:4000","level":"info"}
{"message":"Wed, 04 Nov 2020 12:58:21 GMT, METHOD:POST, URL:/login, STATUS:200, TIME:614.591 ms, RES:12994\n","level":"info"}
{"message":"Wed, 04 Nov 2020 12:58:21 GMT, METHOD:POST, URL:/login, STATUS:200, TIME:776.290 ms, RES:12994\n","level":"info"}
{"message":"Wed, 04 Nov 2020 12:58:21 GMT, METHOD:POST, URL:/login, STATUS:200, TIME:893.839 ms, RES:12994\n","level":"info"}
{"message":"Wed, 04 Nov 2020 12:58:21 GMT, METHOD:GET, URL:/users, STATUS:401, TIME:114.907 ms, RES:31\n","level":"info"}
{"message":"Wed, 04 Nov 2020 12:58:21 GMT, METHOD:POST, URL:/users, STATUS:401, TIME:132.617 ms, RES:31\n","level":"info"}
{"message":"Wed, 04 Nov 2020 12:58:21 GMT, METHOD:POST, URL:/boards, STATUS:200, TIME:489.847 ms, RES:195\n","level":"info"}
{"message":"Wed, 04 Nov 2020 12:58:21 GMT, METHOD:POST, URL:/boards, STATUS:200, TIME:256.855 ms, RES:195\n","level":"info"}
{"message":"Wed, 04 Nov 2020 12:58:21 GMT, METHOD:POST, URL:/users, STATUS:401, TIME:115.453 ms, RES:31\n","level":"info"}
{"message":"Wed, 04 Nov 2020 12:58:21 GMT, METHOD:POST, URL:/boards/5fa2a56d673693339cba48e1/tasks, STATUS:401, TIME:113.276 ms, RES:31\n","level":"info"}
{"message":"Wed, 04 Nov 2020 12:58:21 GMT, METHOD:POST, URL:/users, STATUS:401, TIME:121.583 ms, RES:31\n","level":"info"}
{"message":"Wed, 04 Nov 2020 12:58:21 GMT, METHOD:GET, URL:/boards/5fa2a56d673693339cba48e1/tasks, STATUS:401, TIME:114.784 ms, RES:31\n","level":"info"}
{"message":"Wed, 04 Nov 2020 12:58:22 GMT, METHOD:PUT, URL:/users/undefined, STATUS:401, TIME:120.293 ms, RES:31\n","level":"info"}
{"message":"Wed, 04 Nov 2020 12:58:22 GMT, METHOD:GET, URL:/boards/5fa2a56d673693339cba48e1/tasks, STATUS:401, TIME:125.232 ms, RES:31\n","level":"info"}
{"message":"Wed, 04 Nov 2020 12:58:22 GMT, METHOD:POST, URL:/users, STATUS:401, TIME:111.483 ms, RES:31\n","level":"info"}
{"message":"Wed, 04 Nov 2020 12:58:22 GMT, METHOD:POST, URL:/boards/5fa2a56d673693339cba48e1/tasks, STATUS:401, TIME:112.543 ms, RES:31\n","level":"info"}
{"message":"Wed, 04 Nov 2020 12:58:22 GMT, METHOD:GET, URL:/boards, STATUS:200, TIME:583.807 ms, RES:24329\n","level":"info"}
{"message":"Wed, 04 Nov 2020 12:58:22 GMT, METHOD:DELETE, URL:/users/undefined, STATUS:401, TIME:197.524 ms, RES:31\n","level":"info"}
{"message":"Wed, 04 Nov 2020 12:58:22 GMT, METHOD:POST, URL:/boards/5fa2a56d673693339cba48e1/tasks, STATUS:401, TIME:169.887 ms, RES:31\n","level":"info"}
{"message":"Wed, 04 Nov 2020 12:58:22 GMT, METHOD:POST, URL:/users, STATUS:401, TIME:135.708 ms, RES:31\n","level":"info"}
{"message":"Wed, 04 Nov 2020 12:58:22 GMT, METHOD:PUT, URL:/boards/undefined/tasks/undefined, STATUS:401, TIME:140.472 ms, RES:31\n","level":"info"}
{"message":"Wed, 04 Nov 2020 12:58:22 GMT, METHOD:GET, URL:/boards/5fa2a56d673693339cba48e1/tasks/undefined, STATUS:401, TIME:123.761 ms, RES:31\n","level":"info"}
{"message":"Wed, 04 Nov 2020 12:58:22 GMT, METHOD:DELETE, URL:/boards/5fa2a56d673693339cba48e1, STATUS:401, TIME:116.305 ms, RES:31\n","level":"info"}
{"message":"Wed, 04 Nov 2020 12:58:22 GMT, METHOD:GET, URL:/boards, STATUS:200, TIME:603.824 ms, RES:24329\n","level":"info"}
{"message":"Wed, 04 Nov 2020 12:58:23 GMT, METHOD:GET, URL:/boards, STATUS:401, TIME:0.330 ms, RES:31\n","level":"info"}
{"message":"Wed, 04 Nov 2020 12:58:23 GMT, METHOD:GET, URL:/boards/12345, STATUS:401, TIME:0.491 ms, RES:31\n","level":"info"}
{"message":"Wed, 04 Nov 2020 12:58:23 GMT, METHOD:POST, URL:/boards, STATUS:401, TIME:0.492 ms, RES:31\n","level":"info"}
{"message":"Wed, 04 Nov 2020 12:58:23 GMT, METHOD:PUT, URL:/boards/12345, STATUS:401, TIME:0.516 ms, RES:31\n","level":"info"}
{"message":"Wed, 04 Nov 2020 12:58:23 GMT, METHOD:DELETE, URL:/boards/12345, STATUS:401, TIME:0.537 ms, RES:31\n","level":"info"}
{"message":"Wed, 04 Nov 2020 12:58:23 GMT, METHOD:GET, URL:/boards/5fa146f392993c36a4993e74, STATUS:200, TIME:240.600 ms, RES:195\n","level":"info"}
{"message":"Wed, 04 Nov 2020 12:58:23 GMT, METHOD:GET, URL:/boards/12345/tasks, STATUS:401, TIME:0.385 ms, RES:31\n","level":"info"}
{"message":"Wed, 04 Nov 2020 12:58:23 GMT, METHOD:GET, URL:/boards/12345/tasks/12345, STATUS:401, TIME:0.532 ms, RES:31\n","level":"info"}
{"message":"Wed, 04 Nov 2020 12:58:23 GMT, METHOD:POST, URL:/boards/12345/tasks, STATUS:401, TIME:0.415 ms, RES:31\n","level":"info"}
{"message":"Wed, 04 Nov 2020 12:58:23 GMT, METHOD:PUT, URL:/boards/12345/tasks/12345, STATUS:401, TIME:0.652 ms, RES:31\n","level":"info"}
{"message":"Wed, 04 Nov 2020 12:58:23 GMT, METHOD:DELETE, URL:/boards/12345/tasks/12345, STATUS:401, TIME:0.562 ms, RES:31\n","level":"info"}
{"message":"Wed, 04 Nov 2020 12:58:23 GMT, METHOD:POST, URL:/boards, STATUS:200, TIME:256.957 ms, RES:195\n","level":"info"}
{"message":"Wed, 04 Nov 2020 12:58:23 GMT, METHOD:GET, URL:/users, STATUS:401, TIME:0.319 ms, RES:31\n","level":"info"}
{"message":"Wed, 04 Nov 2020 12:58:23 GMT, METHOD:GET, URL:/users/123, STATUS:401, TIME:0.549 ms, RES:31\n","level":"info"}
{"message":"Wed, 04 Nov 2020 12:58:23 GMT, METHOD:POST, URL:/users, STATUS:401, TIME:0.291 ms, RES:31\n","level":"info"}
{"message":"Wed, 04 Nov 2020 12:58:23 GMT, METHOD:PUT, URL:/users/12345, STATUS:401, TIME:0.306 ms, RES:31\n","level":"info"}
{"message":"Wed, 04 Nov 2020 12:58:23 GMT, METHOD:DELETE, URL:/users/12345, STATUS:401, TIME:0.338 ms, RES:31\n","level":"info"}
{"message":"Wed, 04 Nov 2020 12:58:23 GMT, METHOD:DELETE, URL:/boards/5fa2a56f673693339cba48e7, STATUS:200, TIME:363.052 ms, RES:2\n","level":"info"}
{"message":"Wed, 04 Nov 2020 12:58:24 GMT, METHOD:POST, URL:/boards, STATUS:200, TIME:249.849 ms, RES:195\n","level":"info"}
{"message":"Wed, 04 Nov 2020 12:58:24 GMT, METHOD:PUT, URL:/boards/5fa2a56f673693339cba48ea, STATUS:200, TIME:274.041 ms, RES:2\n","level":"info"}
{"message":"Wed, 04 Nov 2020 12:58:24 GMT, METHOD:GET, URL:/boards/5fa2a56f673693339cba48ea, STATUS:200, TIME:265.668 ms, RES:203\n","level":"info"}
{"message":"Wed, 04 Nov 2020 12:58:25 GMT, METHOD:DELETE, URL:/boards/5fa2a56f673693339cba48ea, STATUS:200, TIME:372.885 ms, RES:2\n","level":"info"}
{"message":"Wed, 04 Nov 2020 12:58:25 GMT, METHOD:POST, URL:/boards, STATUS:200, TIME:263.099 ms, RES:195\n","level":"info"}
{"message":"Wed, 04 Nov 2020 12:58:25 GMT, METHOD:DELETE, URL:/boards/5fa2a571673693339cba48ef, STATUS:200, TIME:384.611 ms, RES:2\n","level":"info"}
{"message":"Wed, 04 Nov 2020 12:58:25 GMT, METHOD:GET, URL:/boards/5fa2a571673693339cba48ef, STATUS:404, TIME:252.635 ms, RES:53\n","level":"info"}
{"message":"Wed, 04 Nov 2020 12:58:26 GMT, METHOD:POST, URL:/boards, STATUS:200, TIME:265.280 ms, RES:195\n","level":"info"}
{"message":"Wed, 04 Nov 2020 12:58:26 GMT, METHOD:POST, URL:/boards/5fa2a572673693339cba48f2/tasks, STATUS:200, TIME:268.116 ms, RES:156\n","level":"info"}
{"message":"Wed, 04 Nov 2020 12:58:26 GMT, METHOD:POST, URL:/boards/5fa2a572673693339cba48f2/tasks, STATUS:200, TIME:264.234 ms, RES:156\n","level":"info"}
{"message":"Wed, 04 Nov 2020 12:58:26 GMT, METHOD:POST, URL:/boards/5fa2a572673693339cba48f2/tasks, STATUS:200, TIME:278.176 ms, RES:156\n","level":"info"}
{"message":"Wed, 04 Nov 2020 12:58:26 GMT, METHOD:POST, URL:/boards/5fa2a572673693339cba48f2/tasks, STATUS:200, TIME:282.786 ms, RES:156\n","level":"info"}
{"message":"Wed, 04 Nov 2020 12:58:26 GMT, METHOD:POST, URL:/boards/5fa2a572673693339cba48f2/tasks, STATUS:200, TIME:302.465 ms, RES:156\n","level":"info"}
{"message":"Wed, 04 Nov 2020 12:58:26 GMT, METHOD:GET, URL:/boards/5fa2a572673693339cba48f2/tasks/5fa2a572673693339cba48f5, STATUS:200, TIME:251.372 ms, RES:156\n","level":"info"}
{"message":"Wed, 04 Nov 2020 12:58:26 GMT, METHOD:GET, URL:/boards/5fa2a572673693339cba48f2/tasks/5fa2a572673693339cba48f6, STATUS:200, TIME:267.730 ms, RES:156\n","level":"info"}
{"message":"Wed, 04 Nov 2020 12:58:26 GMT, METHOD:GET, URL:/boards/5fa2a572673693339cba48f2/tasks/5fa2a572673693339cba48f8, STATUS:200, TIME:273.929 ms, RES:156\n","level":"info"}
{"message":"Wed, 04 Nov 2020 12:58:26 GMT, METHOD:GET, URL:/boards/5fa2a572673693339cba48f2/tasks/5fa2a572673693339cba48f9, STATUS:200, TIME:282.512 ms, RES:156\n","level":"info"}
{"message":"Wed, 04 Nov 2020 12:58:26 GMT, METHOD:GET, URL:/boards/5fa2a572673693339cba48f2/tasks/5fa2a572673693339cba48f7, STATUS:200, TIME:296.733 ms, RES:156\n","level":"info"}
{"message":"Wed, 04 Nov 2020 12:58:27 GMT, METHOD:DELETE, URL:/boards/5fa2a572673693339cba48f2, STATUS:200, TIME:400.183 ms, RES:2\n","level":"info"}
{"message":"Wed, 04 Nov 2020 12:58:27 GMT, METHOD:GET, URL:/boards/5fa2a572673693339cba48f2/tasks/5fa2a572673693339cba48f5, STATUS:404, TIME:272.284 ms, RES:100\n","level":"info"}
{"message":"Wed, 04 Nov 2020 12:58:27 GMT, METHOD:GET, URL:/boards/5fa2a572673693339cba48f2/tasks/5fa2a572673693339cba48f9, STATUS:404, TIME:276.043 ms, RES:100\n","level":"info"}
{"message":"Wed, 04 Nov 2020 12:58:27 GMT, METHOD:GET, URL:/boards/5fa2a572673693339cba48f2/tasks/5fa2a572673693339cba48f7, STATUS:404, TIME:283.267 ms, RES:100\n","level":"info"}
{"message":"Wed, 04 Nov 2020 12:58:27 GMT, METHOD:GET, URL:/boards/5fa2a572673693339cba48f2/tasks/5fa2a572673693339cba48f6, STATUS:404, TIME:288.724 ms, RES:100\n","level":"info"}
{"message":"Wed, 04 Nov 2020 12:58:27 GMT, METHOD:GET, URL:/boards/5fa2a572673693339cba48f2/tasks/5fa2a572673693339cba48f8, STATUS:404, TIME:298.123 ms, RES:100\n","level":"info"}
{"message":"Wed, 04 Nov 2020 12:58:27 GMT, METHOD:DELETE, URL:/boards/5fa2a56d673693339cba48e4, STATUS:200, TIME:369.098 ms, RES:2\n","level":"info"}
{"message":"we are connected","level":"info"}
{"message":"App is running on http://localhost:4000","level":"info"}
{"message":"Wed, 04 Nov 2020 12:59:15 GMT, METHOD:POST, URL:/login, STATUS:200, TIME:597.481 ms, RES:13189\n","level":"info"}
{"message":"Wed, 04 Nov 2020 12:59:15 GMT, METHOD:POST, URL:/login, STATUS:200, TIME:726.918 ms, RES:13189\n","level":"info"}
{"message":"Wed, 04 Nov 2020 12:59:15 GMT, METHOD:POST, URL:/login, STATUS:200, TIME:763.078 ms, RES:13189\n","level":"info"}
{"message":"Wed, 04 Nov 2020 12:59:15 GMT, METHOD:POST, URL:/boards, STATUS:401, TIME:110.123 ms, RES:31\n","level":"info"}
{"message":"Wed, 04 Nov 2020 12:59:15 GMT, METHOD:POST, URL:/boards/undefined/tasks, STATUS:401, TIME:112.636 ms, RES:31\n","level":"info"}
{"message":"Wed, 04 Nov 2020 12:59:15 GMT, METHOD:GET, URL:/users, STATUS:200, TIME:450.829 ms, RES:5609\n","level":"info"}
{"message":"Wed, 04 Nov 2020 12:59:15 GMT, METHOD:POST, URL:/boards, STATUS:200, TIME:281.368 ms, RES:195\n","level":"info"}
{"message":"Wed, 04 Nov 2020 12:59:15 GMT, METHOD:GET, URL:/boards/undefined/tasks, STATUS:401, TIME:108.797 ms, RES:31\n","level":"info"}
{"message":"Wed, 04 Nov 2020 12:59:15 GMT, METHOD:POST, URL:/users, STATUS:401, TIME:134.016 ms, RES:31\n","level":"info"}
{"message":"Wed, 04 Nov 2020 12:59:15 GMT, METHOD:GET, URL:/boards/undefined/tasks, STATUS:401, TIME:110.449 ms, RES:31\n","level":"info"}
{"message":"Wed, 04 Nov 2020 12:59:15 GMT, METHOD:POST, URL:/users, STATUS:401, TIME:131.567 ms, RES:31\n","level":"info"}
{"message":"Wed, 04 Nov 2020 12:59:15 GMT, METHOD:POST, URL:/boards/undefined/tasks, STATUS:401, TIME:124.528 ms, RES:31\n","level":"info"}
{"message":"Wed, 04 Nov 2020 12:59:16 GMT, METHOD:GET, URL:/boards, STATUS:200, TIME:452.698 ms, RES:24329\n","level":"info"}
{"message":"Wed, 04 Nov 2020 12:59:16 GMT, METHOD:POST, URL:/boards/undefined/tasks, STATUS:401, TIME:162.420 ms, RES:31\n","level":"info"}
{"message":"Wed, 04 Nov 2020 12:59:16 GMT, METHOD:POST, URL:/users, STATUS:401, TIME:171.233 ms, RES:31\n","level":"info"}
{"message":"Wed, 04 Nov 2020 12:59:16 GMT, METHOD:PUT, URL:/users/undefined, STATUS:401, TIME:109.920 ms, RES:31\n","level":"info"}
{"message":"Wed, 04 Nov 2020 12:59:16 GMT, METHOD:PUT, URL:/boards/undefined/tasks/undefined, STATUS:401, TIME:117.182 ms, RES:31\n","level":"info"}
{"message":"Wed, 04 Nov 2020 12:59:16 GMT, METHOD:POST, URL:/users, STATUS:401, TIME:109.366 ms, RES:31\n","level":"info"}
{"message":"Wed, 04 Nov 2020 12:59:16 GMT, METHOD:GET, URL:/boards/undefined/tasks/undefined, STATUS:401, TIME:113.659 ms, RES:31\n","level":"info"}
{"message":"Wed, 04 Nov 2020 12:59:16 GMT, METHOD:DELETE, URL:/users/undefined, STATUS:401, TIME:111.525 ms, RES:31\n","level":"info"}
{"message":"Wed, 04 Nov 2020 12:59:16 GMT, METHOD:DELETE, URL:/boards/undefined, STATUS:401, TIME:139.577 ms, RES:31\n","level":"info"}
{"message":"Wed, 04 Nov 2020 12:59:16 GMT, METHOD:GET, URL:/boards, STATUS:200, TIME:564.420 ms, RES:24329\n","level":"info"}
{"message":"Wed, 04 Nov 2020 12:59:16 GMT, METHOD:POST, URL:/users, STATUS:401, TIME:165.424 ms, RES:31\n","level":"info"}
{"message":"Wed, 04 Nov 2020 12:59:16 GMT, METHOD:GET, URL:/boards/5fa146f392993c36a4993e74, STATUS:200, TIME:237.461 ms, RES:195\n","level":"info"}
{"message":"Wed, 04 Nov 2020 12:59:17 GMT, METHOD:GET, URL:/boards, STATUS:401, TIME:0.358 ms, RES:31\n","level":"info"}
{"message":"Wed, 04 Nov 2020 12:59:17 GMT, METHOD:GET, URL:/boards/12345, STATUS:401, TIME:1.111 ms, RES:31\n","level":"info"}
{"message":"Wed, 04 Nov 2020 12:59:17 GMT, METHOD:POST, URL:/boards, STATUS:401, TIME:0.475 ms, RES:31\n","level":"info"}
{"message":"Wed, 04 Nov 2020 12:59:17 GMT, METHOD:PUT, URL:/boards/12345, STATUS:401, TIME:0.433 ms, RES:31\n","level":"info"}
{"message":"Wed, 04 Nov 2020 12:59:17 GMT, METHOD:DELETE, URL:/boards/12345, STATUS:401, TIME:0.394 ms, RES:31\n","level":"info"}
{"message":"Wed, 04 Nov 2020 12:59:17 GMT, METHOD:GET, URL:/boards/12345/tasks, STATUS:401, TIME:0.359 ms, RES:31\n","level":"info"}
{"message":"Wed, 04 Nov 2020 12:59:17 GMT, METHOD:GET, URL:/boards/12345/tasks/12345, STATUS:401, TIME:0.693 ms, RES:31\n","level":"info"}
{"message":"Wed, 04 Nov 2020 12:59:17 GMT, METHOD:POST, URL:/boards/12345/tasks, STATUS:401, TIME:0.491 ms, RES:31\n","level":"info"}
{"message":"Wed, 04 Nov 2020 12:59:17 GMT, METHOD:PUT, URL:/boards/12345/tasks/12345, STATUS:401, TIME:0.480 ms, RES:31\n","level":"info"}
{"message":"Wed, 04 Nov 2020 12:59:17 GMT, METHOD:DELETE, URL:/boards/12345/tasks/12345, STATUS:401, TIME:0.405 ms, RES:31\n","level":"info"}
{"message":"Wed, 04 Nov 2020 12:59:17 GMT, METHOD:POST, URL:/boards, STATUS:200, TIME:268.972 ms, RES:195\n","level":"info"}
{"message":"Wed, 04 Nov 2020 12:59:17 GMT, METHOD:GET, URL:/users, STATUS:401, TIME:0.315 ms, RES:31\n","level":"info"}
{"message":"Wed, 04 Nov 2020 12:59:17 GMT, METHOD:GET, URL:/users/123, STATUS:401, TIME:0.330 ms, RES:31\n","level":"info"}
{"message":"Wed, 04 Nov 2020 12:59:17 GMT, METHOD:POST, URL:/users, STATUS:401, TIME:0.289 ms, RES:31\n","level":"info"}
{"message":"Wed, 04 Nov 2020 12:59:17 GMT, METHOD:PUT, URL:/users/12345, STATUS:401, TIME:0.284 ms, RES:31\n","level":"info"}
{"message":"Wed, 04 Nov 2020 12:59:17 GMT, METHOD:DELETE, URL:/users/12345, STATUS:401, TIME:0.347 ms, RES:31\n","level":"info"}
{"message":"Wed, 04 Nov 2020 12:59:17 GMT, METHOD:DELETE, URL:/boards/5fa2a5a5df7eb228fc234b13, STATUS:200, TIME:362.433 ms, RES:2\n","level":"info"}
{"message":"Wed, 04 Nov 2020 12:59:17 GMT, METHOD:POST, URL:/boards, STATUS:200, TIME:251.898 ms, RES:195\n","level":"info"}
{"message":"Wed, 04 Nov 2020 12:59:18 GMT, METHOD:PUT, URL:/boards/5fa2a5a5df7eb228fc234b16, STATUS:200, TIME:274.636 ms, RES:2\n","level":"info"}
{"message":"Wed, 04 Nov 2020 12:59:18 GMT, METHOD:GET, URL:/boards/5fa2a5a5df7eb228fc234b16, STATUS:200, TIME:250.631 ms, RES:203\n","level":"info"}
{"message":"Wed, 04 Nov 2020 12:59:18 GMT, METHOD:DELETE, URL:/boards/5fa2a5a5df7eb228fc234b16, STATUS:200, TIME:378.207 ms, RES:2\n","level":"info"}
{"message":"Wed, 04 Nov 2020 12:59:19 GMT, METHOD:POST, URL:/boards, STATUS:200, TIME:261.213 ms, RES:195\n","level":"info"}
{"message":"Wed, 04 Nov 2020 12:59:19 GMT, METHOD:DELETE, URL:/boards/5fa2a5a6df7eb228fc234b1b, STATUS:200, TIME:375.292 ms, RES:2\n","level":"info"}
{"message":"Wed, 04 Nov 2020 12:59:19 GMT, METHOD:GET, URL:/boards/5fa2a5a6df7eb228fc234b1b, STATUS:404, TIME:253.385 ms, RES:53\n","level":"info"}
{"message":"Wed, 04 Nov 2020 12:59:19 GMT, METHOD:POST, URL:/boards, STATUS:200, TIME:257.497 ms, RES:195\n","level":"info"}
{"message":"Wed, 04 Nov 2020 12:59:20 GMT, METHOD:POST, URL:/boards/5fa2a5a7df7eb228fc234b1e/tasks, STATUS:200, TIME:265.382 ms, RES:156\n","level":"info"}
{"message":"Wed, 04 Nov 2020 12:59:20 GMT, METHOD:POST, URL:/boards/5fa2a5a7df7eb228fc234b1e/tasks, STATUS:200, TIME:269.354 ms, RES:156\n","level":"info"}
{"message":"Wed, 04 Nov 2020 12:59:20 GMT, METHOD:POST, URL:/boards/5fa2a5a7df7eb228fc234b1e/tasks, STATUS:200, TIME:276.932 ms, RES:156\n","level":"info"}
{"message":"Wed, 04 Nov 2020 12:59:20 GMT, METHOD:POST, URL:/boards/5fa2a5a7df7eb228fc234b1e/tasks, STATUS:200, TIME:286.339 ms, RES:156\n","level":"info"}
{"message":"Wed, 04 Nov 2020 12:59:20 GMT, METHOD:POST, URL:/boards/5fa2a5a7df7eb228fc234b1e/tasks, STATUS:200, TIME:295.123 ms, RES:156\n","level":"info"}
{"message":"Wed, 04 Nov 2020 12:59:20 GMT, METHOD:GET, URL:/boards/5fa2a5a7df7eb228fc234b1e/tasks/5fa2a5a8df7eb228fc234b21, STATUS:200, TIME:257.486 ms, RES:156\n","level":"info"}
{"message":"Wed, 04 Nov 2020 12:59:20 GMT, METHOD:GET, URL:/boards/5fa2a5a7df7eb228fc234b1e/tasks/5fa2a5a8df7eb228fc234b23, STATUS:200, TIME:275.679 ms, RES:156\n","level":"info"}
{"message":"Wed, 04 Nov 2020 12:59:20 GMT, METHOD:GET, URL:/boards/5fa2a5a7df7eb228fc234b1e/tasks/5fa2a5a8df7eb228fc234b25, STATUS:200, TIME:294.232 ms, RES:156\n","level":"info"}
{"message":"Wed, 04 Nov 2020 12:59:20 GMT, METHOD:GET, URL:/boards/5fa2a5a7df7eb228fc234b1e/tasks/5fa2a5a8df7eb228fc234b24, STATUS:200, TIME:314.185 ms, RES:156\n","level":"info"}
{"message":"Wed, 04 Nov 2020 12:59:20 GMT, METHOD:GET, URL:/boards/5fa2a5a7df7eb228fc234b1e/tasks/5fa2a5a8df7eb228fc234b22, STATUS:200, TIME:352.315 ms, RES:156\n","level":"info"}
{"message":"Wed, 04 Nov 2020 12:59:21 GMT, METHOD:DELETE, URL:/boards/5fa2a5a7df7eb228fc234b1e, STATUS:200, TIME:383.888 ms, RES:2\n","level":"info"}
{"message":"Wed, 04 Nov 2020 12:59:21 GMT, METHOD:GET, URL:/boards/5fa2a5a7df7eb228fc234b1e/tasks/5fa2a5a8df7eb228fc234b21, STATUS:404, TIME:253.978 ms, RES:100\n","level":"info"}
{"message":"Wed, 04 Nov 2020 12:59:21 GMT, METHOD:GET, URL:/boards/5fa2a5a7df7eb228fc234b1e/tasks/5fa2a5a8df7eb228fc234b22, STATUS:404, TIME:259.638 ms, RES:100\n","level":"info"}
{"message":"Wed, 04 Nov 2020 12:59:21 GMT, METHOD:GET, URL:/boards/5fa2a5a7df7eb228fc234b1e/tasks/5fa2a5a8df7eb228fc234b25, STATUS:404, TIME:264.693 ms, RES:100\n","level":"info"}
{"message":"Wed, 04 Nov 2020 12:59:21 GMT, METHOD:GET, URL:/boards/5fa2a5a7df7eb228fc234b1e/tasks/5fa2a5a8df7eb228fc234b23, STATUS:404, TIME:288.744 ms, RES:100\n","level":"info"}
{"message":"Wed, 04 Nov 2020 12:59:21 GMT, METHOD:GET, URL:/boards/5fa2a5a7df7eb228fc234b1e/tasks/5fa2a5a8df7eb228fc234b24, STATUS:404, TIME:295.808 ms, RES:100\n","level":"info"}
{"message":"Wed, 04 Nov 2020 12:59:21 GMT, METHOD:DELETE, URL:/boards/5fa2a5a3df7eb228fc234b10, STATUS:200, TIME:378.862 ms, RES:2\n","level":"info"}
{"message":"Wed, 04 Nov 2020 13:00:02 GMT, METHOD:POST, URL:/login, STATUS:200, TIME:346.266 ms, RES:13384\n","level":"info"}
{"message":"Wed, 04 Nov 2020 13:00:02 GMT, METHOD:POST, URL:/login, STATUS:200, TIME:361.524 ms, RES:13384\n","level":"info"}
{"message":"Wed, 04 Nov 2020 13:00:02 GMT, METHOD:POST, URL:/login, STATUS:200, TIME:355.750 ms, RES:13384\n","level":"info"}
{"message":"Wed, 04 Nov 2020 13:00:03 GMT, METHOD:POST, URL:/boards, STATUS:200, TIME:264.155 ms, RES:195\n","level":"info"}
{"message":"Wed, 04 Nov 2020 13:00:03 GMT, METHOD:POST, URL:/boards, STATUS:200, TIME:291.270 ms, RES:195\n","level":"info"}
{"message":"Wed, 04 Nov 2020 13:00:03 GMT, METHOD:GET, URL:/users, STATUS:200, TIME:459.081 ms, RES:5609\n","level":"info"}
{"message":"Wed, 04 Nov 2020 13:00:03 GMT, METHOD:POST, URL:/boards/5fa2a5d3df7eb228fc234b29/tasks, STATUS:200, TIME:249.002 ms, RES:162\n","level":"info"}
{"message":"Wed, 04 Nov 2020 13:00:03 GMT, METHOD:GET, URL:/boards/5fa2a5d3df7eb228fc234b29/tasks, STATUS:200, TIME:236.268 ms, RES:164\n","level":"info"}
{"message":"Wed, 04 Nov 2020 13:00:03 GMT, METHOD:GET, URL:/boards, STATUS:200, TIME:552.726 ms, RES:24525\n","level":"info"}
{"message":"Wed, 04 Nov 2020 13:00:03 GMT, METHOD:POST, URL:/users, STATUS:200, TIME:406.372 ms, RES:72\n","level":"info"}
{"message":"Wed, 04 Nov 2020 13:00:03 GMT, METHOD:GET, URL:/boards/5fa2a5d3df7eb228fc234b29/tasks, STATUS:200, TIME:238.621 ms, RES:164\n","level":"info"}
{"message":"Wed, 04 Nov 2020 13:00:04 GMT, METHOD:GET, URL:/users/5fa2a5d3df7eb228fc234b30, STATUS:200, TIME:241.605 ms, RES:72\n","level":"info"}
{"message":"Wed, 04 Nov 2020 13:00:04 GMT, METHOD:GET, URL:/boards, STATUS:200, TIME:441.146 ms, RES:24525\n","level":"info"}
{"message":"Wed, 04 Nov 2020 13:00:04 GMT, METHOD:GET, URL:/boards/5fa2a5d3df7eb228fc234b29/tasks/5fa2a5d3df7eb228fc234b2f, STATUS:200, TIME:299.163 ms, RES:162\n","level":"info"}
{"message":"Wed, 04 Nov 2020 13:00:04 GMT, METHOD:DELETE, URL:/users/5fa2a5d3df7eb228fc234b30, STATUS:200, TIME:368.100 ms, RES:2\n","level":"info"}
{"message":"Wed, 04 Nov 2020 13:00:04 GMT, METHOD:GET, URL:/boards/5fa146f392993c36a4993e74, STATUS:200, TIME:245.991 ms, RES:195\n","level":"info"}
{"message":"Wed, 04 Nov 2020 13:00:04 GMT, METHOD:POST, URL:/boards/5fa2a5d3df7eb228fc234b29/tasks, STATUS:200, TIME:259.851 ms, RES:162\n","level":"info"}
{"message":"Wed, 04 Nov 2020 13:00:04 GMT, METHOD:POST, URL:/boards, STATUS:200, TIME:254.967 ms, RES:195\n","level":"info"}
{"message":"Wed, 04 Nov 2020 13:00:04 GMT, METHOD:DELETE, URL:/boards/5fa2a5d3df7eb228fc234b29/tasks/5fa2a5d4df7eb228fc234b32, STATUS:200, TIME:261.411 ms, RES:163\n","level":"info"}
{"message":"Wed, 04 Nov 2020 13:00:04 GMT, METHOD:POST, URL:/users, STATUS:200, TIME:394.550 ms, RES:72\n","level":"info"}
{"message":"Wed, 04 Nov 2020 13:00:05 GMT, METHOD:POST, URL:/boards/5fa2a5d3df7eb228fc234b29/tasks, STATUS:200, TIME:255.238 ms, RES:162\n","level":"info"}
{"message":"Wed, 04 Nov 2020 13:00:05 GMT, METHOD:DELETE, URL:/boards/5fa2a5d4df7eb228fc234b34, STATUS:200, TIME:371.416 ms, RES:2\n","level":"info"}
{"message":"Wed, 04 Nov 2020 13:00:05 GMT, METHOD:DELETE, URL:/users/5fa2a5d4df7eb228fc234b33, STATUS:200, TIME:354.502 ms, RES:2\n","level":"info"}
{"message":"Wed, 04 Nov 2020 13:00:05 GMT, METHOD:POST, URL:/boards, STATUS:200, TIME:261.948 ms, RES:195\n","level":"info"}
{"message":"Wed, 04 Nov 2020 13:00:05 GMT, METHOD:PUT, URL:/boards/5fa2a5d3df7eb228fc234b29/tasks/5fa2a5d4df7eb228fc234b38, STATUS:200, TIME:371.625 ms, RES:170\n","level":"info"}
{"message":"Wed, 04 Nov 2020 13:00:05 GMT, METHOD:POST, URL:/users, STATUS:200, TIME:411.632 ms, RES:72\n","level":"info"}
{"message":"Wed, 04 Nov 2020 13:00:05 GMT, METHOD:GET, URL:/boards/5fa2a5d3df7eb228fc234b29/tasks/5fa2a5d4df7eb228fc234b38, STATUS:200, TIME:241.226 ms, RES:170\n","level":"info"}
{"message":"Wed, 04 Nov 2020 13:00:05 GMT, METHOD:PUT, URL:/boards/5fa2a5d5df7eb228fc234b39, STATUS:200, TIME:263.885 ms, RES:2\n","level":"info"}
{"message":"Wed, 04 Nov 2020 13:00:05 GMT, METHOD:GET, URL:/boards/5fa2a5d3df7eb228fc234b29/tasks/5fa2a5d3df7eb228fc234b2f, STATUS:200, TIME:246.067 ms, RES:162\n","level":"info"}
{"message":"Wed, 04 Nov 2020 13:00:05 GMT, METHOD:GET, URL:/boards/5fa2a5d5df7eb228fc234b39, STATUS:200, TIME:256.005 ms, RES:203\n","level":"info"}
{"message":"Wed, 04 Nov 2020 13:00:06 GMT, METHOD:PUT, URL:/users/5fa2a5d5df7eb228fc234b3c, STATUS:200, TIME:427.117 ms, RES:89\n","level":"info"}
{"message":"Wed, 04 Nov 2020 13:00:06 GMT, METHOD:DELETE, URL:/boards/5fa2a5d3df7eb228fc234b29/tasks/5fa2a5d3df7eb228fc234b2f, STATUS:200, TIME:244.443 ms, RES:163\n","level":"info"}
{"message":"Wed, 04 Nov 2020 13:00:06 GMT, METHOD:GET, URL:/users/5fa2a5d5df7eb228fc234b3c, STATUS:200, TIME:247.083 ms, RES:89\n","level":"info"}
{"message":"Wed, 04 Nov 2020 13:00:06 GMT, METHOD:DELETE, URL:/boards/5fa2a5d5df7eb228fc234b39, STATUS:200, TIME:362.379 ms, RES:2\n","level":"info"}
{"message":"Wed, 04 Nov 2020 13:00:06 GMT, METHOD:GET, URL:/boards/5fa2a5d3df7eb228fc234b29/tasks/5fa2a5d3df7eb228fc234b2f, STATUS:404, TIME:237.271 ms, RES:100\n","level":"info"}
{"message":"Wed, 04 Nov 2020 13:00:06 GMT, METHOD:POST, URL:/boards, STATUS:200, TIME:243.890 ms, RES:195\n","level":"info"}
{"message":"Wed, 04 Nov 2020 13:00:06 GMT, METHOD:DELETE, URL:/users/5fa2a5d5df7eb228fc234b3c, STATUS:200, TIME:362.188 ms, RES:2\n","level":"info"}
{"message":"Wed, 04 Nov 2020 13:00:06 GMT, METHOD:DELETE, URL:/boards/5fa2a5d3df7eb228fc234b29, STATUS:200, TIME:356.595 ms, RES:2\n","level":"info"}
{"message":"Wed, 04 Nov 2020 13:00:06 GMT, METHOD:DELETE, URL:/boards/5fa2a5d6df7eb228fc234b40, STATUS:200, TIME:350.399 ms, RES:2\n","level":"info"}
{"message":"Wed, 04 Nov 2020 13:00:07 GMT, METHOD:POST, URL:/users, STATUS:200, TIME:378.650 ms, RES:72\n","level":"info"}
{"message":"Wed, 04 Nov 2020 13:00:07 GMT, METHOD:GET, URL:/boards/12345/tasks, STATUS:401, TIME:0.440 ms, RES:31\n","level":"info"}
{"message":"Wed, 04 Nov 2020 13:00:07 GMT, METHOD:GET, URL:/boards/12345/tasks/12345, STATUS:401, TIME:0.315 ms, RES:31\n","level":"info"}
{"message":"Wed, 04 Nov 2020 13:00:07 GMT, METHOD:POST, URL:/boards/12345/tasks, STATUS:401, TIME:0.352 ms, RES:31\n","level":"info"}
{"message":"Wed, 04 Nov 2020 13:00:07 GMT, METHOD:PUT, URL:/boards/12345/tasks/12345, STATUS:401, TIME:0.290 ms, RES:31\n","level":"info"}
{"message":"Wed, 04 Nov 2020 13:00:07 GMT, METHOD:DELETE, URL:/boards/12345/tasks/12345, STATUS:401, TIME:0.326 ms, RES:31\n","level":"info"}
{"message":"Wed, 04 Nov 2020 13:00:07 GMT, METHOD:GET, URL:/boards/5fa2a5d6df7eb228fc234b40, STATUS:404, TIME:241.151 ms, RES:53\n","level":"info"}
{"message":"Wed, 04 Nov 2020 13:00:07 GMT, METHOD:DELETE, URL:/users/5fa2a5d6df7eb228fc234b43, STATUS:200, TIME:356.197 ms, RES:2\n","level":"info"}
{"message":"Wed, 04 Nov 2020 13:00:07 GMT, METHOD:POST, URL:/boards, STATUS:200, TIME:239.189 ms, RES:195\n","level":"info"}
{"message":"Wed, 04 Nov 2020 13:00:07 GMT, METHOD:GET, URL:/boards, STATUS:401, TIME:0.476 ms, RES:31\n","level":"info"}
{"message":"Wed, 04 Nov 2020 13:00:07 GMT, METHOD:GET, URL:/boards/12345, STATUS:401, TIME:0.298 ms, RES:31\n","level":"info"}
{"message":"Wed, 04 Nov 2020 13:00:07 GMT, METHOD:POST, URL:/boards, STATUS:401, TIME:0.479 ms, RES:31\n","level":"info"}
{"message":"Wed, 04 Nov 2020 13:00:07 GMT, METHOD:PUT, URL:/boards/12345, STATUS:401, TIME:0.284 ms, RES:31\n","level":"info"}
{"message":"Wed, 04 Nov 2020 13:00:07 GMT, METHOD:DELETE, URL:/boards/12345, STATUS:401, TIME:1.863 ms, RES:31\n","level":"info"}
{"message":"Wed, 04 Nov 2020 13:00:07 GMT, METHOD:POST, URL:/boards/5fa2a5d7df7eb228fc234b45/tasks, STATUS:200, TIME:244.013 ms, RES:156\n","level":"info"}
{"message":"Wed, 04 Nov 2020 13:00:07 GMT, METHOD:POST, URL:/boards/5fa2a5d7df7eb228fc234b45/tasks, STATUS:200, TIME:265.787 ms, RES:156\n","level":"info"}
{"message":"Wed, 04 Nov 2020 13:00:07 GMT, METHOD:POST, URL:/boards/5fa2a5d7df7eb228fc234b45/tasks, STATUS:200, TIME:262.753 ms, RES:156\n","level":"info"}
{"message":"Wed, 04 Nov 2020 13:00:07 GMT, METHOD:POST, URL:/boards/5fa2a5d7df7eb228fc234b45/tasks, STATUS:200, TIME:281.184 ms, RES:156\n","level":"info"}
{"message":"Wed, 04 Nov 2020 13:00:07 GMT, METHOD:POST, URL:/boards/5fa2a5d7df7eb228fc234b45/tasks, STATUS:200, TIME:295.714 ms, RES:156\n","level":"info"}
{"message":"Wed, 04 Nov 2020 13:00:07 GMT, METHOD:POST, URL:/users, STATUS:200, TIME:394.481 ms, RES:72\n","level":"info"}
{"message":"Wed, 04 Nov 2020 13:00:07 GMT, METHOD:GET, URL:/users, STATUS:401, TIME:0.314 ms, RES:31\n","level":"info"}
{"message":"Wed, 04 Nov 2020 13:00:07 GMT, METHOD:GET, URL:/users/123, STATUS:401, TIME:0.323 ms, RES:31\n","level":"info"}
{"message":"Wed, 04 Nov 2020 13:00:07 GMT, METHOD:POST, URL:/users, STATUS:401, TIME:0.264 ms, RES:31\n","level":"info"}
{"message":"Wed, 04 Nov 2020 13:00:07 GMT, METHOD:PUT, URL:/users/12345, STATUS:401, TIME:0.347 ms, RES:31\n","level":"info"}
{"message":"Wed, 04 Nov 2020 13:00:07 GMT, METHOD:DELETE, URL:/users/12345, STATUS:401, TIME:0.328 ms, RES:31\n","level":"info"}
{"message":"Wed, 04 Nov 2020 13:00:07 GMT, METHOD:GET, URL:/boards/5fa2a5d7df7eb228fc234b45/tasks/5fa2a5d7df7eb228fc234b4b, STATUS:200, TIME:240.460 ms, RES:156\n","level":"info"}
{"message":"Wed, 04 Nov 2020 13:00:08 GMT, METHOD:GET, URL:/boards/5fa2a5d7df7eb228fc234b45/tasks/5fa2a5d7df7eb228fc234b4c, STATUS:200, TIME:250.334 ms, RES:156\n","level":"info"}
{"message":"Wed, 04 Nov 2020 13:00:08 GMT, METHOD:GET, URL:/boards/5fa2a5d7df7eb228fc234b45/tasks/5fa2a5d7df7eb228fc234b4a, STATUS:200, TIME:268.390 ms, RES:156\n","level":"info"}
{"message":"Wed, 04 Nov 2020 13:00:08 GMT, METHOD:GET, URL:/boards/5fa2a5d7df7eb228fc234b45/tasks/5fa2a5d7df7eb228fc234b49, STATUS:200, TIME:289.107 ms, RES:156\n","level":"info"}
{"message":"Wed, 04 Nov 2020 13:00:08 GMT, METHOD:GET, URL:/boards/5fa2a5d7df7eb228fc234b45/tasks/5fa2a5d7df7eb228fc234b4d, STATUS:200, TIME:296.361 ms, RES:156\n","level":"info"}
{"message":"Wed, 04 Nov 2020 13:00:08 GMT, METHOD:POST, URL:/boards, STATUS:200, TIME:287.261 ms, RES:195\n","level":"info"}
{"message":"Wed, 04 Nov 2020 13:00:08 GMT, METHOD:POST, URL:/boards/5fa2a5d7df7eb228fc234b4f/tasks, STATUS:200, TIME:245.958 ms, RES:162\n","level":"info"}
{"message":"Wed, 04 Nov 2020 13:00:08 GMT, METHOD:POST, URL:/boards/5fa2a5d7df7eb228fc234b4f/tasks, STATUS:200, TIME:256.498 ms, RES:162\n","level":"info"}
{"message":"Wed, 04 Nov 2020 13:00:08 GMT, METHOD:DELETE, URL:/boards/5fa2a5d7df7eb228fc234b45, STATUS:200, TIME:351.058 ms, RES:2\n","level":"info"}
{"message":"Wed, 04 Nov 2020 13:00:08 GMT, METHOD:GET, URL:/boards/5fa2a5d7df7eb228fc234b45/tasks/5fa2a5d7df7eb228fc234b4a, STATUS:404, TIME:242.010 ms, RES:100\n","level":"info"}
{"message":"Wed, 04 Nov 2020 13:00:08 GMT, METHOD:GET, URL:/boards/5fa2a5d7df7eb228fc234b45/tasks/5fa2a5d7df7eb228fc234b4d, STATUS:404, TIME:249.836 ms, RES:100\n","level":"info"}
{"message":"Wed, 04 Nov 2020 13:00:08 GMT, METHOD:GET, URL:/boards/5fa2a5d7df7eb228fc234b45/tasks/5fa2a5d7df7eb228fc234b4c, STATUS:404, TIME:273.851 ms, RES:100\n","level":"info"}
{"message":"Wed, 04 Nov 2020 13:00:08 GMT, METHOD:GET, URL:/boards/5fa2a5d7df7eb228fc234b45/tasks/5fa2a5d7df7eb228fc234b4b, STATUS:404, TIME:282.755 ms, RES:100\n","level":"info"}
{"message":"Wed, 04 Nov 2020 13:00:08 GMT, METHOD:GET, URL:/boards/5fa2a5d7df7eb228fc234b45/tasks/5fa2a5d7df7eb228fc234b49, STATUS:404, TIME:304.768 ms, RES:100\n","level":"info"}
{"message":"Wed, 04 Nov 2020 13:00:08 GMT, METHOD:DELETE, URL:/users/5fa2a5d7df7eb228fc234b48, STATUS:200, TIME:391.024 ms, RES:2\n","level":"info"}
{"message":"Wed, 04 Nov 2020 13:00:08 GMT, METHOD:GET, URL:/boards/5fa2a5d7df7eb228fc234b4f/tasks/5fa2a5d8df7eb228fc234b53, STATUS:200, TIME:234.927 ms, RES:140\n","level":"info"}
{"message":"Wed, 04 Nov 2020 13:00:09 GMT, METHOD:DELETE, URL:/boards/5fa2a5d3df7eb228fc234b2c, STATUS:200, TIME:384.837 ms, RES:2\n","level":"info"}
{"message":"Wed, 04 Nov 2020 13:00:09 GMT, METHOD:GET, URL:/boards/5fa2a5d7df7eb228fc234b4f/tasks/5fa2a5d8df7eb228fc234b52, STATUS:200, TIME:243.519 ms, RES:140\n","level":"info"}
{"message":"Wed, 04 Nov 2020 13:00:09 GMT, METHOD:DELETE, URL:/boards/5fa2a5d7df7eb228fc234b4f/tasks/5fa2a5d8df7eb228fc234b52, STATUS:200, TIME:240.351 ms, RES:141\n","level":"info"}
{"message":"Wed, 04 Nov 2020 13:00:09 GMT, METHOD:DELETE, URL:/boards/5fa2a5d7df7eb228fc234b4f/tasks/5fa2a5d8df7eb228fc234b53, STATUS:200, TIME:261.600 ms, RES:141\n","level":"info"}
{"message":"Wed, 04 Nov 2020 13:00:09 GMT, METHOD:DELETE, URL:/boards/5fa2a5d7df7eb228fc234b4f, STATUS:200, TIME:353.332 ms, RES:2\n","level":"info"}
{"message":"Wed, 04 Nov 2020 13:00:19 GMT, METHOD:POST, URL:/login, STATUS:200, TIME:335.804 ms, RES:13579\n","level":"info"}
{"message":"Wed, 04 Nov 2020 13:00:19 GMT, METHOD:POST, URL:/login, STATUS:200, TIME:342.837 ms, RES:13579\n","level":"info"}
{"message":"Wed, 04 Nov 2020 13:00:20 GMT, METHOD:POST, URL:/login, STATUS:200, TIME:332.098 ms, RES:13579\n","level":"info"}
{"message":"Wed, 04 Nov 2020 13:00:20 GMT, METHOD:POST, URL:/boards, STATUS:200, TIME:251.802 ms, RES:195\n","level":"info"}
{"message":"Wed, 04 Nov 2020 13:00:20 GMT, METHOD:POST, URL:/boards, STATUS:200, TIME:243.525 ms, RES:195\n","level":"info"}
{"message":"Wed, 04 Nov 2020 13:00:20 GMT, METHOD:GET, URL:/users, STATUS:200, TIME:452.703 ms, RES:5609\n","level":"info"}
{"message":"Wed, 04 Nov 2020 13:00:20 GMT, METHOD:POST, URL:/boards/5fa2a5e4df7eb228fc234b5a/tasks, STATUS:200, TIME:297.667 ms, RES:162\n","level":"info"}
{"message":"Wed, 04 Nov 2020 13:00:20 GMT, METHOD:GET, URL:/boards, STATUS:200, TIME:541.828 ms, RES:24525\n","level":"info"}
{"message":"Wed, 04 Nov 2020 13:00:20 GMT, METHOD:GET, URL:/boards/5fa2a5e4df7eb228fc234b5a/tasks, STATUS:200, TIME:246.966 ms, RES:164\n","level":"info"}
{"message":"Wed, 04 Nov 2020 13:00:20 GMT, METHOD:POST, URL:/users, STATUS:200, TIME:388.867 ms, RES:72\n","level":"info"}
{"message":"Wed, 04 Nov 2020 13:00:21 GMT, METHOD:GET, URL:/boards/5fa2a5e4df7eb228fc234b5a/tasks, STATUS:200, TIME:251.418 ms, RES:164\n","level":"info"}
{"message":"Wed, 04 Nov 2020 13:00:21 GMT, METHOD:GET, URL:/users/5fa2a5e4df7eb228fc234b5e, STATUS:200, TIME:239.423 ms, RES:72\n","level":"info"}
{"message":"Wed, 04 Nov 2020 13:00:21 GMT, METHOD:GET, URL:/boards, STATUS:200, TIME:514.890 ms, RES:24525\n","level":"info"}
{"message":"Wed, 04 Nov 2020 13:00:21 GMT, METHOD:GET, URL:/boards/5fa2a5e4df7eb228fc234b5a/tasks/5fa2a5e4df7eb228fc234b5d, STATUS:200, TIME:250.584 ms, RES:162\n","level":"info"}
{"message":"Wed, 04 Nov 2020 13:00:21 GMT, METHOD:DELETE, URL:/users/5fa2a5e4df7eb228fc234b5e, STATUS:200, TIME:382.268 ms, RES:2\n","level":"info"}
{"message":"Wed, 04 Nov 2020 13:00:21 GMT, METHOD:GET, URL:/boards/5fa146f392993c36a4993e74, STATUS:200, TIME:244.372 ms, RES:195\n","level":"info"}
{"message":"Wed, 04 Nov 2020 13:00:21 GMT, METHOD:POST, URL:/boards/5fa2a5e4df7eb228fc234b5a/tasks, STATUS:200, TIME:254.541 ms, RES:162\n","level":"info"}
{"message":"Wed, 04 Nov 2020 13:00:21 GMT, METHOD:POST, URL:/boards, STATUS:200, TIME:247.263 ms, RES:195\n","level":"info"}
{"message":"Wed, 04 Nov 2020 13:00:21 GMT, METHOD:DELETE, URL:/boards/5fa2a5e4df7eb228fc234b5a/tasks/5fa2a5e5df7eb228fc234b60, STATUS:200, TIME:247.743 ms, RES:163\n","level":"info"}
{"message":"Wed, 04 Nov 2020 13:00:21 GMT, METHOD:POST, URL:/users, STATUS:200, TIME:416.805 ms, RES:72\n","level":"info"}
{"message":"Wed, 04 Nov 2020 13:00:22 GMT, METHOD:POST, URL:/boards/5fa2a5e4df7eb228fc234b5a/tasks, STATUS:200, TIME:256.971 ms, RES:162\n","level":"info"}
{"message":"Wed, 04 Nov 2020 13:00:22 GMT, METHOD:DELETE, URL:/boards/5fa2a5e5df7eb228fc234b62, STATUS:200, TIME:350.335 ms, RES:2\n","level":"info"}
{"message":"Wed, 04 Nov 2020 13:00:22 GMT, METHOD:DELETE, URL:/users/5fa2a5e5df7eb228fc234b61, STATUS:200, TIME:351.004 ms, RES:2\n","level":"info"}
{"message":"Wed, 04 Nov 2020 13:00:22 GMT, METHOD:POST, URL:/boards, STATUS:200, TIME:250.535 ms, RES:195\n","level":"info"}
{"message":"Wed, 04 Nov 2020 13:00:22 GMT, METHOD:PUT, URL:/boards/5fa2a5e4df7eb228fc234b5a/tasks/5fa2a5e6df7eb228fc234b66, STATUS:200, TIME:363.189 ms, RES:170\n","level":"info"}
{"message":"Wed, 04 Nov 2020 13:00:22 GMT, METHOD:PUT, URL:/boards/5fa2a5e6df7eb228fc234b67, STATUS:200, TIME:246.683 ms, RES:2\n","level":"info"}
{"message":"Wed, 04 Nov 2020 13:00:22 GMT, METHOD:POST, URL:/users, STATUS:200, TIME:424.547 ms, RES:72\n","level":"info"}
{"message":"Wed, 04 Nov 2020 13:00:22 GMT, METHOD:GET, URL:/boards/5fa2a5e4df7eb228fc234b5a/tasks/5fa2a5e6df7eb228fc234b66, STATUS:200, TIME:241.165 ms, RES:170\n","level":"info"}
{"message":"Wed, 04 Nov 2020 13:00:22 GMT, METHOD:GET, URL:/boards/5fa2a5e6df7eb228fc234b67, STATUS:200, TIME:261.888 ms, RES:203\n","level":"info"}
{"message":"Wed, 04 Nov 2020 13:00:23 GMT, METHOD:GET, URL:/boards/5fa2a5e4df7eb228fc234b5a/tasks/5fa2a5e4df7eb228fc234b5d, STATUS:200, TIME:248.719 ms, RES:162\n","level":"info"}
{"message":"Wed, 04 Nov 2020 13:00:23 GMT, METHOD:PUT, URL:/users/5fa2a5e6df7eb228fc234b6a, STATUS:200, TIME:404.555 ms, RES:89\n","level":"info"}
{"message":"Wed, 04 Nov 2020 13:00:23 GMT, METHOD:DELETE, URL:/boards/5fa2a5e4df7eb228fc234b5a/tasks/5fa2a5e4df7eb228fc234b5d, STATUS:200, TIME:260.335 ms, RES:163\n","level":"info"}
{"message":"Wed, 04 Nov 2020 13:00:23 GMT, METHOD:DELETE, URL:/boards/5fa2a5e6df7eb228fc234b67, STATUS:200, TIME:352.663 ms, RES:2\n","level":"info"}
{"message":"Wed, 04 Nov 2020 13:00:23 GMT, METHOD:GET, URL:/users/5fa2a5e6df7eb228fc234b6a, STATUS:200, TIME:253.718 ms, RES:89\n","level":"info"}
{"message":"Wed, 04 Nov 2020 13:00:23 GMT, METHOD:GET, URL:/boards/5fa2a5e4df7eb228fc234b5a/tasks/5fa2a5e4df7eb228fc234b5d, STATUS:404, TIME:237.099 ms, RES:100\n","level":"info"}
{"message":"Wed, 04 Nov 2020 13:00:23 GMT, METHOD:POST, URL:/boards, STATUS:200, TIME:243.269 ms, RES:195\n","level":"info"}
{"message":"Wed, 04 Nov 2020 13:00:23 GMT, METHOD:DELETE, URL:/users/5fa2a5e6df7eb228fc234b6a, STATUS:200, TIME:350.270 ms, RES:2\n","level":"info"}
{"message":"Wed, 04 Nov 2020 13:00:23 GMT, METHOD:DELETE, URL:/boards/5fa2a5e4df7eb228fc234b5a, STATUS:200, TIME:363.504 ms, RES:2\n","level":"info"}
{"message":"Wed, 04 Nov 2020 13:00:23 GMT, METHOD:DELETE, URL:/boards/5fa2a5e7df7eb228fc234b6e, STATUS:200, TIME:346.115 ms, RES:2\n","level":"info"}
{"message":"Wed, 04 Nov 2020 13:00:24 GMT, METHOD:GET, URL:/boards/5fa2a5e7df7eb228fc234b6e, STATUS:404, TIME:239.223 ms, RES:53\n","level":"info"}
{"message":"Wed, 04 Nov 2020 13:00:24 GMT, METHOD:POST, URL:/users, STATUS:200, TIME:437.484 ms, RES:72\n","level":"info"}
{"message":"Wed, 04 Nov 2020 13:00:24 GMT, METHOD:GET, URL:/users, STATUS:401, TIME:0.307 ms, RES:31\n","level":"info"}
{"message":"Wed, 04 Nov 2020 13:00:24 GMT, METHOD:GET, URL:/users/123, STATUS:401, TIME:0.314 ms, RES:31\n","level":"info"}
{"message":"Wed, 04 Nov 2020 13:00:24 GMT, METHOD:POST, URL:/users, STATUS:401, TIME:0.351 ms, RES:31\n","level":"info"}
{"message":"Wed, 04 Nov 2020 13:00:24 GMT, METHOD:PUT, URL:/users/12345, STATUS:401, TIME:0.304 ms, RES:31\n","level":"info"}
{"message":"Wed, 04 Nov 2020 13:00:24 GMT, METHOD:DELETE, URL:/users/12345, STATUS:401, TIME:0.331 ms, RES:31\n","level":"info"}
{"message":"Wed, 04 Nov 2020 13:00:24 GMT, METHOD:POST, URL:/boards, STATUS:200, TIME:242.062 ms, RES:195\n","level":"info"}
{"message":"Wed, 04 Nov 2020 13:00:24 GMT, METHOD:DELETE, URL:/users/5fa2a5e7df7eb228fc234b71, STATUS:200, TIME:432.270 ms, RES:2\n","level":"info"}
{"message":"Wed, 04 Nov 2020 13:00:24 GMT, METHOD:GET, URL:/boards, STATUS:401, TIME:0.417 ms, RES:31\n","level":"info"}
{"message":"Wed, 04 Nov 2020 13:00:24 GMT, METHOD:POST, URL:/boards/5fa2a5e8df7eb228fc234b73/tasks, STATUS:200, TIME:237.222 ms, RES:156\n","level":"info"}
{"message":"Wed, 04 Nov 2020 13:00:24 GMT, METHOD:GET, URL:/boards/12345, STATUS:401, TIME:0.275 ms, RES:31\n","level":"info"}
{"message":"Wed, 04 Nov 2020 13:00:24 GMT, METHOD:POST, URL:/boards, STATUS:401, TIME:0.267 ms, RES:31\n","level":"info"}
{"message":"Wed, 04 Nov 2020 13:00:24 GMT, METHOD:PUT, URL:/boards/12345, STATUS:401, TIME:0.460 ms, RES:31\n","level":"info"}
{"message":"Wed, 04 Nov 2020 13:00:24 GMT, METHOD:DELETE, URL:/boards/12345, STATUS:401, TIME:0.526 ms, RES:31\n","level":"info"}
{"message":"Wed, 04 Nov 2020 13:00:24 GMT, METHOD:POST, URL:/boards/5fa2a5e8df7eb228fc234b73/tasks, STATUS:200, TIME:253.934 ms, RES:156\n","level":"info"}
{"message":"Wed, 04 Nov 2020 13:00:24 GMT, METHOD:POST, URL:/boards/5fa2a5e8df7eb228fc234b73/tasks, STATUS:200, TIME:262.026 ms, RES:156\n","level":"info"}
{"message":"Wed, 04 Nov 2020 13:00:24 GMT, METHOD:POST, URL:/boards/5fa2a5e8df7eb228fc234b73/tasks, STATUS:200, TIME:292.887 ms, RES:156\n","level":"info"}
{"message":"Wed, 04 Nov 2020 13:00:24 GMT, METHOD:POST, URL:/boards/5fa2a5e8df7eb228fc234b73/tasks, STATUS:200, TIME:316.707 ms, RES:156\n","level":"info"}
{"message":"Wed, 04 Nov 2020 13:00:25 GMT, METHOD:GET, URL:/boards/12345/tasks, STATUS:401, TIME:0.342 ms, RES:31\n","level":"info"}
{"message":"Wed, 04 Nov 2020 13:00:25 GMT, METHOD:GET, URL:/boards/5fa2a5e8df7eb228fc234b73/tasks/5fa2a5e8df7eb228fc234b76, STATUS:200, TIME:240.459 ms, RES:156\n","level":"info"}
{"message":"Wed, 04 Nov 2020 13:00:25 GMT, METHOD:GET, URL:/boards/12345/tasks/12345, STATUS:401, TIME:0.327 ms, RES:31\n","level":"info"}
{"message":"Wed, 04 Nov 2020 13:00:25 GMT, METHOD:POST, URL:/boards/12345/tasks, STATUS:401, TIME:0.468 ms, RES:31\n","level":"info"}
{"message":"Wed, 04 Nov 2020 13:00:25 GMT, METHOD:PUT, URL:/boards/12345/tasks/12345, STATUS:401, TIME:0.323 ms, RES:31\n","level":"info"}
{"message":"Wed, 04 Nov 2020 13:00:25 GMT, METHOD:GET, URL:/boards/5fa2a5e8df7eb228fc234b73/tasks/5fa2a5e8df7eb228fc234b79, STATUS:200, TIME:251.428 ms, RES:156\n","level":"info"}
{"message":"Wed, 04 Nov 2020 13:00:25 GMT, METHOD:DELETE, URL:/boards/12345/tasks/12345, STATUS:401, TIME:0.331 ms, RES:31\n","level":"info"}
{"message":"Wed, 04 Nov 2020 13:00:25 GMT, METHOD:GET, URL:/boards/5fa2a5e8df7eb228fc234b73/tasks/5fa2a5e8df7eb228fc234b77, STATUS:200, TIME:265.931 ms, RES:156\n","level":"info"}
{"message":"Wed, 04 Nov 2020 13:00:25 GMT, METHOD:GET, URL:/boards/5fa2a5e8df7eb228fc234b73/tasks/5fa2a5e8df7eb228fc234b78, STATUS:200, TIME:285.190 ms, RES:156\n","level":"info"}
{"message":"Wed, 04 Nov 2020 13:00:25 GMT, METHOD:GET, URL:/boards/5fa2a5e8df7eb228fc234b73/tasks/5fa2a5e8df7eb228fc234b7a, STATUS:200, TIME:300.418 ms, RES:156\n","level":"info"}
{"message":"Wed, 04 Nov 2020 13:00:25 GMT, METHOD:POST, URL:/users, STATUS:200, TIME:449.939 ms, RES:72\n","level":"info"}
{"message":"Wed, 04 Nov 2020 13:00:25 GMT, METHOD:POST, URL:/boards, STATUS:200, TIME:254.305 ms, RES:195\n","level":"info"}
{"message":"Wed, 04 Nov 2020 13:00:25 GMT, METHOD:DELETE, URL:/boards/5fa2a5e8df7eb228fc234b73, STATUS:200, TIME:359.174 ms, RES:2\n","level":"info"}
{"message":"Wed, 04 Nov 2020 13:00:25 GMT, METHOD:POST, URL:/boards/5fa2a5e9df7eb228fc234b7d/tasks, STATUS:200, TIME:302.392 ms, RES:162\n","level":"info"}
{"message":"Wed, 04 Nov 2020 13:00:25 GMT, METHOD:POST, URL:/boards/5fa2a5e9df7eb228fc234b7d/tasks, STATUS:200, TIME:365.038 ms, RES:162\n","level":"info"}
{"message":"Wed, 04 Nov 2020 13:00:25 GMT, METHOD:GET, URL:/boards/5fa2a5e8df7eb228fc234b73/tasks/5fa2a5e8df7eb228fc234b76, STATUS:404, TIME:276.571 ms, RES:100\n","level":"info"}
{"message":"Wed, 04 Nov 2020 13:00:25 GMT, METHOD:GET, URL:/boards/5fa2a5e8df7eb228fc234b73/tasks/5fa2a5e8df7eb228fc234b77, STATUS:404, TIME:281.193 ms, RES:100\n","level":"info"}
{"message":"Wed, 04 Nov 2020 13:00:25 GMT, METHOD:GET, URL:/boards/5fa2a5e8df7eb228fc234b73/tasks/5fa2a5e8df7eb228fc234b79, STATUS:404, TIME:284.088 ms, RES:100\n","level":"info"}
{"message":"Wed, 04 Nov 2020 13:00:25 GMT, METHOD:GET, URL:/boards/5fa2a5e8df7eb228fc234b73/tasks/5fa2a5e8df7eb228fc234b78, STATUS:404, TIME:290.536 ms, RES:100\n","level":"info"}
{"message":"Wed, 04 Nov 2020 13:00:25 GMT, METHOD:GET, URL:/boards/5fa2a5e8df7eb228fc234b73/tasks/5fa2a5e8df7eb228fc234b7a, STATUS:404, TIME:292.648 ms, RES:100\n","level":"info"}
{"message":"Wed, 04 Nov 2020 13:00:26 GMT, METHOD:DELETE, URL:/users/5fa2a5e8df7eb228fc234b7b, STATUS:200, TIME:365.228 ms, RES:2\n","level":"info"}
{"message":"Wed, 04 Nov 2020 13:00:26 GMT, METHOD:DELETE, URL:/boards/5fa2a5e4df7eb228fc234b57, STATUS:200, TIME:363.995 ms, RES:2\n","level":"info"}
{"message":"Wed, 04 Nov 2020 13:00:26 GMT, METHOD:GET, URL:/boards/5fa2a5e9df7eb228fc234b7d/tasks/5fa2a5e9df7eb228fc234b80, STATUS:200, TIME:241.916 ms, RES:140\n","level":"info"}
{"message":"Wed, 04 Nov 2020 13:00:26 GMT, METHOD:GET, URL:/boards/5fa2a5e9df7eb228fc234b7d/tasks/5fa2a5e9df7eb228fc234b81, STATUS:200, TIME:247.389 ms, RES:140\n","level":"info"}
{"message":"Wed, 04 Nov 2020 13:00:26 GMT, METHOD:DELETE, URL:/boards/5fa2a5e9df7eb228fc234b7d/tasks/5fa2a5e9df7eb228fc234b80, STATUS:200, TIME:240.208 ms, RES:141\n","level":"info"}
{"message":"Wed, 04 Nov 2020 13:00:26 GMT, METHOD:DELETE, URL:/boards/5fa2a5e9df7eb228fc234b7d/tasks/5fa2a5e9df7eb228fc234b81, STATUS:200, TIME:261.314 ms, RES:141\n","level":"info"}
{"message":"Wed, 04 Nov 2020 13:00:27 GMT, METHOD:DELETE, URL:/boards/5fa2a5e9df7eb228fc234b7d, STATUS:200, TIME:368.158 ms, RES:2\n","level":"info"}
{"message":"Wed, 04 Nov 2020 13:00:35 GMT, METHOD:POST, URL:/login, STATUS:200, TIME:318.379 ms, RES:13774\n","level":"info"}
{"message":"Wed, 04 Nov 2020 13:00:35 GMT, METHOD:POST, URL:/login, STATUS:200, TIME:305.159 ms, RES:13774\n","level":"info"}
{"message":"Wed, 04 Nov 2020 13:00:35 GMT, METHOD:POST, URL:/login, STATUS:200, TIME:304.767 ms, RES:13774\n","level":"info"}
{"message":"Wed, 04 Nov 2020 13:00:35 GMT, METHOD:POST, URL:/boards, STATUS:200, TIME:256.692 ms, RES:195\n","level":"info"}
{"message":"Wed, 04 Nov 2020 13:00:35 GMT, METHOD:POST, URL:/boards, STATUS:200, TIME:263.651 ms, RES:195\n","level":"info"}
{"message":"Wed, 04 Nov 2020 13:00:35 GMT, METHOD:GET, URL:/users, STATUS:200, TIME:415.622 ms, RES:5609\n","level":"info"}
{"message":"Wed, 04 Nov 2020 13:00:35 GMT, METHOD:POST, URL:/boards/5fa2a5f3df7eb228fc234b88/tasks, STATUS:200, TIME:247.718 ms, RES:162\n","level":"info"}
{"message":"Wed, 04 Nov 2020 13:00:35 GMT, METHOD:GET, URL:/boards, STATUS:200, TIME:558.476 ms, RES:24525\n","level":"info"}
{"message":"Wed, 04 Nov 2020 13:00:35 GMT, METHOD:GET, URL:/boards/5fa2a5f3df7eb228fc234b88/tasks, STATUS:200, TIME:239.631 ms, RES:164\n","level":"info"}
{"message":"Wed, 04 Nov 2020 13:00:35 GMT, METHOD:POST, URL:/users, STATUS:200, TIME:405.557 ms, RES:72\n","level":"info"}
{"message":"Wed, 04 Nov 2020 13:00:36 GMT, METHOD:GET, URL:/users/5fa2a5f3df7eb228fc234b8c, STATUS:200, TIME:240.344 ms, RES:72\n","level":"info"}
{"message":"Wed, 04 Nov 2020 13:00:36 GMT, METHOD:GET, URL:/boards/5fa2a5f3df7eb228fc234b88/tasks, STATUS:200, TIME:244.243 ms, RES:164\n","level":"info"}
{"message":"Wed, 04 Nov 2020 13:00:36 GMT, METHOD:GET, URL:/boards/5fa2a5f3df7eb228fc234b88/tasks/5fa2a5f3df7eb228fc234b8b, STATUS:200, TIME:252.004 ms, RES:162\n","level":"info"}
{"message":"Wed, 04 Nov 2020 13:00:36 GMT, METHOD:GET, URL:/boards, STATUS:200, TIME:553.449 ms, RES:24525\n","level":"info"}
{"message":"Wed, 04 Nov 2020 13:00:36 GMT, METHOD:DELETE, URL:/users/5fa2a5f3df7eb228fc234b8c, STATUS:200, TIME:358.008 ms, RES:2\n","level":"info"}
{"message":"Wed, 04 Nov 2020 13:00:36 GMT, METHOD:POST, URL:/boards/5fa2a5f3df7eb228fc234b88/tasks, STATUS:200, TIME:249.717 ms, RES:162\n","level":"info"}
{"message":"Wed, 04 Nov 2020 13:00:36 GMT, METHOD:GET, URL:/boards/5fa146f392993c36a4993e74, STATUS:200, TIME:257.715 ms, RES:195\n","level":"info"}
{"message":"Wed, 04 Nov 2020 13:00:36 GMT, METHOD:POST, URL:/users, STATUS:200, TIME:418.537 ms, RES:72\n","level":"info"}
{"message":"Wed, 04 Nov 2020 13:00:36 GMT, METHOD:DELETE, URL:/boards/5fa2a5f3df7eb228fc234b88/tasks/5fa2a5f4df7eb228fc234b8e, STATUS:200, TIME:243.788 ms, RES:163\n","level":"info"}
{"message":"Wed, 04 Nov 2020 13:00:37 GMT, METHOD:POST, URL:/boards, STATUS:200, TIME:253.512 ms, RES:195\n","level":"info"}
{"message":"Wed, 04 Nov 2020 13:00:37 GMT, METHOD:POST, URL:/boards/5fa2a5f3df7eb228fc234b88/tasks, STATUS:200, TIME:251.414 ms, RES:162\n","level":"info"}
{"message":"Wed, 04 Nov 2020 13:00:37 GMT, METHOD:DELETE, URL:/users/5fa2a5f4df7eb228fc234b8f, STATUS:200, TIME:362.670 ms, RES:2\n","level":"info"}
{"message":"Wed, 04 Nov 2020 13:00:37 GMT, METHOD:DELETE, URL:/boards/5fa2a5f4df7eb228fc234b91, STATUS:200, TIME:371.002 ms, RES:2\n","level":"info"}
{"message":"Wed, 04 Nov 2020 13:00:37 GMT, METHOD:PUT, URL:/boards/5fa2a5f3df7eb228fc234b88/tasks/5fa2a5f5df7eb228fc234b94, STATUS:200, TIME:368.318 ms, RES:170\n","level":"info"}
{"message":"Wed, 04 Nov 2020 13:00:37 GMT, METHOD:POST, URL:/boards, STATUS:200, TIME:248.261 ms, RES:195\n","level":"info"}
{"message":"Wed, 04 Nov 2020 13:00:37 GMT, METHOD:POST, URL:/users, STATUS:200, TIME:412.500 ms, RES:72\n","level":"info"}
{"message":"Wed, 04 Nov 2020 13:00:37 GMT, METHOD:GET, URL:/boards/5fa2a5f3df7eb228fc234b88/tasks/5fa2a5f5df7eb228fc234b94, STATUS:200, TIME:251.459 ms, RES:170\n","level":"info"}
{"message":"Wed, 04 Nov 2020 13:00:37 GMT, METHOD:PUT, URL:/boards/5fa2a5f5df7eb228fc234b96, STATUS:200, TIME:257.868 ms, RES:2\n","level":"info"}
{"message":"Wed, 04 Nov 2020 13:00:38 GMT, METHOD:GET, URL:/boards/5fa2a5f3df7eb228fc234b88/tasks/5fa2a5f3df7eb228fc234b8b, STATUS:200, TIME:251.136 ms, RES:162\n","level":"info"}
{"message":"Wed, 04 Nov 2020 13:00:38 GMT, METHOD:GET, URL:/boards/5fa2a5f5df7eb228fc234b96, STATUS:200, TIME:243.769 ms, RES:203\n","level":"info"}
{"message":"Wed, 04 Nov 2020 13:00:38 GMT, METHOD:PUT, URL:/users/5fa2a5f5df7eb228fc234b95, STATUS:200, TIME:409.797 ms, RES:89\n","level":"info"}
{"message":"Wed, 04 Nov 2020 13:00:38 GMT, METHOD:DELETE, URL:/boards/5fa2a5f3df7eb228fc234b88/tasks/5fa2a5f3df7eb228fc234b8b, STATUS:200, TIME:241.975 ms, RES:163\n","level":"info"}
{"message":"Wed, 04 Nov 2020 13:00:38 GMT, METHOD:GET, URL:/users/5fa2a5f5df7eb228fc234b95, STATUS:200, TIME:239.449 ms, RES:89\n","level":"info"}
{"message":"Wed, 04 Nov 2020 13:00:38 GMT, METHOD:DELETE, URL:/boards/5fa2a5f5df7eb228fc234b96, STATUS:200, TIME:359.036 ms, RES:2\n","level":"info"}
{"message":"Wed, 04 Nov 2020 13:00:38 GMT, METHOD:GET, URL:/boards/5fa2a5f3df7eb228fc234b88/tasks/5fa2a5f3df7eb228fc234b8b, STATUS:404, TIME:241.478 ms, RES:100\n","level":"info"}
{"message":"Wed, 04 Nov 2020 13:00:38 GMT, METHOD:POST, URL:/boards, STATUS:200, TIME:250.771 ms, RES:195\n","level":"info"}
{"message":"Wed, 04 Nov 2020 13:00:38 GMT, METHOD:DELETE, URL:/users/5fa2a5f5df7eb228fc234b95, STATUS:200, TIME:364.172 ms, RES:2\n","level":"info"}
{"message":"Wed, 04 Nov 2020 13:00:39 GMT, METHOD:DELETE, URL:/boards/5fa2a5f3df7eb228fc234b88, STATUS:200, TIME:368.795 ms, RES:2\n","level":"info"}
{"message":"Wed, 04 Nov 2020 13:00:39 GMT, METHOD:DELETE, URL:/boards/5fa2a5f6df7eb228fc234b9c, STATUS:200, TIME:354.962 ms, RES:2\n","level":"info"}
{"message":"Wed, 04 Nov 2020 13:00:39 GMT, METHOD:GET, URL:/boards/5fa2a5f6df7eb228fc234b9c, STATUS:404, TIME:240.757 ms, RES:53\n","level":"info"}
{"message":"Wed, 04 Nov 2020 13:00:39 GMT, METHOD:GET, URL:/users, STATUS:401, TIME:0.534 ms, RES:31\n","level":"info"}
{"message":"Wed, 04 Nov 2020 13:00:39 GMT, METHOD:GET, URL:/users/123, STATUS:401, TIME:0.310 ms, RES:31\n","level":"info"}
{"message":"Wed, 04 Nov 2020 13:00:39 GMT, METHOD:POST, URL:/users, STATUS:401, TIME:0.305 ms, RES:31\n","level":"info"}
{"message":"Wed, 04 Nov 2020 13:00:39 GMT, METHOD:PUT, URL:/users/12345, STATUS:401, TIME:0.360 ms, RES:31\n","level":"info"}
{"message":"Wed, 04 Nov 2020 13:00:39 GMT, METHOD:DELETE, URL:/users/12345, STATUS:401, TIME:0.528 ms, RES:31\n","level":"info"}
{"message":"Wed, 04 Nov 2020 13:00:39 GMT, METHOD:POST, URL:/users, STATUS:200, TIME:730.087 ms, RES:72\n","level":"info"}
{"message":"Wed, 04 Nov 2020 13:00:39 GMT, METHOD:POST, URL:/boards, STATUS:200, TIME:253.979 ms, RES:195\n","level":"info"}
{"message":"Wed, 04 Nov 2020 13:00:39 GMT, METHOD:GET, URL:/boards, STATUS:401, TIME:0.325 ms, RES:31\n","level":"info"}
{"message":"Wed, 04 Nov 2020 13:00:39 GMT, METHOD:GET, URL:/boards/12345, STATUS:401, TIME:0.492 ms, RES:31\n","level":"info"}
{"message":"Wed, 04 Nov 2020 13:00:39 GMT, METHOD:POST, URL:/boards, STATUS:401, TIME:0.313 ms, RES:31\n","level":"info"}
{"message":"Wed, 04 Nov 2020 13:00:39 GMT, METHOD:PUT, URL:/boards/12345, STATUS:401, TIME:0.386 ms, RES:31\n","level":"info"}
{"message":"Wed, 04 Nov 2020 13:00:39 GMT, METHOD:DELETE, URL:/boards/12345, STATUS:401, TIME:0.528 ms, RES:31\n","level":"info"}
{"message":"Wed, 04 Nov 2020 13:00:39 GMT, METHOD:DELETE, URL:/users/5fa2a5f6df7eb228fc234b9f, STATUS:200, TIME:351.165 ms, RES:2\n","level":"info"}
{"message":"Wed, 04 Nov 2020 13:00:39 GMT, METHOD:POST, URL:/boards/5fa2a5f7df7eb228fc234ba1/tasks, STATUS:200, TIME:238.515 ms, RES:156\n","level":"info"}
{"message":"Wed, 04 Nov 2020 13:00:39 GMT, METHOD:POST, URL:/boards/5fa2a5f7df7eb228fc234ba1/tasks, STATUS:200, TIME:263.054 ms, RES:156\n","level":"info"}
{"message":"Wed, 04 Nov 2020 13:00:39 GMT, METHOD:POST, URL:/boards/5fa2a5f7df7eb228fc234ba1/tasks, STATUS:200, TIME:271.867 ms, RES:156\n","level":"info"}
{"message":"Wed, 04 Nov 2020 13:00:39 GMT, METHOD:POST, URL:/boards/5fa2a5f7df7eb228fc234ba1/tasks, STATUS:200, TIME:296.950 ms, RES:156\n","level":"info"}
{"message":"Wed, 04 Nov 2020 13:00:39 GMT, METHOD:POST, URL:/boards/5fa2a5f7df7eb228fc234ba1/tasks, STATUS:200, TIME:302.731 ms, RES:156\n","level":"info"}
{"message":"Wed, 04 Nov 2020 13:00:40 GMT, METHOD:GET, URL:/boards/12345/tasks, STATUS:401, TIME:0.478 ms, RES:31\n","level":"info"}
{"message":"Wed, 04 Nov 2020 13:00:40 GMT, METHOD:GET, URL:/boards/12345/tasks/12345, STATUS:401, TIME:0.711 ms, RES:31\n","level":"info"}
{"message":"Wed, 04 Nov 2020 13:00:40 GMT, METHOD:POST, URL:/boards/12345/tasks, STATUS:401, TIME:1.103 ms, RES:31\n","level":"info"}
{"message":"Wed, 04 Nov 2020 13:00:40 GMT, METHOD:PUT, URL:/boards/12345/tasks/12345, STATUS:401, TIME:0.557 ms, RES:31\n","level":"info"}
{"message":"Wed, 04 Nov 2020 13:00:40 GMT, METHOD:DELETE, URL:/boards/12345/tasks/12345, STATUS:401, TIME:0.324 ms, RES:31\n","level":"info"}
{"message":"Wed, 04 Nov 2020 13:00:40 GMT, METHOD:GET, URL:/boards/5fa2a5f7df7eb228fc234ba1/tasks/5fa2a5f7df7eb228fc234ba7, STATUS:200, TIME:261.026 ms, RES:156\n","level":"info"}
{"message":"Wed, 04 Nov 2020 13:00:40 GMT, METHOD:GET, URL:/boards/5fa2a5f7df7eb228fc234ba1/tasks/5fa2a5f7df7eb228fc234ba5, STATUS:200, TIME:273.279 ms, RES:156\n","level":"info"}
{"message":"Wed, 04 Nov 2020 13:00:40 GMT, METHOD:GET, URL:/boards/5fa2a5f7df7eb228fc234ba1/tasks/5fa2a5f7df7eb228fc234ba6, STATUS:200, TIME:275.090 ms, RES:156\n","level":"info"}
{"message":"Wed, 04 Nov 2020 13:00:40 GMT, METHOD:GET, URL:/boards/5fa2a5f7df7eb228fc234ba1/tasks/5fa2a5f7df7eb228fc234ba8, STATUS:200, TIME:303.888 ms, RES:156\n","level":"info"}
{"message":"Wed, 04 Nov 2020 13:00:40 GMT, METHOD:POST, URL:/users, STATUS:200, TIME:406.697 ms, RES:72\n","level":"info"}
{"message":"Wed, 04 Nov 2020 13:00:40 GMT, METHOD:GET, URL:/boards/5fa2a5f7df7eb228fc234ba1/tasks/5fa2a5f7df7eb228fc234ba4, STATUS:200, TIME:328.589 ms, RES:156\n","level":"info"}
{"message":"Wed, 04 Nov 2020 13:00:40 GMT, METHOD:POST, URL:/boards, STATUS:200, TIME:249.550 ms, RES:195\n","level":"info"}
{"message":"Wed, 04 Nov 2020 13:00:40 GMT, METHOD:DELETE, URL:/boards/5fa2a5f7df7eb228fc234ba1, STATUS:200, TIME:379.966 ms, RES:2\n","level":"info"}
{"message":"Wed, 04 Nov 2020 13:00:40 GMT, METHOD:POST, URL:/boards/5fa2a5f8df7eb228fc234bab/tasks, STATUS:200, TIME:245.837 ms, RES:162\n","level":"info"}
{"message":"Wed, 04 Nov 2020 13:00:40 GMT, METHOD:POST, URL:/boards/5fa2a5f8df7eb228fc234bab/tasks, STATUS:200, TIME:265.058 ms, RES:162\n","level":"info"}
{"message":"Wed, 04 Nov 2020 13:00:40 GMT, METHOD:GET, URL:/boards/5fa2a5f7df7eb228fc234ba1/tasks/5fa2a5f7df7eb228fc234ba6, STATUS:404, TIME:241.914 ms, RES:100\n","level":"info"}
{"message":"Wed, 04 Nov 2020 13:00:41 GMT, METHOD:GET, URL:/boards/5fa2a5f7df7eb228fc234ba1/tasks/5fa2a5f7df7eb228fc234ba7, STATUS:404, TIME:268.186 ms, RES:100\n","level":"info"}
{"message":"Wed, 04 Nov 2020 13:00:41 GMT, METHOD:GET, URL:/boards/5fa2a5f7df7eb228fc234ba1/tasks/5fa2a5f7df7eb228fc234ba4, STATUS:404, TIME:281.268 ms, RES:100\n","level":"info"}
{"message":"Wed, 04 Nov 2020 13:00:41 GMT, METHOD:GET, URL:/boards/5fa2a5f7df7eb228fc234ba1/tasks/5fa2a5f7df7eb228fc234ba8, STATUS:404, TIME:289.721 ms, RES:100\n","level":"info"}
{"message":"Wed, 04 Nov 2020 13:00:41 GMT, METHOD:GET, URL:/boards/5fa2a5f7df7eb228fc234ba1/tasks/5fa2a5f7df7eb228fc234ba5, STATUS:404, TIME:303.479 ms, RES:100\n","level":"info"}
{"message":"Wed, 04 Nov 2020 13:00:41 GMT, METHOD:DELETE, URL:/users/5fa2a5f8df7eb228fc234ba9, STATUS:200, TIME:360.753 ms, RES:2\n","level":"info"}
{"message":"Wed, 04 Nov 2020 13:00:41 GMT, METHOD:DELETE, URL:/boards/5fa2a5f3df7eb228fc234b85, STATUS:200, TIME:361.816 ms, RES:2\n","level":"info"}
{"message":"Wed, 04 Nov 2020 13:00:41 GMT, METHOD:GET, URL:/boards/5fa2a5f8df7eb228fc234bab/tasks/5fa2a5f8df7eb228fc234baf, STATUS:200, TIME:255.918 ms, RES:140\n","level":"info"}
{"message":"Wed, 04 Nov 2020 13:00:41 GMT, METHOD:GET, URL:/boards/5fa2a5f8df7eb228fc234bab/tasks/5fa2a5f8df7eb228fc234bae, STATUS:200, TIME:247.429 ms, RES:140\n","level":"info"}
{"message":"Wed, 04 Nov 2020 13:00:41 GMT, METHOD:DELETE, URL:/boards/5fa2a5f8df7eb228fc234bab/tasks/5fa2a5f8df7eb228fc234baf, STATUS:200, TIME:253.971 ms, RES:141\n","level":"info"}
{"message":"Wed, 04 Nov 2020 13:00:41 GMT, METHOD:DELETE, URL:/boards/5fa2a5f8df7eb228fc234bab/tasks/5fa2a5f8df7eb228fc234bae, STATUS:200, TIME:262.276 ms, RES:141\n","level":"info"}
{"message":"Wed, 04 Nov 2020 13:00:42 GMT, METHOD:DELETE, URL:/boards/5fa2a5f8df7eb228fc234bab, STATUS:200, TIME:358.682 ms, RES:2\n","level":"info"}
{"message":"we are connected","level":"info"}
{"error":{},"level":"error","message":"uncaughtException: Cannot create property 'Symbol(level)' on string 'App is running on http://localhost:4000'\nTypeError: Cannot create property 'Symbol(level)' on string 'App is running on http://localhost:4000'\n    at DerivedLogger.log (C:\\Users\\bexru\\Desktop\\NodeJS_RSS\\Express-REST-service\\node_modules\\winston\\lib\\winston\\logger.js:208:20)\n    at Server.<anonymous> (C:\\Users\\bexru\\Desktop\\NodeJS_RSS\\Express-REST-service\\src\\server.js:8:12)\n    at Object.onceWrapper (events.js:417:28)\n    at Server.emit (events.js:311:20)\n    at emitListeningNT (net.js:1343:10)\n    at processTicksAndRejections (internal/process/task_queues.js:83:21)","stack":"TypeError: Cannot create property 'Symbol(level)' on string 'App is running on http://localhost:4000'\n    at DerivedLogger.log (C:\\Users\\bexru\\Desktop\\NodeJS_RSS\\Express-REST-service\\node_modules\\winston\\lib\\winston\\logger.js:208:20)\n    at Server.<anonymous> (C:\\Users\\bexru\\Desktop\\NodeJS_RSS\\Express-REST-service\\src\\server.js:8:12)\n    at Object.onceWrapper (events.js:417:28)\n    at Server.emit (events.js:311:20)\n    at emitListeningNT (net.js:1343:10)\n    at processTicksAndRejections (internal/process/task_queues.js:83:21)","exception":true,"date":"Wed Nov 04 2020 18:03:15 GMT+0500 (Uzbekistan Standard Time)","process":{"pid":16676,"uid":null,"gid":null,"cwd":"C:\\Users\\bexru\\Desktop\\NodeJS_RSS\\Express-REST-service","execPath":"C:\\Program Files\\nodejs\\node.exe","version":"v12.16.1","argv":["C:\\Program Files\\nodejs\\node.exe","C:\\Users\\bexru\\Desktop\\NodeJS_RSS\\Express-REST-service\\src\\server.js"],"memoryUsage":{"rss":64692224,"heapTotal":53039104,"heapUsed":18005488,"external":19671339}},"os":{"loadavg":[0,0,0],"uptime":611767},"trace":[{"column":20,"file":"C:\\Users\\bexru\\Desktop\\NodeJS_RSS\\Express-REST-service\\node_modules\\winston\\lib\\winston\\logger.js","function":"DerivedLogger.log","line":208,"method":"log","native":false},{"column":12,"file":"C:\\Users\\bexru\\Desktop\\NodeJS_RSS\\Express-REST-service\\src\\server.js","function":null,"line":8,"method":null,"native":false},{"column":28,"file":"events.js","function":"Object.onceWrapper","line":417,"method":"onceWrapper","native":false},{"column":20,"file":"events.js","function":"Server.emit","line":311,"method":"emit","native":false},{"column":10,"file":"net.js","function":"emitListeningNT","line":1343,"method":null,"native":false},{"column":21,"file":"internal/process/task_queues.js","function":"processTicksAndRejections","line":83,"method":null,"native":false}]}
{"message":"we are connected","level":"info"}
{"message":"App is running on http://localhost:4000","level":"info"}
{"message":"we are connected","level":"info"}
{"message":"App is running on http://localhost:4000","level":"info"}
{"message":"we are connected","level":"info"}
{"message":"App is running on http://localhost:4000","level":"info"}
{"error":{},"level":"error","message":"uncaughtException: Cannot create property 'Symbol(level)' on string 'we are connected'\nTypeError: Cannot create property 'Symbol(level)' on string 'we are connected'\n    at DerivedLogger.log (C:\\Users\\bexru\\Desktop\\NodeJS_RSS\\Express-REST-service\\node_modules\\winston\\lib\\winston\\logger.js:208:20)\n    at NativeConnection.<anonymous> (C:\\Users\\bexru\\Desktop\\NodeJS_RSS\\Express-REST-service\\src\\mongodb\\mangoose.js:13:12)\n    at Object.onceWrapper (events.js:417:28)\n    at NativeConnection.emit (events.js:311:20)\n    at _setClient (C:\\Users\\bexru\\Desktop\\NodeJS_RSS\\Express-REST-service\\node_modules\\mongoose\\lib\\connection.js:947:8)\n    at C:\\Users\\bexru\\Desktop\\NodeJS_RSS\\Express-REST-service\\node_modules\\mongoose\\lib\\connection.js:794:7\n    at C:\\Users\\bexru\\Desktop\\NodeJS_RSS\\Express-REST-service\\node_modules\\mongodb\\lib\\utils.js:674:5\n    at C:\\Users\\bexru\\Desktop\\NodeJS_RSS\\Express-REST-service\\node_modules\\mongodb\\lib\\mongo_client.js:225:7\n    at connectCallback (C:\\Users\\bexru\\Desktop\\NodeJS_RSS\\Express-REST-service\\node_modules\\mongodb\\lib\\operations\\connect.js:366:5)\n    at C:\\Users\\bexru\\Desktop\\NodeJS_RSS\\Express-REST-service\\node_modules\\mongodb\\lib\\operations\\connect.js:602:5\n    at connectHandler (C:\\Users\\bexru\\Desktop\\NodeJS_RSS\\Express-REST-service\\node_modules\\mongodb\\lib\\core\\sdam\\topology.js:297:43)\n    at cb (C:\\Users\\bexru\\Desktop\\NodeJS_RSS\\Express-REST-service\\node_modules\\mongodb\\lib\\core\\sdam\\topology.js:681:26)\n    at C:\\Users\\bexru\\Desktop\\NodeJS_RSS\\Express-REST-service\\node_modules\\mongodb\\lib\\cmap\\connection_pool.js:350:13\n    at handleOperationResult (C:\\Users\\bexru\\Desktop\\NodeJS_RSS\\Express-REST-service\\node_modules\\mongodb\\lib\\core\\sdam\\server.js:558:5)\n    at MessageStream.messageHandler (C:\\Users\\bexru\\Desktop\\NodeJS_RSS\\Express-REST-service\\node_modules\\mongodb\\lib\\cmap\\connection.js:277:5)\n    at MessageStream.emit (events.js:311:20)","stack":"TypeError: Cannot create property 'Symbol(level)' on string 'we are connected'\n    at DerivedLogger.log (C:\\Users\\bexru\\Desktop\\NodeJS_RSS\\Express-REST-service\\node_modules\\winston\\lib\\winston\\logger.js:208:20)\n    at NativeConnection.<anonymous> (C:\\Users\\bexru\\Desktop\\NodeJS_RSS\\Express-REST-service\\src\\mongodb\\mangoose.js:13:12)\n    at Object.onceWrapper (events.js:417:28)\n    at NativeConnection.emit (events.js:311:20)\n    at _setClient (C:\\Users\\bexru\\Desktop\\NodeJS_RSS\\Express-REST-service\\node_modules\\mongoose\\lib\\connection.js:947:8)\n    at C:\\Users\\bexru\\Desktop\\NodeJS_RSS\\Express-REST-service\\node_modules\\mongoose\\lib\\connection.js:794:7\n    at C:\\Users\\bexru\\Desktop\\NodeJS_RSS\\Express-REST-service\\node_modules\\mongodb\\lib\\utils.js:674:5\n    at C:\\Users\\bexru\\Desktop\\NodeJS_RSS\\Express-REST-service\\node_modules\\mongodb\\lib\\mongo_client.js:225:7\n    at connectCallback (C:\\Users\\bexru\\Desktop\\NodeJS_RSS\\Express-REST-service\\node_modules\\mongodb\\lib\\operations\\connect.js:366:5)\n    at C:\\Users\\bexru\\Desktop\\NodeJS_RSS\\Express-REST-service\\node_modules\\mongodb\\lib\\operations\\connect.js:602:5\n    at connectHandler (C:\\Users\\bexru\\Desktop\\NodeJS_RSS\\Express-REST-service\\node_modules\\mongodb\\lib\\core\\sdam\\topology.js:297:43)\n    at cb (C:\\Users\\bexru\\Desktop\\NodeJS_RSS\\Express-REST-service\\node_modules\\mongodb\\lib\\core\\sdam\\topology.js:681:26)\n    at C:\\Users\\bexru\\Desktop\\NodeJS_RSS\\Express-REST-service\\node_modules\\mongodb\\lib\\cmap\\connection_pool.js:350:13\n    at handleOperationResult (C:\\Users\\bexru\\Desktop\\NodeJS_RSS\\Express-REST-service\\node_modules\\mongodb\\lib\\core\\sdam\\server.js:558:5)\n    at MessageStream.messageHandler (C:\\Users\\bexru\\Desktop\\NodeJS_RSS\\Express-REST-service\\node_modules\\mongodb\\lib\\cmap\\connection.js:277:5)\n    at MessageStream.emit (events.js:311:20)","exception":true,"date":"Wed Nov 04 2020 20:37:00 GMT+0500 (Uzbekistan Standard Time)","process":{"pid":12840,"uid":null,"gid":null,"cwd":"C:\\Users\\bexru\\Desktop\\NodeJS_RSS\\Express-REST-service","execPath":"C:\\Program Files\\nodejs\\node.exe","version":"v12.16.1","argv":["C:\\Program Files\\nodejs\\node.exe","C:\\Users\\bexru\\Desktop\\NodeJS_RSS\\Express-REST-service\\src\\server.js"],"memoryUsage":{"rss":64389120,"heapTotal":53039104,"heapUsed":17989952,"external":19653183}},"os":{"loadavg":[0,0,0],"uptime":620992},"trace":[{"column":20,"file":"C:\\Users\\bexru\\Desktop\\NodeJS_RSS\\Express-REST-service\\node_modules\\winston\\lib\\winston\\logger.js","function":"DerivedLogger.log","line":208,"method":"log","native":false},{"column":12,"file":"C:\\Users\\bexru\\Desktop\\NodeJS_RSS\\Express-REST-service\\src\\mongodb\\mangoose.js","function":null,"line":13,"method":null,"native":false},{"column":28,"file":"events.js","function":"Object.onceWrapper","line":417,"method":"onceWrapper","native":false},{"column":20,"file":"events.js","function":"NativeConnection.emit","line":311,"method":"emit","native":false},{"column":8,"file":"C:\\Users\\bexru\\Desktop\\NodeJS_RSS\\Express-REST-service\\node_modules\\mongoose\\lib\\connection.js","function":"_setClient","line":947,"method":null,"native":false},{"column":7,"file":"C:\\Users\\bexru\\Desktop\\NodeJS_RSS\\Express-REST-service\\node_modules\\mongoose\\lib\\connection.js","function":null,"line":794,"method":null,"native":false},{"column":5,"file":"C:\\Users\\bexru\\Desktop\\NodeJS_RSS\\Express-REST-service\\node_modules\\mongodb\\lib\\utils.js","function":null,"line":674,"method":null,"native":false},{"column":7,"file":"C:\\Users\\bexru\\Desktop\\NodeJS_RSS\\Express-REST-service\\node_modules\\mongodb\\lib\\mongo_client.js","function":null,"line":225,"method":null,"native":false},{"column":5,"file":"C:\\Users\\bexru\\Desktop\\NodeJS_RSS\\Express-REST-service\\node_modules\\mongodb\\lib\\operations\\connect.js","function":"connectCallback","line":366,"method":null,"native":false},{"column":5,"file":"C:\\Users\\bexru\\Desktop\\NodeJS_RSS\\Express-REST-service\\node_modules\\mongodb\\lib\\operations\\connect.js","function":null,"line":602,"method":null,"native":false},{"column":43,"file":"C:\\Users\\bexru\\Desktop\\NodeJS_RSS\\Express-REST-service\\node_modules\\mongodb\\lib\\core\\sdam\\topology.js","function":"connectHandler","line":297,"method":null,"native":false},{"column":26,"file":"C:\\Users\\bexru\\Desktop\\NodeJS_RSS\\Express-REST-service\\node_modules\\mongodb\\lib\\core\\sdam\\topology.js","function":"cb","line":681,"method":null,"native":false},{"column":13,"file":"C:\\Users\\bexru\\Desktop\\NodeJS_RSS\\Express-REST-service\\node_modules\\mongodb\\lib\\cmap\\connection_pool.js","function":null,"line":350,"method":null,"native":false},{"column":5,"file":"C:\\Users\\bexru\\Desktop\\NodeJS_RSS\\Express-REST-service\\node_modules\\mongodb\\lib\\core\\sdam\\server.js","function":"handleOperationResult","line":558,"method":null,"native":false},{"column":5,"file":"C:\\Users\\bexru\\Desktop\\NodeJS_RSS\\Express-REST-service\\node_modules\\mongodb\\lib\\cmap\\connection.js","function":"MessageStream.messageHandler","line":277,"method":"messageHandler","native":false},{"column":20,"file":"events.js","function":"MessageStream.emit","line":311,"method":"emit","native":false}]}
{"message":"we are connected","level":"info"}
{"message":"App is running on http://localhost:4000","level":"info"}
{"message":"we are connected","level":"info"}
{"message":"App is running on http://localhost:4000","level":"info"}
{"message":"Wed, 04 Nov 2020 15:50:37 GMT, METHOD:GET, URL:/boards/12345, STATUS:404, TIME:1367.706 ms, RES:73\n","level":"info"}
{"message":"we are connected","level":"info"}
{"message":"App is running on http://localhost:4000","level":"info"}
{"error":{},"level":"error","message":"uncaughtException: Catch me if you can\nError: Catch me if you can\n    at Object.<anonymous> (C:\\Users\\bexru\\Desktop\\NodeJS_RSS\\Express-REST-service\\src\\server.js:21:7)\n    at Module._compile (internal/modules/cjs/loader.js:1158:30)\n    at Object.Module._extensions..js (internal/modules/cjs/loader.js:1178:10)\n    at Module.load (internal/modules/cjs/loader.js:1002:32)\n    at Function.Module._load (internal/modules/cjs/loader.js:901:14)\n    at Function.executeUserEntryPoint [as runMain] (internal/modules/run_main.js:74:12)\n    at internal/main/run_main_module.js:18:47","stack":"Error: Catch me if you can\n    at Object.<anonymous> (C:\\Users\\bexru\\Desktop\\NodeJS_RSS\\Express-REST-service\\src\\server.js:21:7)\n    at Module._compile (internal/modules/cjs/loader.js:1158:30)\n    at Object.Module._extensions..js (internal/modules/cjs/loader.js:1178:10)\n    at Module.load (internal/modules/cjs/loader.js:1002:32)\n    at Function.Module._load (internal/modules/cjs/loader.js:901:14)\n    at Function.executeUserEntryPoint [as runMain] (internal/modules/run_main.js:74:12)\n    at internal/main/run_main_module.js:18:47","exception":true,"date":"Wed Nov 04 2020 20:53:02 GMT+0500 (Uzbekistan Standard Time)","process":{"pid":1568,"uid":null,"gid":null,"cwd":"C:\\Users\\bexru\\Desktop\\NodeJS_RSS\\Express-REST-service","execPath":"C:\\Program Files\\nodejs\\node.exe","version":"v12.16.1","argv":["C:\\Program Files\\nodejs\\node.exe","C:\\Users\\bexru\\Desktop\\NodeJS_RSS\\Express-REST-service\\src\\server.js"],"memoryUsage":{"rss":65540096,"heapTotal":55377920,"heapUsed":22734800,"external":19618061}},"os":{"loadavg":[0,0,0],"uptime":621954},"trace":[{"column":7,"file":"C:\\Users\\bexru\\Desktop\\NodeJS_RSS\\Express-REST-service\\src\\server.js","function":null,"line":21,"method":null,"native":false},{"column":30,"file":"internal/modules/cjs/loader.js","function":"Module._compile","line":1158,"method":"_compile","native":false},{"column":10,"file":"internal/modules/cjs/loader.js","function":"Module._extensions..js","line":1178,"method":".js","native":false},{"column":32,"file":"internal/modules/cjs/loader.js","function":"Module.load","line":1002,"method":"load","native":false},{"column":14,"file":"internal/modules/cjs/loader.js","function":"Module._load","line":901,"method":"_load","native":false},{"column":12,"file":"internal/modules/run_main.js","function":"Function.executeUserEntryPoint [as runMain]","line":74,"method":"executeUserEntryPoint [as runMain]","native":false},{"column":47,"file":"internal/main/run_main_module.js","function":null,"line":18,"method":null,"native":false}]}
{"error":{},"level":"error","message":"uncaughtException: Catch me if you can\nError: Catch me if you can\n    at Object.<anonymous> (C:\\Users\\bexru\\Desktop\\NodeJS_RSS\\Express-REST-service\\src\\server.js:21:7)\n    at Module._compile (internal/modules/cjs/loader.js:1158:30)\n    at Object.Module._extensions..js (internal/modules/cjs/loader.js:1178:10)\n    at Module.load (internal/modules/cjs/loader.js:1002:32)\n    at Function.Module._load (internal/modules/cjs/loader.js:901:14)\n    at Function.executeUserEntryPoint [as runMain] (internal/modules/run_main.js:74:12)\n    at internal/main/run_main_module.js:18:47","stack":"Error: Catch me if you can\n    at Object.<anonymous> (C:\\Users\\bexru\\Desktop\\NodeJS_RSS\\Express-REST-service\\src\\server.js:21:7)\n    at Module._compile (internal/modules/cjs/loader.js:1158:30)\n    at Object.Module._extensions..js (internal/modules/cjs/loader.js:1178:10)\n    at Module.load (internal/modules/cjs/loader.js:1002:32)\n    at Function.Module._load (internal/modules/cjs/loader.js:901:14)\n    at Function.executeUserEntryPoint [as runMain] (internal/modules/run_main.js:74:12)\n    at internal/main/run_main_module.js:18:47","exception":true,"date":"Wed Nov 04 2020 20:53:29 GMT+0500 (Uzbekistan Standard Time)","process":{"pid":13708,"uid":null,"gid":null,"cwd":"C:\\Users\\bexru\\Desktop\\NodeJS_RSS\\Express-REST-service","execPath":"C:\\Program Files\\nodejs\\node.exe","version":"v12.16.1","argv":["C:\\Program Files\\nodejs\\node.exe","C:\\Users\\bexru\\Desktop\\NodeJS_RSS\\Express-REST-service\\src\\server.js"],"memoryUsage":{"rss":65589248,"heapTotal":55640064,"heapUsed":22643440,"external":19618061}},"os":{"loadavg":[0,0,0],"uptime":621981},"trace":[{"column":7,"file":"C:\\Users\\bexru\\Desktop\\NodeJS_RSS\\Express-REST-service\\src\\server.js","function":null,"line":21,"method":null,"native":false},{"column":30,"file":"internal/modules/cjs/loader.js","function":"Module._compile","line":1158,"method":"_compile","native":false},{"column":10,"file":"internal/modules/cjs/loader.js","function":"Module._extensions..js","line":1178,"method":".js","native":false},{"column":32,"file":"internal/modules/cjs/loader.js","function":"Module.load","line":1002,"method":"load","native":false},{"column":14,"file":"internal/modules/cjs/loader.js","function":"Module._load","line":901,"method":"_load","native":false},{"column":12,"file":"internal/modules/run_main.js","function":"Function.executeUserEntryPoint [as runMain]","line":74,"method":"executeUserEntryPoint [as runMain]","native":false},{"column":47,"file":"internal/main/run_main_module.js","function":null,"line":18,"method":null,"native":false}]}
{"error":{},"level":"error","message":"uncaughtException: Catch me if you can\nError: Catch me if you can\n    at Object.<anonymous> (C:\\Users\\bexru\\Desktop\\NodeJS_RSS\\Express-REST-service\\src\\server.js:21:7)\n    at Module._compile (internal/modules/cjs/loader.js:1158:30)\n    at Object.Module._extensions..js (internal/modules/cjs/loader.js:1178:10)\n    at Module.load (internal/modules/cjs/loader.js:1002:32)\n    at Function.Module._load (internal/modules/cjs/loader.js:901:14)\n    at Function.executeUserEntryPoint [as runMain] (internal/modules/run_main.js:74:12)\n    at internal/main/run_main_module.js:18:47","stack":"Error: Catch me if you can\n    at Object.<anonymous> (C:\\Users\\bexru\\Desktop\\NodeJS_RSS\\Express-REST-service\\src\\server.js:21:7)\n    at Module._compile (internal/modules/cjs/loader.js:1158:30)\n    at Object.Module._extensions..js (internal/modules/cjs/loader.js:1178:10)\n    at Module.load (internal/modules/cjs/loader.js:1002:32)\n    at Function.Module._load (internal/modules/cjs/loader.js:901:14)\n    at Function.executeUserEntryPoint [as runMain] (internal/modules/run_main.js:74:12)\n    at internal/main/run_main_module.js:18:47","exception":true,"date":"Wed Nov 04 2020 20:53:58 GMT+0500 (Uzbekistan Standard Time)","process":{"pid":14864,"uid":null,"gid":null,"cwd":"C:\\Users\\bexru\\Desktop\\NodeJS_RSS\\Express-REST-service","execPath":"C:\\Program Files\\nodejs\\node.exe","version":"v12.16.1","argv":["C:\\Program Files\\nodejs\\node.exe","C:\\Users\\bexru\\Desktop\\NodeJS_RSS\\Express-REST-service\\src\\server.js"],"memoryUsage":{"rss":65282048,"heapTotal":55115776,"heapUsed":22925280,"external":19618061}},"os":{"loadavg":[0,0,0],"uptime":622010},"trace":[{"column":7,"file":"C:\\Users\\bexru\\Desktop\\NodeJS_RSS\\Express-REST-service\\src\\server.js","function":null,"line":21,"method":null,"native":false},{"column":30,"file":"internal/modules/cjs/loader.js","function":"Module._compile","line":1158,"method":"_compile","native":false},{"column":10,"file":"internal/modules/cjs/loader.js","function":"Module._extensions..js","line":1178,"method":".js","native":false},{"column":32,"file":"internal/modules/cjs/loader.js","function":"Module.load","line":1002,"method":"load","native":false},{"column":14,"file":"internal/modules/cjs/loader.js","function":"Module._load","line":901,"method":"_load","native":false},{"column":12,"file":"internal/modules/run_main.js","function":"Function.executeUserEntryPoint [as runMain]","line":74,"method":"executeUserEntryPoint [as runMain]","native":false},{"column":47,"file":"internal/main/run_main_module.js","function":null,"line":18,"method":null,"native":false}]}
{"error":{},"level":"error","message":"uncaughtException: Catch me if you can\nError: Catch me if you can\n    at Object.<anonymous> (C:\\Users\\bexru\\Desktop\\NodeJS_RSS\\Express-REST-service\\src\\server.js:29:7)\n    at Module._compile (internal/modules/cjs/loader.js:1158:30)\n    at Object.Module._extensions..js (internal/modules/cjs/loader.js:1178:10)\n    at Module.load (internal/modules/cjs/loader.js:1002:32)\n    at Function.Module._load (internal/modules/cjs/loader.js:901:14)\n    at Function.executeUserEntryPoint [as runMain] (internal/modules/run_main.js:74:12)\n    at internal/main/run_main_module.js:18:47","stack":"Error: Catch me if you can\n    at Object.<anonymous> (C:\\Users\\bexru\\Desktop\\NodeJS_RSS\\Express-REST-service\\src\\server.js:29:7)\n    at Module._compile (internal/modules/cjs/loader.js:1158:30)\n    at Object.Module._extensions..js (internal/modules/cjs/loader.js:1178:10)\n    at Module.load (internal/modules/cjs/loader.js:1002:32)\n    at Function.Module._load (internal/modules/cjs/loader.js:901:14)\n    at Function.executeUserEntryPoint [as runMain] (internal/modules/run_main.js:74:12)\n    at internal/main/run_main_module.js:18:47","exception":true,"date":"Wed Nov 04 2020 20:54:46 GMT+0500 (Uzbekistan Standard Time)","process":{"pid":14724,"uid":null,"gid":null,"cwd":"C:\\Users\\bexru\\Desktop\\NodeJS_RSS\\Express-REST-service","execPath":"C:\\Program Files\\nodejs\\node.exe","version":"v12.16.1","argv":["C:\\Program Files\\nodejs\\node.exe","C:\\Users\\bexru\\Desktop\\NodeJS_RSS\\Express-REST-service\\src\\server.js"],"memoryUsage":{"rss":65523712,"heapTotal":54853632,"heapUsed":22811848,"external":19618061}},"os":{"loadavg":[0,0,0],"uptime":622058},"trace":[{"column":7,"file":"C:\\Users\\bexru\\Desktop\\NodeJS_RSS\\Express-REST-service\\src\\server.js","function":null,"line":29,"method":null,"native":false},{"column":30,"file":"internal/modules/cjs/loader.js","function":"Module._compile","line":1158,"method":"_compile","native":false},{"column":10,"file":"internal/modules/cjs/loader.js","function":"Module._extensions..js","line":1178,"method":".js","native":false},{"column":32,"file":"internal/modules/cjs/loader.js","function":"Module.load","line":1002,"method":"load","native":false},{"column":14,"file":"internal/modules/cjs/loader.js","function":"Module._load","line":901,"method":"_load","native":false},{"column":12,"file":"internal/modules/run_main.js","function":"Function.executeUserEntryPoint [as runMain]","line":74,"method":"executeUserEntryPoint [as runMain]","native":false},{"column":47,"file":"internal/main/run_main_module.js","function":null,"line":18,"method":null,"native":false}]}
{"message":"we are connected","level":"info"}
{"message":"App is running on http://localhost:4000","level":"info"}
{"message":"we are connected","level":"info"}
{"message":"App is running on http://localhost:4000","level":"info"}
{"message":"we are connected","level":"info"}
{"message":"App is running on http://localhost:4000","level":"info"}
{"message":"connected","level":"info"}
{"message":"App is running on http://localhost:4000","level":"info"}
{"message":"db connected","level":"info"}
{"message":"App is running on http://localhost:4000","level":"info"}
{"message":"connected to db","level":"info"}
{"message":"App is running on http://localhost:4000","level":"info"}
{"message":"Wed, 04 Nov 2020 16:12:10 GMT, METHOD:POST, URL:/login, STATUS:200, TIME:650.734 ms, RES:13969\n","level":"info"}
{"message":"Wed, 04 Nov 2020 16:12:10 GMT, METHOD:POST, URL:/login, STATUS:200, TIME:789.779 ms, RES:13969\n","level":"info"}
{"message":"Wed, 04 Nov 2020 16:12:10 GMT, METHOD:POST, URL:/login, STATUS:200, TIME:748.031 ms, RES:13969\n","level":"info"}
{"message":"Wed, 04 Nov 2020 16:12:10 GMT, METHOD:POST, URL:/boards, STATUS:200, TIME:284.623 ms, RES:195\n","level":"info"}
{"message":"Wed, 04 Nov 2020 16:12:10 GMT, METHOD:GET, URL:/users, STATUS:200, TIME:541.154 ms, RES:5609\n","level":"info"}
{"message":"Wed, 04 Nov 2020 16:12:10 GMT, METHOD:POST, URL:/boards, STATUS:200, TIME:370.861 ms, RES:195\n","level":"info"}
{"message":"Wed, 04 Nov 2020 16:12:10 GMT, METHOD:POST, URL:/boards/5fa2d2da1ef6ce3310f8cb1c/tasks, STATUS:200, TIME:270.052 ms, RES:162\n","level":"info"}
{"message":"Wed, 04 Nov 2020 16:12:11 GMT, METHOD:POST, URL:/users, STATUS:200, TIME:463.677 ms, RES:72\n","level":"info"}
{"message":"Wed, 04 Nov 2020 16:12:11 GMT, METHOD:GET, URL:/boards/5fa2d2da1ef6ce3310f8cb1c/tasks, STATUS:200, TIME:276.885 ms, RES:164\n","level":"info"}
{"message":"Wed, 04 Nov 2020 16:12:11 GMT, METHOD:GET, URL:/boards, STATUS:200, TIME:789.009 ms, RES:24525\n","level":"info"}
{"message":"Wed, 04 Nov 2020 16:12:11 GMT, METHOD:GET, URL:/users/5fa2d2da1ef6ce3310f8cb20, STATUS:200, TIME:337.821 ms, RES:72\n","level":"info"}
{"message":"Wed, 04 Nov 2020 16:12:11 GMT, METHOD:GET, URL:/boards/5fa2d2da1ef6ce3310f8cb1c/tasks, STATUS:200, TIME:286.689 ms, RES:164\n","level":"info"}
{"message":"Wed, 04 Nov 2020 16:12:11 GMT, METHOD:DELETE, URL:/users/5fa2d2da1ef6ce3310f8cb20, STATUS:200, TIME:409.577 ms, RES:2\n","level":"info"}
{"message":"Wed, 04 Nov 2020 16:12:11 GMT, METHOD:GET, URL:/boards/5fa2d2da1ef6ce3310f8cb1c/tasks/5fa2d2da1ef6ce3310f8cb1f, STATUS:200, TIME:255.837 ms, RES:162\n","level":"info"}
{"message":"Wed, 04 Nov 2020 16:12:11 GMT, METHOD:GET, URL:/boards, STATUS:200, TIME:598.709 ms, RES:24525\n","level":"info"}
{"message":"Wed, 04 Nov 2020 16:12:12 GMT, METHOD:POST, URL:/boards/5fa2d2da1ef6ce3310f8cb1c/tasks, STATUS:200, TIME:251.176 ms, RES:162\n","level":"info"}
{"message":"Wed, 04 Nov 2020 16:12:12 GMT, METHOD:GET, URL:/boards/5fa146f392993c36a4993e74, STATUS:200, TIME:247.337 ms, RES:195\n","level":"info"}
{"message":"Wed, 04 Nov 2020 16:12:12 GMT, METHOD:POST, URL:/users, STATUS:200, TIME:396.225 ms, RES:72\n","level":"info"}
{"message":"Wed, 04 Nov 2020 16:12:12 GMT, METHOD:DELETE, URL:/boards/5fa2d2da1ef6ce3310f8cb1c/tasks/5fa2d2dc1ef6ce3310f8cb23, STATUS:200, TIME:274.857 ms, RES:163\n","level":"info"}
{"message":"Wed, 04 Nov 2020 16:12:12 GMT, METHOD:POST, URL:/boards, STATUS:200, TIME:260.650 ms, RES:195\n","level":"info"}
{"message":"Wed, 04 Nov 2020 16:12:12 GMT, METHOD:DELETE, URL:/users/5fa2d2dc1ef6ce3310f8cb22, STATUS:200, TIME:376.549 ms, RES:2\n","level":"info"}
{"message":"Wed, 04 Nov 2020 16:12:12 GMT, METHOD:POST, URL:/boards/5fa2d2da1ef6ce3310f8cb1c/tasks, STATUS:200, TIME:255.813 ms, RES:162\n","level":"info"}
{"message":"Wed, 04 Nov 2020 16:12:12 GMT, METHOD:DELETE, URL:/boards/5fa2d2dc1ef6ce3310f8cb25, STATUS:200, TIME:386.212 ms, RES:2\n","level":"info"}
{"message":"Wed, 04 Nov 2020 16:12:13 GMT, METHOD:PUT, URL:/boards/5fa2d2da1ef6ce3310f8cb1c/tasks/5fa2d2dc1ef6ce3310f8cb28, STATUS:200, TIME:386.295 ms, RES:170\n","level":"info"}
{"message":"Wed, 04 Nov 2020 16:12:13 GMT, METHOD:POST, URL:/users, STATUS:200, TIME:434.285 ms, RES:72\n","level":"info"}
{"message":"Wed, 04 Nov 2020 16:12:13 GMT, METHOD:POST, URL:/boards, STATUS:200, TIME:268.624 ms, RES:195\n","level":"info"}
{"message":"Wed, 04 Nov 2020 16:12:13 GMT, METHOD:GET, URL:/boards/5fa2d2da1ef6ce3310f8cb1c/tasks/5fa2d2dc1ef6ce3310f8cb28, STATUS:200, TIME:253.551 ms, RES:170\n","level":"info"}
{"message":"Wed, 04 Nov 2020 16:12:13 GMT, METHOD:PUT, URL:/boards/5fa2d2dd1ef6ce3310f8cb2b, STATUS:200, TIME:257.812 ms, RES:2\n","level":"info"}
{"message":"Wed, 04 Nov 2020 16:12:13 GMT, METHOD:PUT, URL:/users/5fa2d2dc1ef6ce3310f8cb29, STATUS:200, TIME:421.447 ms, RES:89\n","level":"info"}
{"message":"Wed, 04 Nov 2020 16:12:13 GMT, METHOD:GET, URL:/boards/5fa2d2da1ef6ce3310f8cb1c/tasks/5fa2d2da1ef6ce3310f8cb1f, STATUS:200, TIME:254.564 ms, RES:162\n","level":"info"}
{"message":"Wed, 04 Nov 2020 16:12:13 GMT, METHOD:GET, URL:/boards/5fa2d2dd1ef6ce3310f8cb2b, STATUS:200, TIME:270.266 ms, RES:203\n","level":"info"}
{"message":"Wed, 04 Nov 2020 16:12:13 GMT, METHOD:GET, URL:/users/5fa2d2dc1ef6ce3310f8cb29, STATUS:200, TIME:243.097 ms, RES:89\n","level":"info"}
{"message":"Wed, 04 Nov 2020 16:12:13 GMT, METHOD:DELETE, URL:/boards/5fa2d2da1ef6ce3310f8cb1c/tasks/5fa2d2da1ef6ce3310f8cb1f, STATUS:200, TIME:252.110 ms, RES:163\n","level":"info"}
{"message":"Wed, 04 Nov 2020 16:12:14 GMT, METHOD:DELETE, URL:/boards/5fa2d2dd1ef6ce3310f8cb2b, STATUS:200, TIME:371.401 ms, RES:2\n","level":"info"}
{"message":"Wed, 04 Nov 2020 16:12:14 GMT, METHOD:GET, URL:/boards/5fa2d2da1ef6ce3310f8cb1c/tasks/5fa2d2da1ef6ce3310f8cb1f, STATUS:404, TIME:260.987 ms, RES:100\n","level":"info"}
{"message":"Wed, 04 Nov 2020 16:12:14 GMT, METHOD:DELETE, URL:/users/5fa2d2dc1ef6ce3310f8cb29, STATUS:200, TIME:366.401 ms, RES:2\n","level":"info"}
{"message":"Wed, 04 Nov 2020 16:12:14 GMT, METHOD:POST, URL:/boards, STATUS:200, TIME:272.136 ms, RES:195\n","level":"info"}
{"message":"Wed, 04 Nov 2020 16:12:14 GMT, METHOD:DELETE, URL:/boards/5fa2d2da1ef6ce3310f8cb1c, STATUS:200, TIME:361.021 ms, RES:2\n","level":"info"}
{"message":"Wed, 04 Nov 2020 16:12:14 GMT, METHOD:POST, URL:/users, STATUS:200, TIME:439.430 ms, RES:72\n","level":"info"}
{"message":"Wed, 04 Nov 2020 16:12:14 GMT, METHOD:DELETE, URL:/boards/5fa2d2de1ef6ce3310f8cb30, STATUS:200, TIME:371.340 ms, RES:2\n","level":"info"}
{"message":"Wed, 04 Nov 2020 16:12:15 GMT, METHOD:GET, URL:/boards/12345/tasks, STATUS:401, TIME:0.558 ms, RES:31\n","level":"info"}
{"message":"Wed, 04 Nov 2020 16:12:15 GMT, METHOD:GET, URL:/boards/5fa2d2de1ef6ce3310f8cb30, STATUS:404, TIME:246.373 ms, RES:53\n","level":"info"}
{"message":"Wed, 04 Nov 2020 16:12:15 GMT, METHOD:GET, URL:/boards/12345/tasks/12345, STATUS:401, TIME:1.828 ms, RES:31\n","level":"info"}
{"message":"Wed, 04 Nov 2020 16:12:15 GMT, METHOD:DELETE, URL:/users/5fa2d2de1ef6ce3310f8cb33, STATUS:200, TIME:372.061 ms, RES:2\n","level":"info"}
{"message":"Wed, 04 Nov 2020 16:12:15 GMT, METHOD:POST, URL:/boards/12345/tasks, STATUS:401, TIME:3.237 ms, RES:31\n","level":"info"}
{"message":"Wed, 04 Nov 2020 16:12:15 GMT, METHOD:PUT, URL:/boards/12345/tasks/12345, STATUS:401, TIME:0.388 ms, RES:31\n","level":"info"}
{"message":"Wed, 04 Nov 2020 16:12:15 GMT, METHOD:DELETE, URL:/boards/12345/tasks/12345, STATUS:401, TIME:1.475 ms, RES:31\n","level":"info"}
{"message":"Wed, 04 Nov 2020 16:12:15 GMT, METHOD:POST, URL:/boards, STATUS:200, TIME:244.019 ms, RES:195\n","level":"info"}
{"message":"Wed, 04 Nov 2020 16:12:15 GMT, METHOD:GET, URL:/users, STATUS:401, TIME:0.287 ms, RES:31\n","level":"info"}
{"message":"Wed, 04 Nov 2020 16:12:15 GMT, METHOD:GET, URL:/users/123, STATUS:401, TIME:0.313 ms, RES:31\n","level":"info"}
{"message":"Wed, 04 Nov 2020 16:12:15 GMT, METHOD:POST, URL:/users, STATUS:401, TIME:0.323 ms, RES:31\n","level":"info"}
{"message":"Wed, 04 Nov 2020 16:12:15 GMT, METHOD:PUT, URL:/users/12345, STATUS:401, TIME:0.440 ms, RES:31\n","level":"info"}
{"message":"Wed, 04 Nov 2020 16:12:15 GMT, METHOD:DELETE, URL:/users/12345, STATUS:401, TIME:0.352 ms, RES:31\n","level":"info"}
{"message":"Wed, 04 Nov 2020 16:12:15 GMT, METHOD:POST, URL:/users, STATUS:200, TIME:436.635 ms, RES:72\n","level":"info"}
{"message":"Wed, 04 Nov 2020 16:12:15 GMT, METHOD:POST, URL:/boards/5fa2d2df1ef6ce3310f8cb35/tasks, STATUS:200, TIME:248.340 ms, RES:156\n","level":"info"}
{"message":"Wed, 04 Nov 2020 16:12:15 GMT, METHOD:POST, URL:/boards/5fa2d2df1ef6ce3310f8cb35/tasks, STATUS:200, TIME:267.458 ms, RES:156\n","level":"info"}
{"message":"Wed, 04 Nov 2020 16:12:15 GMT, METHOD:POST, URL:/boards/5fa2d2df1ef6ce3310f8cb35/tasks, STATUS:200, TIME:287.782 ms, RES:156\n","level":"info"}
{"message":"Wed, 04 Nov 2020 16:12:15 GMT, METHOD:POST, URL:/boards/5fa2d2df1ef6ce3310f8cb35/tasks, STATUS:200, TIME:294.542 ms, RES:156\n","level":"info"}
{"message":"Wed, 04 Nov 2020 16:12:15 GMT, METHOD:POST, URL:/boards/5fa2d2df1ef6ce3310f8cb35/tasks, STATUS:200, TIME:305.671 ms, RES:156\n","level":"info"}
{"message":"Wed, 04 Nov 2020 16:12:15 GMT, METHOD:GET, URL:/boards, STATUS:401, TIME:0.429 ms, RES:31\n","level":"info"}
{"message":"Wed, 04 Nov 2020 16:12:15 GMT, METHOD:GET, URL:/boards/12345, STATUS:401, TIME:0.399 ms, RES:31\n","level":"info"}
{"message":"Wed, 04 Nov 2020 16:12:15 GMT, METHOD:POST, URL:/boards, STATUS:401, TIME:0.302 ms, RES:31\n","level":"info"}
{"message":"Wed, 04 Nov 2020 16:12:15 GMT, METHOD:PUT, URL:/boards/12345, STATUS:401, TIME:0.422 ms, RES:31\n","level":"info"}
{"message":"Wed, 04 Nov 2020 16:12:15 GMT, METHOD:DELETE, URL:/boards/12345, STATUS:401, TIME:0.734 ms, RES:31\n","level":"info"}
{"message":"Wed, 04 Nov 2020 16:12:15 GMT, METHOD:POST, URL:/boards, STATUS:200, TIME:304.685 ms, RES:195\n","level":"info"}
{"message":"Wed, 04 Nov 2020 16:12:15 GMT, METHOD:GET, URL:/boards/5fa2d2df1ef6ce3310f8cb35/tasks/5fa2d2df1ef6ce3310f8cb3a, STATUS:200, TIME:241.178 ms, RES:156\n","level":"info"}
{"message":"Wed, 04 Nov 2020 16:12:15 GMT, METHOD:GET, URL:/boards/5fa2d2df1ef6ce3310f8cb35/tasks/5fa2d2df1ef6ce3310f8cb3c, STATUS:200, TIME:257.599 ms, RES:156\n","level":"info"}
{"message":"Wed, 04 Nov 2020 16:12:15 GMT, METHOD:GET, URL:/boards/5fa2d2df1ef6ce3310f8cb35/tasks/5fa2d2df1ef6ce3310f8cb3e, STATUS:200, TIME:269.064 ms, RES:156\n","level":"info"}
{"message":"Wed, 04 Nov 2020 16:12:15 GMT, METHOD:GET, URL:/boards/5fa2d2df1ef6ce3310f8cb35/tasks/5fa2d2df1ef6ce3310f8cb3d, STATUS:200, TIME:286.420 ms, RES:156\n","level":"info"}
{"message":"Wed, 04 Nov 2020 16:12:15 GMT, METHOD:GET, URL:/boards/5fa2d2df1ef6ce3310f8cb35/tasks/5fa2d2df1ef6ce3310f8cb3b, STATUS:200, TIME:306.540 ms, RES:156\n","level":"info"}
{"message":"Wed, 04 Nov 2020 16:12:16 GMT, METHOD:POST, URL:/boards/5fa2d2df1ef6ce3310f8cb3f/tasks, STATUS:200, TIME:258.850 ms, RES:162\n","level":"info"}
{"message":"Wed, 04 Nov 2020 16:12:16 GMT, METHOD:POST, URL:/boards/5fa2d2df1ef6ce3310f8cb3f/tasks, STATUS:200, TIME:269.869 ms, RES:162\n","level":"info"}
{"message":"Wed, 04 Nov 2020 16:12:16 GMT, METHOD:DELETE, URL:/boards/5fa2d2df1ef6ce3310f8cb35, STATUS:200, TIME:368.757 ms, RES:2\n","level":"info"}
{"message":"Wed, 04 Nov 2020 16:12:16 GMT, METHOD:DELETE, URL:/users/5fa2d2df1ef6ce3310f8cb38, STATUS:200, TIME:404.467 ms, RES:2\n","level":"info"}
{"message":"Wed, 04 Nov 2020 16:12:16 GMT, METHOD:GET, URL:/boards/5fa2d2df1ef6ce3310f8cb35/tasks/5fa2d2df1ef6ce3310f8cb3a, STATUS:404, TIME:250.230 ms, RES:100\n","level":"info"}
{"message":"Wed, 04 Nov 2020 16:12:16 GMT, METHOD:GET, URL:/boards/5fa2d2df1ef6ce3310f8cb35/tasks/5fa2d2df1ef6ce3310f8cb3c, STATUS:404, TIME:270.157 ms, RES:100\n","level":"info"}
{"message":"Wed, 04 Nov 2020 16:12:16 GMT, METHOD:GET, URL:/boards/5fa2d2df1ef6ce3310f8cb35/tasks/5fa2d2df1ef6ce3310f8cb3b, STATUS:404, TIME:286.462 ms, RES:100\n","level":"info"}
{"message":"Wed, 04 Nov 2020 16:12:16 GMT, METHOD:GET, URL:/boards/5fa2d2df1ef6ce3310f8cb35/tasks/5fa2d2df1ef6ce3310f8cb3e, STATUS:404, TIME:284.814 ms, RES:100\n","level":"info"}
{"message":"Wed, 04 Nov 2020 16:12:16 GMT, METHOD:GET, URL:/boards/5fa2d2df1ef6ce3310f8cb35/tasks/5fa2d2df1ef6ce3310f8cb3d, STATUS:404, TIME:325.687 ms, RES:100\n","level":"info"}
{"message":"Wed, 04 Nov 2020 16:12:16 GMT, METHOD:GET, URL:/boards/5fa2d2df1ef6ce3310f8cb3f/tasks/5fa2d2df1ef6ce3310f8cb42, STATUS:200, TIME:238.618 ms, RES:140\n","level":"info"}
{"message":"Wed, 04 Nov 2020 16:12:16 GMT, METHOD:DELETE, URL:/boards/5fa2d2da1ef6ce3310f8cb19, STATUS:200, TIME:368.523 ms, RES:2\n","level":"info"}
{"message":"Wed, 04 Nov 2020 16:12:17 GMT, METHOD:GET, URL:/boards/5fa2d2df1ef6ce3310f8cb3f/tasks/5fa2d2df1ef6ce3310f8cb43, STATUS:200, TIME:263.809 ms, RES:140\n","level":"info"}
{"message":"Wed, 04 Nov 2020 16:12:17 GMT, METHOD:DELETE, URL:/boards/5fa2d2df1ef6ce3310f8cb3f/tasks/5fa2d2df1ef6ce3310f8cb43, STATUS:200, TIME:246.188 ms, RES:141\n","level":"info"}
{"message":"Wed, 04 Nov 2020 16:12:17 GMT, METHOD:DELETE, URL:/boards/5fa2d2df1ef6ce3310f8cb3f/tasks/5fa2d2df1ef6ce3310f8cb42, STATUS:200, TIME:267.257 ms, RES:141\n","level":"info"}
{"message":"Wed, 04 Nov 2020 16:12:17 GMT, METHOD:DELETE, URL:/boards/5fa2d2df1ef6ce3310f8cb3f, STATUS:200, TIME:375.953 ms, RES:2\n","level":"info"}
