Request time: 11/4/2020, 5:58:20 PM 
Request url: "/login" 
Request body: {"login":"admin","password":"admin"} 
 ------end------- 
Request time: 11/4/2020, 5:58:20 PM 
Request url: "/login" 
Request body: {"login":"admin","password":"admin"} 
 ------end------- 
Request time: 11/4/2020, 5:58:20 PM 
Request url: "/login" 
Request body: {"login":"admin","password":"admin"} 
 ------end------- 
Request time: 11/4/2020, 5:58:21 PM 
Request url: "/boards" 
Request body: {"title":"Autotest board","columns":[{"title":"Backlog","order":1},{"title":"Sprint","order":2}]} 
 ------end------- 
Request time: 11/4/2020, 5:58:21 PM 
Request url: "/boards" 
Request body: {"title":"Autotest board","columns":[{"title":"Backlog","order":1},{"title":"Sprint","order":2}]} 
 ------end------- 
Request time: 11/4/2020, 5:58:21 PM 
Request url: "/boards" 
 ------end------- 
Request time: 11/4/2020, 5:58:22 PM 
Request url: "/boards" 
 ------end------- 
Request time: 11/4/2020, 5:58:23 PM 
Request url: "/boards/5fa146f392993c36a4993e74" 
Request params: {"id":"5fa146f392993c36a4993e74"} 
 ------end------- 
Request time: 11/4/2020, 5:58:23 PM 
Request url: "/boards" 
Request body: {"title":"Autotest board","columns":[{"title":"Backlog","order":1},{"title":"Sprint","order":2}]} 
 ------end------- 
Request time: 11/4/2020, 5:58:23 PM 
Request url: "/boards" 
Request body: {"title":"Autotest board","columns":[{"title":"Backlog","order":1},{"title":"Sprint","order":2}]} 
 ------end------- 
Request time: 11/4/2020, 5:58:24 PM 
Request url: "/boards/5fa2a56f673693339cba48ea" 
Request body: {"id":"5fa2a56f673693339cba48ea","title":"Autotest updated board","columns":[{"_id":"5fa2a56f673693339cba48eb","title":"Backlog","order":1},{"_id":"5fa2a56f673693339cba48ec","title":"Sprint","order":2}]} 
Request params: {"id":"5fa2a56f673693339cba48ea"} 
 ------end------- 
Request time: 11/4/2020, 5:58:24 PM 
Request url: "/boards/5fa2a56f673693339cba48ea" 
Request params: {"id":"5fa2a56f673693339cba48ea"} 
 ------end------- 
Request time: 11/4/2020, 5:58:25 PM 
Request url: "/boards" 
Request body: {"title":"Autotest board","columns":[{"title":"Backlog","order":1},{"title":"Sprint","order":2}]} 
 ------end------- 
Request time: 11/4/2020, 5:58:25 PM 
Request url: "/boards/5fa2a571673693339cba48ef" 
Request params: {"id":"5fa2a571673693339cba48ef"} 
 ------end------- 
Request time: 11/4/2020, 5:58:26 PM 
Request url: "/boards" 
Request body: {"title":"Autotest board","columns":[{"title":"Backlog","order":1},{"title":"Sprint","order":2}]} 
 ------end------- 
Request time: 11/4/2020, 5:58:26 PM 
Request url: "/boards/5fa2a572673693339cba48f2/tasks" 
Request body: {"title":"Task #1","order":1,"description":"Lorem ipsum","boardId":"5fa2a572673693339cba48f2","userId":null,"columnId":null} 
Request params: {"boardId":"5fa2a572673693339cba48f2"} 
 ------end------- 
Request time: 11/4/2020, 5:58:26 PM 
Request url: "/boards/5fa2a572673693339cba48f2/tasks" 
Request body: {"title":"Task #4","order":4,"description":"Lorem ipsum","boardId":"5fa2a572673693339cba48f2","userId":null,"columnId":null} 
Request params: {"boardId":"5fa2a572673693339cba48f2"} 
 ------end------- 
Request time: 11/4/2020, 5:58:26 PM 
Request url: "/boards/5fa2a572673693339cba48f2/tasks" 
Request body: {"title":"Task #3","order":3,"description":"Lorem ipsum","boardId":"5fa2a572673693339cba48f2","userId":null,"columnId":null} 
Request params: {"boardId":"5fa2a572673693339cba48f2"} 
 ------end------- 
Request time: 11/4/2020, 5:58:26 PM 
Request url: "/boards/5fa2a572673693339cba48f2/tasks" 
Request body: {"title":"Task #5","order":5,"description":"Lorem ipsum","boardId":"5fa2a572673693339cba48f2","userId":null,"columnId":null} 
Request params: {"boardId":"5fa2a572673693339cba48f2"} 
 ------end------- 
Request time: 11/4/2020, 5:58:26 PM 
Request url: "/boards/5fa2a572673693339cba48f2/tasks" 
Request body: {"title":"Task #2","order":2,"description":"Lorem ipsum","boardId":"5fa2a572673693339cba48f2","userId":null,"columnId":null} 
Request params: {"boardId":"5fa2a572673693339cba48f2"} 
 ------end------- 
Request time: 11/4/2020, 5:58:26 PM 
Request url: "/boards/5fa2a572673693339cba48f2/tasks/5fa2a572673693339cba48f5" 
Request params: {"boardId":"5fa2a572673693339cba48f2","id":"5fa2a572673693339cba48f5"} 
 ------end------- 
Request time: 11/4/2020, 5:58:26 PM 
Request url: "/boards/5fa2a572673693339cba48f2/tasks/5fa2a572673693339cba48f6" 
Request params: {"boardId":"5fa2a572673693339cba48f2","id":"5fa2a572673693339cba48f6"} 
 ------end------- 
Request time: 11/4/2020, 5:58:26 PM 
Request url: "/boards/5fa2a572673693339cba48f2/tasks/5fa2a572673693339cba48f8" 
Request params: {"boardId":"5fa2a572673693339cba48f2","id":"5fa2a572673693339cba48f8"} 
 ------end------- 
Request time: 11/4/2020, 5:58:26 PM 
Request url: "/boards/5fa2a572673693339cba48f2/tasks/5fa2a572673693339cba48f9" 
Request params: {"boardId":"5fa2a572673693339cba48f2","id":"5fa2a572673693339cba48f9"} 
 ------end------- 
Request time: 11/4/2020, 5:58:26 PM 
Request url: "/boards/5fa2a572673693339cba48f2/tasks/5fa2a572673693339cba48f7" 
Request params: {"boardId":"5fa2a572673693339cba48f2","id":"5fa2a572673693339cba48f7"} 
 ------end------- 
Request time: 11/4/2020, 5:58:27 PM 
Request url: "/boards/5fa2a572673693339cba48f2/tasks/5fa2a572673693339cba48f5" 
Request params: {"boardId":"5fa2a572673693339cba48f2","id":"5fa2a572673693339cba48f5"} 
 ------end------- 
Request time: 11/4/2020, 5:58:27 PM 
Request url: "/boards/5fa2a572673693339cba48f2/tasks/5fa2a572673693339cba48f9" 
Request params: {"boardId":"5fa2a572673693339cba48f2","id":"5fa2a572673693339cba48f9"} 
 ------end------- 
Request time: 11/4/2020, 5:58:27 PM 
Request url: "/boards/5fa2a572673693339cba48f2/tasks/5fa2a572673693339cba48f7" 
Request params: {"boardId":"5fa2a572673693339cba48f2","id":"5fa2a572673693339cba48f7"} 
 ------end------- 
Request time: 11/4/2020, 5:58:27 PM 
Request url: "/boards/5fa2a572673693339cba48f2/tasks/5fa2a572673693339cba48f6" 
Request params: {"boardId":"5fa2a572673693339cba48f2","id":"5fa2a572673693339cba48f6"} 
 ------end------- 
Request time: 11/4/2020, 5:58:27 PM 
Request url: "/boards/5fa2a572673693339cba48f2/tasks/5fa2a572673693339cba48f8" 
Request params: {"boardId":"5fa2a572673693339cba48f2","id":"5fa2a572673693339cba48f8"} 
 ------end------- 
Request time: 11/4/2020, 5:59:14 PM 
Request url: "/login" 
Request body: {"login":"admin","password":"admin"} 
 ------end------- 
Request time: 11/4/2020, 5:59:14 PM 
Request url: "/login" 
Request body: {"login":"admin","password":"admin"} 
 ------end------- 
Request time: 11/4/2020, 5:59:14 PM 
Request url: "/login" 
Request body: {"login":"admin","password":"admin"} 
 ------end------- 
Request time: 11/4/2020, 5:59:15 PM 
Request url: "/users" 
 ------end------- 
Request time: 11/4/2020, 5:59:15 PM 
Request url: "/boards" 
Request body: {"title":"Autotest board","columns":[{"title":"Backlog","order":1},{"title":"Sprint","order":2}]} 
 ------end------- 
Request time: 11/4/2020, 5:59:15 PM 
Request url: "/boards" 
 ------end------- 
Request time: 11/4/2020, 5:59:16 PM 
Request url: "/boards" 
 ------end------- 
Request time: 11/4/2020, 5:59:16 PM 
Request url: "/boards/5fa146f392993c36a4993e74" 
Request params: {"id":"5fa146f392993c36a4993e74"} 
 ------end------- 
Request time: 11/4/2020, 5:59:17 PM 
Request url: "/boards" 
Request body: {"title":"Autotest board","columns":[{"title":"Backlog","order":1},{"title":"Sprint","order":2}]} 
 ------end------- 
Request time: 11/4/2020, 5:59:17 PM 
Request url: "/boards" 
Request body: {"title":"Autotest board","columns":[{"title":"Backlog","order":1},{"title":"Sprint","order":2}]} 
 ------end------- 
Request time: 11/4/2020, 5:59:17 PM 
Request url: "/boards/5fa2a5a5df7eb228fc234b16" 
Request body: {"id":"5fa2a5a5df7eb228fc234b16","title":"Autotest updated board","columns":[{"_id":"5fa2a5a5df7eb228fc234b17","title":"Backlog","order":1},{"_id":"5fa2a5a5df7eb228fc234b18","title":"Sprint","order":2}]} 
Request params: {"id":"5fa2a5a5df7eb228fc234b16"} 
 ------end------- 
Request time: 11/4/2020, 5:59:18 PM 
Request url: "/boards/5fa2a5a5df7eb228fc234b16" 
Request params: {"id":"5fa2a5a5df7eb228fc234b16"} 
 ------end------- 
Request time: 11/4/2020, 5:59:18 PM 
Request url: "/boards" 
Request body: {"title":"Autotest board","columns":[{"title":"Backlog","order":1},{"title":"Sprint","order":2}]} 
 ------end------- 
Request time: 11/4/2020, 5:59:19 PM 
Request url: "/boards/5fa2a5a6df7eb228fc234b1b" 
Request params: {"id":"5fa2a5a6df7eb228fc234b1b"} 
 ------end------- 
Request time: 11/4/2020, 5:59:19 PM 
Request url: "/boards" 
Request body: {"title":"Autotest board","columns":[{"title":"Backlog","order":1},{"title":"Sprint","order":2}]} 
 ------end------- 
Request time: 11/4/2020, 5:59:20 PM 
Request url: "/boards/5fa2a5a7df7eb228fc234b1e/tasks" 
Request body: {"title":"Task #1","order":1,"description":"Lorem ipsum","boardId":"5fa2a5a7df7eb228fc234b1e","userId":null,"columnId":null} 
Request params: {"boardId":"5fa2a5a7df7eb228fc234b1e"} 
 ------end------- 
Request time: 11/4/2020, 5:59:20 PM 
Request url: "/boards/5fa2a5a7df7eb228fc234b1e/tasks" 
Request body: {"title":"Task #2","order":2,"description":"Lorem ipsum","boardId":"5fa2a5a7df7eb228fc234b1e","userId":null,"columnId":null} 
Request params: {"boardId":"5fa2a5a7df7eb228fc234b1e"} 
 ------end------- 
Request time: 11/4/2020, 5:59:20 PM 
Request url: "/boards/5fa2a5a7df7eb228fc234b1e/tasks" 
Request body: {"title":"Task #3","order":3,"description":"Lorem ipsum","boardId":"5fa2a5a7df7eb228fc234b1e","userId":null,"columnId":null} 
Request params: {"boardId":"5fa2a5a7df7eb228fc234b1e"} 
 ------end------- 
Request time: 11/4/2020, 5:59:20 PM 
Request url: "/boards/5fa2a5a7df7eb228fc234b1e/tasks" 
Request body: {"title":"Task #5","order":5,"description":"Lorem ipsum","boardId":"5fa2a5a7df7eb228fc234b1e","userId":null,"columnId":null} 
Request params: {"boardId":"5fa2a5a7df7eb228fc234b1e"} 
 ------end------- 
Request time: 11/4/2020, 5:59:20 PM 
Request url: "/boards/5fa2a5a7df7eb228fc234b1e/tasks" 
Request body: {"title":"Task #4","order":4,"description":"Lorem ipsum","boardId":"5fa2a5a7df7eb228fc234b1e","userId":null,"columnId":null} 
Request params: {"boardId":"5fa2a5a7df7eb228fc234b1e"} 
 ------end------- 
Request time: 11/4/2020, 5:59:20 PM 
Request url: "/boards/5fa2a5a7df7eb228fc234b1e/tasks/5fa2a5a8df7eb228fc234b21" 
Request params: {"boardId":"5fa2a5a7df7eb228fc234b1e","id":"5fa2a5a8df7eb228fc234b21"} 
 ------end------- 
Request time: 11/4/2020, 5:59:20 PM 
Request url: "/boards/5fa2a5a7df7eb228fc234b1e/tasks/5fa2a5a8df7eb228fc234b23" 
Request params: {"boardId":"5fa2a5a7df7eb228fc234b1e","id":"5fa2a5a8df7eb228fc234b23"} 
 ------end------- 
Request time: 11/4/2020, 5:59:20 PM 
Request url: "/boards/5fa2a5a7df7eb228fc234b1e/tasks/5fa2a5a8df7eb228fc234b25" 
Request params: {"boardId":"5fa2a5a7df7eb228fc234b1e","id":"5fa2a5a8df7eb228fc234b25"} 
 ------end------- 
Request time: 11/4/2020, 5:59:20 PM 
Request url: "/boards/5fa2a5a7df7eb228fc234b1e/tasks/5fa2a5a8df7eb228fc234b24" 
Request params: {"boardId":"5fa2a5a7df7eb228fc234b1e","id":"5fa2a5a8df7eb228fc234b24"} 
 ------end------- 
Request time: 11/4/2020, 5:59:20 PM 
Request url: "/boards/5fa2a5a7df7eb228fc234b1e/tasks/5fa2a5a8df7eb228fc234b22" 
Request params: {"boardId":"5fa2a5a7df7eb228fc234b1e","id":"5fa2a5a8df7eb228fc234b22"} 
 ------end------- 
Request time: 11/4/2020, 5:59:21 PM 
Request url: "/boards/5fa2a5a7df7eb228fc234b1e/tasks/5fa2a5a8df7eb228fc234b21" 
Request params: {"boardId":"5fa2a5a7df7eb228fc234b1e","id":"5fa2a5a8df7eb228fc234b21"} 
 ------end------- 
Request time: 11/4/2020, 5:59:21 PM 
Request url: "/boards/5fa2a5a7df7eb228fc234b1e/tasks/5fa2a5a8df7eb228fc234b22" 
Request params: {"boardId":"5fa2a5a7df7eb228fc234b1e","id":"5fa2a5a8df7eb228fc234b22"} 
 ------end------- 
Request time: 11/4/2020, 5:59:21 PM 
Request url: "/boards/5fa2a5a7df7eb228fc234b1e/tasks/5fa2a5a8df7eb228fc234b25" 
Request params: {"boardId":"5fa2a5a7df7eb228fc234b1e","id":"5fa2a5a8df7eb228fc234b25"} 
 ------end------- 
Request time: 11/4/2020, 5:59:21 PM 
Request url: "/boards/5fa2a5a7df7eb228fc234b1e/tasks/5fa2a5a8df7eb228fc234b23" 
Request params: {"boardId":"5fa2a5a7df7eb228fc234b1e","id":"5fa2a5a8df7eb228fc234b23"} 
 ------end------- 
Request time: 11/4/2020, 5:59:21 PM 
Request url: "/boards/5fa2a5a7df7eb228fc234b1e/tasks/5fa2a5a8df7eb228fc234b24" 
Request params: {"boardId":"5fa2a5a7df7eb228fc234b1e","id":"5fa2a5a8df7eb228fc234b24"} 
 ------end------- 
Request time: 11/4/2020, 6:00:02 PM 
Request url: "/login" 
Request body: {"login":"admin","password":"admin"} 
 ------end------- 
Request time: 11/4/2020, 6:00:02 PM 
Request url: "/login" 
Request body: {"login":"admin","password":"admin"} 
 ------end------- 
Request time: 11/4/2020, 6:00:02 PM 
Request url: "/login" 
Request body: {"login":"admin","password":"admin"} 
 ------end------- 
Request time: 11/4/2020, 6:00:03 PM 
Request url: "/boards" 
Request body: {"title":"Autotest board","columns":[{"title":"Backlog","order":1},{"title":"Sprint","order":2}]} 
 ------end------- 
Request time: 11/4/2020, 6:00:03 PM 
Request url: "/users" 
 ------end------- 
Request time: 11/4/2020, 6:00:03 PM 
Request url: "/boards" 
Request body: {"title":"Autotest board","columns":[{"title":"Backlog","order":1},{"title":"Sprint","order":2}]} 
 ------end------- 
Request time: 11/4/2020, 6:00:03 PM 
Request url: "/boards/5fa2a5d3df7eb228fc234b29/tasks" 
Request body: {"title":"Autotest task","order":0,"description":"Lorem ipsum","userId":null,"boardId":null,"columnId":null} 
Request params: {"boardId":"5fa2a5d3df7eb228fc234b29"} 
 ------end------- 
Request time: 11/4/2020, 6:00:03 PM 
Request url: "/boards" 
 ------end------- 
Request time: 11/4/2020, 6:00:03 PM 
Request url: "/users" 
Request body: {"name":"TEST_USER","login":"test_user","password":"T35t_P@55w0rd"} 
 ------end------- 
Request time: 11/4/2020, 6:00:03 PM 
Request url: "/boards/5fa2a5d3df7eb228fc234b29/tasks" 
Request params: {"boardId":"5fa2a5d3df7eb228fc234b29"} 
 ------end------- 
Request time: 11/4/2020, 6:00:03 PM 
Request url: "/boards/5fa2a5d3df7eb228fc234b29/tasks" 
Request params: {"boardId":"5fa2a5d3df7eb228fc234b29"} 
 ------end------- 
Request time: 11/4/2020, 6:00:03 PM 
Request url: "/users/5fa2a5d3df7eb228fc234b30" 
Request params: {"id":"5fa2a5d3df7eb228fc234b30"} 
 ------end------- 
Request time: 11/4/2020, 6:00:03 PM 
Request url: "/boards" 
 ------end------- 
Request time: 11/4/2020, 6:00:04 PM 
Request url: "/boards/5fa2a5d3df7eb228fc234b29/tasks/5fa2a5d3df7eb228fc234b2f" 
Request params: {"boardId":"5fa2a5d3df7eb228fc234b29","id":"5fa2a5d3df7eb228fc234b2f"} 
 ------end------- 
Request time: 11/4/2020, 6:00:04 PM 
Request url: "/boards/5fa146f392993c36a4993e74" 
Request params: {"id":"5fa146f392993c36a4993e74"} 
 ------end------- 
Request time: 11/4/2020, 6:00:04 PM 
Request url: "/boards/5fa2a5d3df7eb228fc234b29/tasks" 
Request body: {"title":"Autotest task","order":0,"description":"Lorem ipsum","userId":null,"boardId":null,"columnId":null} 
Request params: {"boardId":"5fa2a5d3df7eb228fc234b29"} 
 ------end------- 
Request time: 11/4/2020, 6:00:04 PM 
Request url: "/users" 
Request body: {"name":"TEST_USER","login":"test_user","password":"T35t_P@55w0rd"} 
 ------end------- 
Request time: 11/4/2020, 6:00:04 PM 
Request url: "/boards" 
Request body: {"title":"Autotest board","columns":[{"title":"Backlog","order":1},{"title":"Sprint","order":2}]} 
 ------end------- 
Request time: 11/4/2020, 6:00:04 PM 
Request url: "/boards/5fa2a5d3df7eb228fc234b29/tasks/5fa2a5d4df7eb228fc234b32" 
Request params: {"boardId":"5fa2a5d3df7eb228fc234b29","id":"5fa2a5d4df7eb228fc234b32"} 
 ------end------- 
Request time: 11/4/2020, 6:00:04 PM 
Request url: "/boards/5fa2a5d3df7eb228fc234b29/tasks" 
Request body: {"title":"Autotest task","order":0,"description":"Lorem ipsum","userId":null,"boardId":null,"columnId":null} 
Request params: {"boardId":"5fa2a5d3df7eb228fc234b29"} 
 ------end------- 
Request time: 11/4/2020, 6:00:05 PM 
Request url: "/boards/5fa2a5d3df7eb228fc234b29/tasks/5fa2a5d4df7eb228fc234b38" 
Request body: {"id":"5fa2a5d4df7eb228fc234b38","title":"Autotest updated task","order":0,"description":"Lorem ipsum","userId":null,"columnId":null,"boardId":"5fa2a5d3df7eb228fc234b29"} 
Request params: {"boardId":"5fa2a5d3df7eb228fc234b29","id":"5fa2a5d4df7eb228fc234b38"} 
 ------end------- 
Request time: 11/4/2020, 6:00:05 PM 
Request url: "/boards" 
Request body: {"title":"Autotest board","columns":[{"title":"Backlog","order":1},{"title":"Sprint","order":2}]} 
 ------end------- 
Request time: 11/4/2020, 6:00:05 PM 
Request url: "/users" 
Request body: {"name":"TEST_USER","login":"test_user","password":"T35t_P@55w0rd"} 
 ------end------- 
Request time: 11/4/2020, 6:00:05 PM 
Request url: "/boards/5fa2a5d3df7eb228fc234b29/tasks/5fa2a5d4df7eb228fc234b38" 
Request params: {"boardId":"5fa2a5d3df7eb228fc234b29","id":"5fa2a5d4df7eb228fc234b38"} 
 ------end------- 
Request time: 11/4/2020, 6:00:05 PM 
Request url: "/boards/5fa2a5d5df7eb228fc234b39" 
Request body: {"id":"5fa2a5d5df7eb228fc234b39","title":"Autotest updated board","columns":[{"_id":"5fa2a5d5df7eb228fc234b3a","title":"Backlog","order":1},{"_id":"5fa2a5d5df7eb228fc234b3b","title":"Sprint","order":2}]} 
Request params: {"id":"5fa2a5d5df7eb228fc234b39"} 
 ------end------- 
Request time: 11/4/2020, 6:00:05 PM 
Request url: "/users/5fa2a5d5df7eb228fc234b3c" 
Request body: {"name":"Autotest updated TEST_USER","login":"test_user","password":"T35t_P@55w0rd","id":"5fa2a5d5df7eb228fc234b3c"} 
Request params: {"id":"5fa2a5d5df7eb228fc234b3c"} 
 ------end------- 
Request time: 11/4/2020, 6:00:05 PM 
Request url: "/boards/5fa2a5d3df7eb228fc234b29/tasks/5fa2a5d3df7eb228fc234b2f" 
Request params: {"boardId":"5fa2a5d3df7eb228fc234b29","id":"5fa2a5d3df7eb228fc234b2f"} 
 ------end------- 
Request time: 11/4/2020, 6:00:05 PM 
Request url: "/boards/5fa2a5d5df7eb228fc234b39" 
Request params: {"id":"5fa2a5d5df7eb228fc234b39"} 
 ------end------- 
Request time: 11/4/2020, 6:00:06 PM 
Request url: "/boards/5fa2a5d3df7eb228fc234b29/tasks/5fa2a5d3df7eb228fc234b2f" 
Request params: {"boardId":"5fa2a5d3df7eb228fc234b29","id":"5fa2a5d3df7eb228fc234b2f"} 
 ------end------- 
Request time: 11/4/2020, 6:00:06 PM 
Request url: "/users/5fa2a5d5df7eb228fc234b3c" 
Request params: {"id":"5fa2a5d5df7eb228fc234b3c"} 
 ------end------- 
Request time: 11/4/2020, 6:00:06 PM 
Request url: "/boards/5fa2a5d3df7eb228fc234b29/tasks/5fa2a5d3df7eb228fc234b2f" 
Request params: {"boardId":"5fa2a5d3df7eb228fc234b29","id":"5fa2a5d3df7eb228fc234b2f"} 
 ------end------- 
Request time: 11/4/2020, 6:00:06 PM 
Request url: "/boards" 
Request body: {"title":"Autotest board","columns":[{"title":"Backlog","order":1},{"title":"Sprint","order":2}]} 
 ------end------- 
Request time: 11/4/2020, 6:00:06 PM 
Request url: "/users" 
Request body: {"name":"TEST_USER","login":"test_user","password":"T35t_P@55w0rd"} 
 ------end------- 
Request time: 11/4/2020, 6:00:07 PM 
Request url: "/boards/5fa2a5d6df7eb228fc234b40" 
Request params: {"id":"5fa2a5d6df7eb228fc234b40"} 
 ------end------- 
Request time: 11/4/2020, 6:00:07 PM 
Request url: "/boards" 
Request body: {"title":"Autotest board","columns":[{"title":"Backlog","order":1},{"title":"Sprint","order":2}]} 
 ------end------- 
Request time: 11/4/2020, 6:00:07 PM 
Request url: "/users" 
Request body: {"name":"TEST_USER","login":"test_user","password":"T35t_P@55w0rd"} 
 ------end------- 
Request time: 11/4/2020, 6:00:07 PM 
Request url: "/boards/5fa2a5d7df7eb228fc234b45/tasks" 
Request body: {"title":"Task #2","order":2,"description":"Lorem ipsum","boardId":"5fa2a5d7df7eb228fc234b45","userId":null,"columnId":null} 
Request params: {"boardId":"5fa2a5d7df7eb228fc234b45"} 
 ------end------- 
Request time: 11/4/2020, 6:00:07 PM 
Request url: "/boards/5fa2a5d7df7eb228fc234b45/tasks" 
Request body: {"title":"Task #1","order":1,"description":"Lorem ipsum","boardId":"5fa2a5d7df7eb228fc234b45","userId":null,"columnId":null} 
Request params: {"boardId":"5fa2a5d7df7eb228fc234b45"} 
 ------end------- 
Request time: 11/4/2020, 6:00:07 PM 
Request url: "/boards/5fa2a5d7df7eb228fc234b45/tasks" 
Request body: {"title":"Task #3","order":3,"description":"Lorem ipsum","boardId":"5fa2a5d7df7eb228fc234b45","userId":null,"columnId":null} 
Request params: {"boardId":"5fa2a5d7df7eb228fc234b45"} 
 ------end------- 
Request time: 11/4/2020, 6:00:07 PM 
Request url: "/boards/5fa2a5d7df7eb228fc234b45/tasks" 
Request body: {"title":"Task #4","order":4,"description":"Lorem ipsum","boardId":"5fa2a5d7df7eb228fc234b45","userId":null,"columnId":null} 
Request params: {"boardId":"5fa2a5d7df7eb228fc234b45"} 
 ------end------- 
Request time: 11/4/2020, 6:00:07 PM 
Request url: "/boards/5fa2a5d7df7eb228fc234b45/tasks" 
Request body: {"title":"Task #5","order":5,"description":"Lorem ipsum","boardId":"5fa2a5d7df7eb228fc234b45","userId":null,"columnId":null} 
Request params: {"boardId":"5fa2a5d7df7eb228fc234b45"} 
 ------end------- 
Request time: 11/4/2020, 6:00:07 PM 
Request url: "/boards/5fa2a5d7df7eb228fc234b45/tasks/5fa2a5d7df7eb228fc234b4b" 
Request params: {"boardId":"5fa2a5d7df7eb228fc234b45","id":"5fa2a5d7df7eb228fc234b4b"} 
 ------end------- 
Request time: 11/4/2020, 6:00:07 PM 
Request url: "/boards/5fa2a5d7df7eb228fc234b45/tasks/5fa2a5d7df7eb228fc234b4c" 
Request params: {"boardId":"5fa2a5d7df7eb228fc234b45","id":"5fa2a5d7df7eb228fc234b4c"} 
 ------end------- 
Request time: 11/4/2020, 6:00:07 PM 
Request url: "/boards/5fa2a5d7df7eb228fc234b45/tasks/5fa2a5d7df7eb228fc234b4a" 
Request params: {"boardId":"5fa2a5d7df7eb228fc234b45","id":"5fa2a5d7df7eb228fc234b4a"} 
 ------end------- 
Request time: 11/4/2020, 6:00:07 PM 
Request url: "/boards/5fa2a5d7df7eb228fc234b45/tasks/5fa2a5d7df7eb228fc234b49" 
Request params: {"boardId":"5fa2a5d7df7eb228fc234b45","id":"5fa2a5d7df7eb228fc234b49"} 
 ------end------- 
Request time: 11/4/2020, 6:00:07 PM 
Request url: "/boards/5fa2a5d7df7eb228fc234b45/tasks/5fa2a5d7df7eb228fc234b4d" 
Request params: {"boardId":"5fa2a5d7df7eb228fc234b45","id":"5fa2a5d7df7eb228fc234b4d"} 
 ------end------- 
Request time: 11/4/2020, 6:00:07 PM 
Request url: "/boards" 
Request body: {"title":"Autotest board","columns":[{"title":"Backlog","order":1},{"title":"Sprint","order":2}]} 
 ------end------- 
Request time: 11/4/2020, 6:00:08 PM 
Request url: "/boards/5fa2a5d7df7eb228fc234b4f/tasks" 
Request body: {"title":"Task #2","order":2,"description":"Lorem ipsum","userId":"5fa2a5d7df7eb228fc234b48","boardId":"5fa2a5d7df7eb228fc234b4f"} 
Request params: {"boardId":"5fa2a5d7df7eb228fc234b4f"} 
 ------end------- 
Request time: 11/4/2020, 6:00:08 PM 
Request url: "/boards/5fa2a5d7df7eb228fc234b4f/tasks" 
Request body: {"title":"Task #1","order":1,"description":"Lorem ipsum","userId":"5fa2a5d7df7eb228fc234b48","boardId":"5fa2a5d7df7eb228fc234b4f"} 
Request params: {"boardId":"5fa2a5d7df7eb228fc234b4f"} 
 ------end------- 
Request time: 11/4/2020, 6:00:08 PM 
Request url: "/boards/5fa2a5d7df7eb228fc234b45/tasks/5fa2a5d7df7eb228fc234b4a" 
Request params: {"boardId":"5fa2a5d7df7eb228fc234b45","id":"5fa2a5d7df7eb228fc234b4a"} 
 ------end------- 
Request time: 11/4/2020, 6:00:08 PM 
Request url: "/boards/5fa2a5d7df7eb228fc234b45/tasks/5fa2a5d7df7eb228fc234b4d" 
Request params: {"boardId":"5fa2a5d7df7eb228fc234b45","id":"5fa2a5d7df7eb228fc234b4d"} 
 ------end------- 
Request time: 11/4/2020, 6:00:08 PM 
Request url: "/boards/5fa2a5d7df7eb228fc234b45/tasks/5fa2a5d7df7eb228fc234b4c" 
Request params: {"boardId":"5fa2a5d7df7eb228fc234b45","id":"5fa2a5d7df7eb228fc234b4c"} 
 ------end------- 
Request time: 11/4/2020, 6:00:08 PM 
Request url: "/boards/5fa2a5d7df7eb228fc234b45/tasks/5fa2a5d7df7eb228fc234b4b" 
Request params: {"boardId":"5fa2a5d7df7eb228fc234b45","id":"5fa2a5d7df7eb228fc234b4b"} 
 ------end------- 
Request time: 11/4/2020, 6:00:08 PM 
Request url: "/boards/5fa2a5d7df7eb228fc234b45/tasks/5fa2a5d7df7eb228fc234b49" 
Request params: {"boardId":"5fa2a5d7df7eb228fc234b45","id":"5fa2a5d7df7eb228fc234b49"} 
 ------end------- 
Request time: 11/4/2020, 6:00:08 PM 
Request url: "/boards/5fa2a5d7df7eb228fc234b4f/tasks/5fa2a5d8df7eb228fc234b53" 
Request params: {"boardId":"5fa2a5d7df7eb228fc234b4f","id":"5fa2a5d8df7eb228fc234b53"} 
 ------end------- 
Request time: 11/4/2020, 6:00:09 PM 
Request url: "/boards/5fa2a5d7df7eb228fc234b4f/tasks/5fa2a5d8df7eb228fc234b52" 
Request params: {"boardId":"5fa2a5d7df7eb228fc234b4f","id":"5fa2a5d8df7eb228fc234b52"} 
 ------end------- 
Request time: 11/4/2020, 6:00:09 PM 
Request url: "/boards/5fa2a5d7df7eb228fc234b4f/tasks/5fa2a5d8df7eb228fc234b52" 
Request params: {"boardId":"5fa2a5d7df7eb228fc234b4f","id":"5fa2a5d8df7eb228fc234b52"} 
 ------end------- 
Request time: 11/4/2020, 6:00:09 PM 
Request url: "/boards/5fa2a5d7df7eb228fc234b4f/tasks/5fa2a5d8df7eb228fc234b53" 
Request params: {"boardId":"5fa2a5d7df7eb228fc234b4f","id":"5fa2a5d8df7eb228fc234b53"} 
 ------end------- 
Request time: 11/4/2020, 6:00:19 PM 
Request url: "/login" 
Request body: {"login":"admin","password":"admin"} 
 ------end------- 
Request time: 11/4/2020, 6:00:19 PM 
Request url: "/login" 
Request body: {"login":"admin","password":"admin"} 
 ------end------- 
Request time: 11/4/2020, 6:00:19 PM 
Request url: "/login" 
Request body: {"login":"admin","password":"admin"} 
 ------end------- 
Request time: 11/4/2020, 6:00:20 PM 
Request url: "/boards" 
Request body: {"title":"Autotest board","columns":[{"title":"Backlog","order":1},{"title":"Sprint","order":2}]} 
 ------end------- 
Request time: 11/4/2020, 6:00:20 PM 
Request url: "/users" 
 ------end------- 
Request time: 11/4/2020, 6:00:20 PM 
Request url: "/boards" 
Request body: {"title":"Autotest board","columns":[{"title":"Backlog","order":1},{"title":"Sprint","order":2}]} 
 ------end------- 
Request time: 11/4/2020, 6:00:20 PM 
Request url: "/boards" 
 ------end------- 
Request time: 11/4/2020, 6:00:20 PM 
Request url: "/boards/5fa2a5e4df7eb228fc234b5a/tasks" 
Request body: {"title":"Autotest task","order":0,"description":"Lorem ipsum","userId":null,"boardId":null,"columnId":null} 
Request params: {"boardId":"5fa2a5e4df7eb228fc234b5a"} 
 ------end------- 
Request time: 11/4/2020, 6:00:20 PM 
Request url: "/users" 
Request body: {"name":"TEST_USER","login":"test_user","password":"T35t_P@55w0rd"} 
 ------end------- 
Request time: 11/4/2020, 6:00:20 PM 
Request url: "/boards/5fa2a5e4df7eb228fc234b5a/tasks" 
Request params: {"boardId":"5fa2a5e4df7eb228fc234b5a"} 
 ------end------- 
Request time: 11/4/2020, 6:00:20 PM 
Request url: "/boards" 
 ------end------- 
Request time: 11/4/2020, 6:00:20 PM 
Request url: "/boards/5fa2a5e4df7eb228fc234b5a/tasks" 
Request params: {"boardId":"5fa2a5e4df7eb228fc234b5a"} 
 ------end------- 
Request time: 11/4/2020, 6:00:20 PM 
Request url: "/users/5fa2a5e4df7eb228fc234b5e" 
Request params: {"id":"5fa2a5e4df7eb228fc234b5e"} 
 ------end------- 
Request time: 11/4/2020, 6:00:21 PM 
Request url: "/boards/5fa2a5e4df7eb228fc234b5a/tasks/5fa2a5e4df7eb228fc234b5d" 
Request params: {"boardId":"5fa2a5e4df7eb228fc234b5a","id":"5fa2a5e4df7eb228fc234b5d"} 
 ------end------- 
Request time: 11/4/2020, 6:00:21 PM 
Request url: "/boards/5fa146f392993c36a4993e74" 
Request params: {"id":"5fa146f392993c36a4993e74"} 
 ------end------- 
Request time: 11/4/2020, 6:00:21 PM 
Request url: "/boards/5fa2a5e4df7eb228fc234b5a/tasks" 
Request body: {"title":"Autotest task","order":0,"description":"Lorem ipsum","userId":null,"boardId":null,"columnId":null} 
Request params: {"boardId":"5fa2a5e4df7eb228fc234b5a"} 
 ------end------- 
Request time: 11/4/2020, 6:00:21 PM 
Request url: "/users" 
Request body: {"name":"TEST_USER","login":"test_user","password":"T35t_P@55w0rd"} 
 ------end------- 
Request time: 11/4/2020, 6:00:21 PM 
Request url: "/boards" 
Request body: {"title":"Autotest board","columns":[{"title":"Backlog","order":1},{"title":"Sprint","order":2}]} 
 ------end------- 
Request time: 11/4/2020, 6:00:21 PM 
Request url: "/boards/5fa2a5e4df7eb228fc234b5a/tasks/5fa2a5e5df7eb228fc234b60" 
Request params: {"boardId":"5fa2a5e4df7eb228fc234b5a","id":"5fa2a5e5df7eb228fc234b60"} 
 ------end------- 
Request time: 11/4/2020, 6:00:22 PM 
Request url: "/boards/5fa2a5e4df7eb228fc234b5a/tasks" 
Request body: {"title":"Autotest task","order":0,"description":"Lorem ipsum","userId":null,"boardId":null,"columnId":null} 
Request params: {"boardId":"5fa2a5e4df7eb228fc234b5a"} 
 ------end------- 
Request time: 11/4/2020, 6:00:22 PM 
Request url: "/boards/5fa2a5e4df7eb228fc234b5a/tasks/5fa2a5e6df7eb228fc234b66" 
Request body: {"id":"5fa2a5e6df7eb228fc234b66","title":"Autotest updated task","order":0,"description":"Lorem ipsum","userId":null,"columnId":null,"boardId":"5fa2a5e4df7eb228fc234b5a"} 
Request params: {"boardId":"5fa2a5e4df7eb228fc234b5a","id":"5fa2a5e6df7eb228fc234b66"} 
 ------end------- 
Request time: 11/4/2020, 6:00:22 PM 
Request url: "/boards" 
Request body: {"title":"Autotest board","columns":[{"title":"Backlog","order":1},{"title":"Sprint","order":2}]} 
 ------end------- 
Request time: 11/4/2020, 6:00:22 PM 
Request url: "/users" 
Request body: {"name":"TEST_USER","login":"test_user","password":"T35t_P@55w0rd"} 
 ------end------- 
Request time: 11/4/2020, 6:00:22 PM 
Request url: "/boards/5fa2a5e6df7eb228fc234b67" 
Request body: {"id":"5fa2a5e6df7eb228fc234b67","title":"Autotest updated board","columns":[{"_id":"5fa2a5e6df7eb228fc234b68","title":"Backlog","order":1},{"_id":"5fa2a5e6df7eb228fc234b69","title":"Sprint","order":2}]} 
Request params: {"id":"5fa2a5e6df7eb228fc234b67"} 
 ------end------- 
Request time: 11/4/2020, 6:00:22 PM 
Request url: "/boards/5fa2a5e4df7eb228fc234b5a/tasks/5fa2a5e6df7eb228fc234b66" 
Request params: {"boardId":"5fa2a5e4df7eb228fc234b5a","id":"5fa2a5e6df7eb228fc234b66"} 
 ------end------- 
Request time: 11/4/2020, 6:00:22 PM 
Request url: "/users/5fa2a5e6df7eb228fc234b6a" 
Request body: {"name":"Autotest updated TEST_USER","login":"test_user","password":"T35t_P@55w0rd","id":"5fa2a5e6df7eb228fc234b6a"} 
Request params: {"id":"5fa2a5e6df7eb228fc234b6a"} 
 ------end------- 
Request time: 11/4/2020, 6:00:22 PM 
Request url: "/boards/5fa2a5e6df7eb228fc234b67" 
Request params: {"id":"5fa2a5e6df7eb228fc234b67"} 
 ------end------- 
Request time: 11/4/2020, 6:00:22 PM 
Request url: "/boards/5fa2a5e4df7eb228fc234b5a/tasks/5fa2a5e4df7eb228fc234b5d" 
Request params: {"boardId":"5fa2a5e4df7eb228fc234b5a","id":"5fa2a5e4df7eb228fc234b5d"} 
 ------end------- 
Request time: 11/4/2020, 6:00:23 PM 
Request url: "/boards/5fa2a5e4df7eb228fc234b5a/tasks/5fa2a5e4df7eb228fc234b5d" 
Request params: {"boardId":"5fa2a5e4df7eb228fc234b5a","id":"5fa2a5e4df7eb228fc234b5d"} 
 ------end------- 
Request time: 11/4/2020, 6:00:23 PM 
Request url: "/users/5fa2a5e6df7eb228fc234b6a" 
Request params: {"id":"5fa2a5e6df7eb228fc234b6a"} 
 ------end------- 
Request time: 11/4/2020, 6:00:23 PM 
Request url: "/boards/5fa2a5e4df7eb228fc234b5a/tasks/5fa2a5e4df7eb228fc234b5d" 
Request params: {"boardId":"5fa2a5e4df7eb228fc234b5a","id":"5fa2a5e4df7eb228fc234b5d"} 
 ------end------- 
Request time: 11/4/2020, 6:00:23 PM 
Request url: "/boards" 
Request body: {"title":"Autotest board","columns":[{"title":"Backlog","order":1},{"title":"Sprint","order":2}]} 
 ------end------- 
Request time: 11/4/2020, 6:00:23 PM 
Request url: "/users" 
Request body: {"name":"TEST_USER","login":"test_user","password":"T35t_P@55w0rd"} 
 ------end------- 
Request time: 11/4/2020, 6:00:24 PM 
Request url: "/boards/5fa2a5e7df7eb228fc234b6e" 
Request params: {"id":"5fa2a5e7df7eb228fc234b6e"} 
 ------end------- 
Request time: 11/4/2020, 6:00:24 PM 
Request url: "/boards" 
Request body: {"title":"Autotest board","columns":[{"title":"Backlog","order":1},{"title":"Sprint","order":2}]} 
 ------end------- 
Request time: 11/4/2020, 6:00:24 PM 
Request url: "/boards/5fa2a5e8df7eb228fc234b73/tasks" 
Request body: {"title":"Task #1","order":1,"description":"Lorem ipsum","boardId":"5fa2a5e8df7eb228fc234b73","userId":null,"columnId":null} 
Request params: {"boardId":"5fa2a5e8df7eb228fc234b73"} 
 ------end------- 
Request time: 11/4/2020, 6:00:24 PM 
Request url: "/boards/5fa2a5e8df7eb228fc234b73/tasks" 
Request body: {"title":"Task #2","order":2,"description":"Lorem ipsum","boardId":"5fa2a5e8df7eb228fc234b73","userId":null,"columnId":null} 
Request params: {"boardId":"5fa2a5e8df7eb228fc234b73"} 
 ------end------- 
Request time: 11/4/2020, 6:00:24 PM 
Request url: "/boards/5fa2a5e8df7eb228fc234b73/tasks" 
Request body: {"title":"Task #4","order":4,"description":"Lorem ipsum","boardId":"5fa2a5e8df7eb228fc234b73","userId":null,"columnId":null} 
Request params: {"boardId":"5fa2a5e8df7eb228fc234b73"} 
 ------end------- 
Request time: 11/4/2020, 6:00:24 PM 
Request url: "/boards/5fa2a5e8df7eb228fc234b73/tasks" 
Request body: {"title":"Task #3","order":3,"description":"Lorem ipsum","boardId":"5fa2a5e8df7eb228fc234b73","userId":null,"columnId":null} 
Request params: {"boardId":"5fa2a5e8df7eb228fc234b73"} 
 ------end------- 
Request time: 11/4/2020, 6:00:24 PM 
Request url: "/boards/5fa2a5e8df7eb228fc234b73/tasks" 
Request body: {"title":"Task #5","order":5,"description":"Lorem ipsum","boardId":"5fa2a5e8df7eb228fc234b73","userId":null,"columnId":null} 
Request params: {"boardId":"5fa2a5e8df7eb228fc234b73"} 
 ------end------- 
Request time: 11/4/2020, 6:00:24 PM 
Request url: "/users" 
Request body: {"name":"TEST_USER","login":"test_user","password":"T35t_P@55w0rd"} 
 ------end------- 
Request time: 11/4/2020, 6:00:24 PM 
Request url: "/boards/5fa2a5e8df7eb228fc234b73/tasks/5fa2a5e8df7eb228fc234b76" 
Request params: {"boardId":"5fa2a5e8df7eb228fc234b73","id":"5fa2a5e8df7eb228fc234b76"} 
 ------end------- 
Request time: 11/4/2020, 6:00:24 PM 
Request url: "/boards/5fa2a5e8df7eb228fc234b73/tasks/5fa2a5e8df7eb228fc234b79" 
Request params: {"boardId":"5fa2a5e8df7eb228fc234b73","id":"5fa2a5e8df7eb228fc234b79"} 
 ------end------- 
Request time: 11/4/2020, 6:00:24 PM 
Request url: "/boards/5fa2a5e8df7eb228fc234b73/tasks/5fa2a5e8df7eb228fc234b77" 
Request params: {"boardId":"5fa2a5e8df7eb228fc234b73","id":"5fa2a5e8df7eb228fc234b77"} 
 ------end------- 
Request time: 11/4/2020, 6:00:24 PM 
Request url: "/boards/5fa2a5e8df7eb228fc234b73/tasks/5fa2a5e8df7eb228fc234b78" 
Request params: {"boardId":"5fa2a5e8df7eb228fc234b73","id":"5fa2a5e8df7eb228fc234b78"} 
 ------end------- 
Request time: 11/4/2020, 6:00:24 PM 
Request url: "/boards/5fa2a5e8df7eb228fc234b73/tasks/5fa2a5e8df7eb228fc234b7a" 
Request params: {"boardId":"5fa2a5e8df7eb228fc234b73","id":"5fa2a5e8df7eb228fc234b7a"} 
 ------end------- 
Request time: 11/4/2020, 6:00:25 PM 
Request url: "/boards" 
Request body: {"title":"Autotest board","columns":[{"title":"Backlog","order":1},{"title":"Sprint","order":2}]} 
 ------end------- 
Request time: 11/4/2020, 6:00:25 PM 
Request url: "/boards/5fa2a5e9df7eb228fc234b7d/tasks" 
Request body: {"title":"Task #1","order":1,"description":"Lorem ipsum","userId":"5fa2a5e8df7eb228fc234b7b","boardId":"5fa2a5e9df7eb228fc234b7d"} 
Request params: {"boardId":"5fa2a5e9df7eb228fc234b7d"} 
 ------end------- 
Request time: 11/4/2020, 6:00:25 PM 
Request url: "/boards/5fa2a5e9df7eb228fc234b7d/tasks" 
Request body: {"title":"Task #2","order":2,"description":"Lorem ipsum","userId":"5fa2a5e8df7eb228fc234b7b","boardId":"5fa2a5e9df7eb228fc234b7d"} 
Request params: {"boardId":"5fa2a5e9df7eb228fc234b7d"} 
 ------end------- 
Request time: 11/4/2020, 6:00:25 PM 
Request url: "/boards/5fa2a5e8df7eb228fc234b73/tasks/5fa2a5e8df7eb228fc234b76" 
Request params: {"boardId":"5fa2a5e8df7eb228fc234b73","id":"5fa2a5e8df7eb228fc234b76"} 
 ------end------- 
Request time: 11/4/2020, 6:00:25 PM 
Request url: "/boards/5fa2a5e8df7eb228fc234b73/tasks/5fa2a5e8df7eb228fc234b77" 
Request params: {"boardId":"5fa2a5e8df7eb228fc234b73","id":"5fa2a5e8df7eb228fc234b77"} 
 ------end------- 
Request time: 11/4/2020, 6:00:25 PM 
Request url: "/boards/5fa2a5e8df7eb228fc234b73/tasks/5fa2a5e8df7eb228fc234b79" 
Request params: {"boardId":"5fa2a5e8df7eb228fc234b73","id":"5fa2a5e8df7eb228fc234b79"} 
 ------end------- 
Request time: 11/4/2020, 6:00:25 PM 
Request url: "/boards/5fa2a5e8df7eb228fc234b73/tasks/5fa2a5e8df7eb228fc234b78" 
Request params: {"boardId":"5fa2a5e8df7eb228fc234b73","id":"5fa2a5e8df7eb228fc234b78"} 
 ------end------- 
Request time: 11/4/2020, 6:00:25 PM 
Request url: "/boards/5fa2a5e8df7eb228fc234b73/tasks/5fa2a5e8df7eb228fc234b7a" 
Request params: {"boardId":"5fa2a5e8df7eb228fc234b73","id":"5fa2a5e8df7eb228fc234b7a"} 
 ------end------- 
Request time: 11/4/2020, 6:00:26 PM 
Request url: "/boards/5fa2a5e9df7eb228fc234b7d/tasks/5fa2a5e9df7eb228fc234b80" 
Request params: {"boardId":"5fa2a5e9df7eb228fc234b7d","id":"5fa2a5e9df7eb228fc234b80"} 
 ------end------- 
Request time: 11/4/2020, 6:00:26 PM 
Request url: "/boards/5fa2a5e9df7eb228fc234b7d/tasks/5fa2a5e9df7eb228fc234b81" 
Request params: {"boardId":"5fa2a5e9df7eb228fc234b7d","id":"5fa2a5e9df7eb228fc234b81"} 
 ------end------- 
Request time: 11/4/2020, 6:00:26 PM 
Request url: "/boards/5fa2a5e9df7eb228fc234b7d/tasks/5fa2a5e9df7eb228fc234b80" 
Request params: {"boardId":"5fa2a5e9df7eb228fc234b7d","id":"5fa2a5e9df7eb228fc234b80"} 
 ------end------- 
Request time: 11/4/2020, 6:00:26 PM 
Request url: "/boards/5fa2a5e9df7eb228fc234b7d/tasks/5fa2a5e9df7eb228fc234b81" 
Request params: {"boardId":"5fa2a5e9df7eb228fc234b7d","id":"5fa2a5e9df7eb228fc234b81"} 
 ------end------- 
Request time: 11/4/2020, 6:00:34 PM 
Request url: "/login" 
Request body: {"login":"admin","password":"admin"} 
 ------end------- 
Request time: 11/4/2020, 6:00:34 PM 
Request url: "/login" 
Request body: {"login":"admin","password":"admin"} 
 ------end------- 
Request time: 11/4/2020, 6:00:34 PM 
Request url: "/login" 
Request body: {"login":"admin","password":"admin"} 
 ------end------- 
Request time: 11/4/2020, 6:00:35 PM 
Request url: "/boards" 
Request body: {"title":"Autotest board","columns":[{"title":"Backlog","order":1},{"title":"Sprint","order":2}]} 
 ------end------- 
Request time: 11/4/2020, 6:00:35 PM 
Request url: "/users" 
 ------end------- 
Request time: 11/4/2020, 6:00:35 PM 
Request url: "/boards" 
Request body: {"title":"Autotest board","columns":[{"title":"Backlog","order":1},{"title":"Sprint","order":2}]} 
 ------end------- 
Request time: 11/4/2020, 6:00:35 PM 
Request url: "/boards" 
 ------end------- 
Request time: 11/4/2020, 6:00:35 PM 
Request url: "/boards/5fa2a5f3df7eb228fc234b88/tasks" 
Request body: {"title":"Autotest task","order":0,"description":"Lorem ipsum","userId":null,"boardId":null,"columnId":null} 
Request params: {"boardId":"5fa2a5f3df7eb228fc234b88"} 
 ------end------- 
Request time: 11/4/2020, 6:00:35 PM 
Request url: "/users" 
Request body: {"name":"TEST_USER","login":"test_user","password":"T35t_P@55w0rd"} 
 ------end------- 
Request time: 11/4/2020, 6:00:35 PM 
Request url: "/boards/5fa2a5f3df7eb228fc234b88/tasks" 
Request params: {"boardId":"5fa2a5f3df7eb228fc234b88"} 
 ------end------- 
Request time: 11/4/2020, 6:00:36 PM 
Request url: "/users/5fa2a5f3df7eb228fc234b8c" 
Request params: {"id":"5fa2a5f3df7eb228fc234b8c"} 
 ------end------- 
Request time: 11/4/2020, 6:00:36 PM 
Request url: "/boards/5fa2a5f3df7eb228fc234b88/tasks" 
Request params: {"boardId":"5fa2a5f3df7eb228fc234b88"} 
 ------end------- 
Request time: 11/4/2020, 6:00:36 PM 
Request url: "/boards" 
 ------end------- 
Request time: 11/4/2020, 6:00:36 PM 
Request url: "/boards/5fa2a5f3df7eb228fc234b88/tasks/5fa2a5f3df7eb228fc234b8b" 
Request params: {"boardId":"5fa2a5f3df7eb228fc234b88","id":"5fa2a5f3df7eb228fc234b8b"} 
 ------end------- 
Request time: 11/4/2020, 6:00:36 PM 
Request url: "/boards/5fa2a5f3df7eb228fc234b88/tasks" 
Request body: {"title":"Autotest task","order":0,"description":"Lorem ipsum","userId":null,"boardId":null,"columnId":null} 
Request params: {"boardId":"5fa2a5f3df7eb228fc234b88"} 
 ------end------- 
Request time: 11/4/2020, 6:00:36 PM 
Request url: "/boards/5fa146f392993c36a4993e74" 
Request params: {"id":"5fa146f392993c36a4993e74"} 
 ------end------- 
Request time: 11/4/2020, 6:00:36 PM 
Request url: "/users" 
Request body: {"name":"TEST_USER","login":"test_user","password":"T35t_P@55w0rd"} 
 ------end------- 
Request time: 11/4/2020, 6:00:36 PM 
Request url: "/boards/5fa2a5f3df7eb228fc234b88/tasks/5fa2a5f4df7eb228fc234b8e" 
Request params: {"boardId":"5fa2a5f3df7eb228fc234b88","id":"5fa2a5f4df7eb228fc234b8e"} 
 ------end------- 
Request time: 11/4/2020, 6:00:36 PM 
Request url: "/boards" 
Request body: {"title":"Autotest board","columns":[{"title":"Backlog","order":1},{"title":"Sprint","order":2}]} 
 ------end------- 
Request time: 11/4/2020, 6:00:37 PM 
Request url: "/boards/5fa2a5f3df7eb228fc234b88/tasks" 
Request body: {"title":"Autotest task","order":0,"description":"Lorem ipsum","userId":null,"boardId":null,"columnId":null} 
Request params: {"boardId":"5fa2a5f3df7eb228fc234b88"} 
 ------end------- 
Request time: 11/4/2020, 6:00:37 PM 
Request url: "/boards/5fa2a5f3df7eb228fc234b88/tasks/5fa2a5f5df7eb228fc234b94" 
Request body: {"id":"5fa2a5f5df7eb228fc234b94","title":"Autotest updated task","order":0,"description":"Lorem ipsum","userId":null,"columnId":null,"boardId":"5fa2a5f3df7eb228fc234b88"} 
Request params: {"boardId":"5fa2a5f3df7eb228fc234b88","id":"5fa2a5f5df7eb228fc234b94"} 
 ------end------- 
Request time: 11/4/2020, 6:00:37 PM 
Request url: "/users" 
Request body: {"name":"TEST_USER","login":"test_user","password":"T35t_P@55w0rd"} 
 ------end------- 
Request time: 11/4/2020, 6:00:37 PM 
Request url: "/boards" 
Request body: {"title":"Autotest board","columns":[{"title":"Backlog","order":1},{"title":"Sprint","order":2}]} 
 ------end------- 
Request time: 11/4/2020, 6:00:37 PM 
Request url: "/boards/5fa2a5f3df7eb228fc234b88/tasks/5fa2a5f5df7eb228fc234b94" 
Request params: {"boardId":"5fa2a5f3df7eb228fc234b88","id":"5fa2a5f5df7eb228fc234b94"} 
 ------end------- 
Request time: 11/4/2020, 6:00:37 PM 
Request url: "/boards/5fa2a5f5df7eb228fc234b96" 
Request body: {"id":"5fa2a5f5df7eb228fc234b96","title":"Autotest updated board","columns":[{"_id":"5fa2a5f5df7eb228fc234b97","title":"Backlog","order":1},{"_id":"5fa2a5f5df7eb228fc234b98","title":"Sprint","order":2}]} 
Request params: {"id":"5fa2a5f5df7eb228fc234b96"} 
 ------end------- 
Request time: 11/4/2020, 6:00:37 PM 
Request url: "/users/5fa2a5f5df7eb228fc234b95" 
Request body: {"name":"Autotest updated TEST_USER","login":"test_user","password":"T35t_P@55w0rd","id":"5fa2a5f5df7eb228fc234b95"} 
Request params: {"id":"5fa2a5f5df7eb228fc234b95"} 
 ------end------- 
Request time: 11/4/2020, 6:00:38 PM 
Request url: "/boards/5fa2a5f3df7eb228fc234b88/tasks/5fa2a5f3df7eb228fc234b8b" 
Request params: {"boardId":"5fa2a5f3df7eb228fc234b88","id":"5fa2a5f3df7eb228fc234b8b"} 
 ------end------- 
Request time: 11/4/2020, 6:00:38 PM 
Request url: "/boards/5fa2a5f5df7eb228fc234b96" 
Request params: {"id":"5fa2a5f5df7eb228fc234b96"} 
 ------end------- 
Request time: 11/4/2020, 6:00:38 PM 
Request url: "/boards/5fa2a5f3df7eb228fc234b88/tasks/5fa2a5f3df7eb228fc234b8b" 
Request params: {"boardId":"5fa2a5f3df7eb228fc234b88","id":"5fa2a5f3df7eb228fc234b8b"} 
 ------end------- 
Request time: 11/4/2020, 6:00:38 PM 
Request url: "/users/5fa2a5f5df7eb228fc234b95" 
Request params: {"id":"5fa2a5f5df7eb228fc234b95"} 
 ------end------- 
Request time: 11/4/2020, 6:00:38 PM 
Request url: "/boards/5fa2a5f3df7eb228fc234b88/tasks/5fa2a5f3df7eb228fc234b8b" 
Request params: {"boardId":"5fa2a5f3df7eb228fc234b88","id":"5fa2a5f3df7eb228fc234b8b"} 
 ------end------- 
Request time: 11/4/2020, 6:00:38 PM 
Request url: "/boards" 
Request body: {"title":"Autotest board","columns":[{"title":"Backlog","order":1},{"title":"Sprint","order":2}]} 
 ------end------- 
Request time: 11/4/2020, 6:00:38 PM 
Request url: "/users" 
Request body: {"name":"TEST_USER","login":"test_user","password":"T35t_P@55w0rd"} 
 ------end------- 
Request time: 11/4/2020, 6:00:39 PM 
Request url: "/boards/5fa2a5f6df7eb228fc234b9c" 
Request params: {"id":"5fa2a5f6df7eb228fc234b9c"} 
 ------end------- 
Request time: 11/4/2020, 6:00:39 PM 
Request url: "/boards" 
Request body: {"title":"Autotest board","columns":[{"title":"Backlog","order":1},{"title":"Sprint","order":2}]} 
 ------end------- 
Request time: 11/4/2020, 6:00:39 PM 
Request url: "/boards/5fa2a5f7df7eb228fc234ba1/tasks" 
Request body: {"title":"Task #1","order":1,"description":"Lorem ipsum","boardId":"5fa2a5f7df7eb228fc234ba1","userId":null,"columnId":null} 
Request params: {"boardId":"5fa2a5f7df7eb228fc234ba1"} 
 ------end------- 
Request time: 11/4/2020, 6:00:39 PM 
Request url: "/boards/5fa2a5f7df7eb228fc234ba1/tasks" 
Request body: {"title":"Task #2","order":2,"description":"Lorem ipsum","boardId":"5fa2a5f7df7eb228fc234ba1","userId":null,"columnId":null} 
Request params: {"boardId":"5fa2a5f7df7eb228fc234ba1"} 
 ------end------- 
Request time: 11/4/2020, 6:00:39 PM 
Request url: "/boards/5fa2a5f7df7eb228fc234ba1/tasks" 
Request body: {"title":"Task #5","order":5,"description":"Lorem ipsum","boardId":"5fa2a5f7df7eb228fc234ba1","userId":null,"columnId":null} 
Request params: {"boardId":"5fa2a5f7df7eb228fc234ba1"} 
 ------end------- 
Request time: 11/4/2020, 6:00:39 PM 
Request url: "/boards/5fa2a5f7df7eb228fc234ba1/tasks" 
Request body: {"title":"Task #4","order":4,"description":"Lorem ipsum","boardId":"5fa2a5f7df7eb228fc234ba1","userId":null,"columnId":null} 
Request params: {"boardId":"5fa2a5f7df7eb228fc234ba1"} 
 ------end------- 
Request time: 11/4/2020, 6:00:39 PM 
Request url: "/boards/5fa2a5f7df7eb228fc234ba1/tasks" 
Request body: {"title":"Task #3","order":3,"description":"Lorem ipsum","boardId":"5fa2a5f7df7eb228fc234ba1","userId":null,"columnId":null} 
Request params: {"boardId":"5fa2a5f7df7eb228fc234ba1"} 
 ------end------- 
Request time: 11/4/2020, 6:00:40 PM 
Request url: "/users" 
Request body: {"name":"TEST_USER","login":"test_user","password":"T35t_P@55w0rd"} 
 ------end------- 
Request time: 11/4/2020, 6:00:40 PM 
Request url: "/boards/5fa2a5f7df7eb228fc234ba1/tasks/5fa2a5f7df7eb228fc234ba7" 
Request params: {"boardId":"5fa2a5f7df7eb228fc234ba1","id":"5fa2a5f7df7eb228fc234ba7"} 
 ------end------- 
Request time: 11/4/2020, 6:00:40 PM 
Request url: "/boards/5fa2a5f7df7eb228fc234ba1/tasks/5fa2a5f7df7eb228fc234ba5" 
Request params: {"boardId":"5fa2a5f7df7eb228fc234ba1","id":"5fa2a5f7df7eb228fc234ba5"} 
 ------end------- 
Request time: 11/4/2020, 6:00:40 PM 
Request url: "/boards/5fa2a5f7df7eb228fc234ba1/tasks/5fa2a5f7df7eb228fc234ba6" 
Request params: {"boardId":"5fa2a5f7df7eb228fc234ba1","id":"5fa2a5f7df7eb228fc234ba6"} 
 ------end------- 
Request time: 11/4/2020, 6:00:40 PM 
Request url: "/boards/5fa2a5f7df7eb228fc234ba1/tasks/5fa2a5f7df7eb228fc234ba8" 
Request params: {"boardId":"5fa2a5f7df7eb228fc234ba1","id":"5fa2a5f7df7eb228fc234ba8"} 
 ------end------- 
Request time: 11/4/2020, 6:00:40 PM 
Request url: "/boards/5fa2a5f7df7eb228fc234ba1/tasks/5fa2a5f7df7eb228fc234ba4" 
Request params: {"boardId":"5fa2a5f7df7eb228fc234ba1","id":"5fa2a5f7df7eb228fc234ba4"} 
 ------end------- 
Request time: 11/4/2020, 6:00:40 PM 
Request url: "/boards" 
Request body: {"title":"Autotest board","columns":[{"title":"Backlog","order":1},{"title":"Sprint","order":2}]} 
 ------end------- 
Request time: 11/4/2020, 6:00:40 PM 
Request url: "/boards/5fa2a5f8df7eb228fc234bab/tasks" 
Request body: {"title":"Task #2","order":2,"description":"Lorem ipsum","userId":"5fa2a5f8df7eb228fc234ba9","boardId":"5fa2a5f8df7eb228fc234bab"} 
Request params: {"boardId":"5fa2a5f8df7eb228fc234bab"} 
 ------end------- 
Request time: 11/4/2020, 6:00:40 PM 
Request url: "/boards/5fa2a5f8df7eb228fc234bab/tasks" 
Request body: {"title":"Task #1","order":1,"description":"Lorem ipsum","userId":"5fa2a5f8df7eb228fc234ba9","boardId":"5fa2a5f8df7eb228fc234bab"} 
Request params: {"boardId":"5fa2a5f8df7eb228fc234bab"} 
 ------end------- 
Request time: 11/4/2020, 6:00:40 PM 
Request url: "/boards/5fa2a5f7df7eb228fc234ba1/tasks/5fa2a5f7df7eb228fc234ba6" 
Request params: {"boardId":"5fa2a5f7df7eb228fc234ba1","id":"5fa2a5f7df7eb228fc234ba6"} 
 ------end------- 
Request time: 11/4/2020, 6:00:40 PM 
Request url: "/boards/5fa2a5f7df7eb228fc234ba1/tasks/5fa2a5f7df7eb228fc234ba7" 
Request params: {"boardId":"5fa2a5f7df7eb228fc234ba1","id":"5fa2a5f7df7eb228fc234ba7"} 
 ------end------- 
Request time: 11/4/2020, 6:00:40 PM 
Request url: "/boards/5fa2a5f7df7eb228fc234ba1/tasks/5fa2a5f7df7eb228fc234ba4" 
Request params: {"boardId":"5fa2a5f7df7eb228fc234ba1","id":"5fa2a5f7df7eb228fc234ba4"} 
 ------end------- 
Request time: 11/4/2020, 6:00:40 PM 
Request url: "/boards/5fa2a5f7df7eb228fc234ba1/tasks/5fa2a5f7df7eb228fc234ba8" 
Request params: {"boardId":"5fa2a5f7df7eb228fc234ba1","id":"5fa2a5f7df7eb228fc234ba8"} 
 ------end------- 
Request time: 11/4/2020, 6:00:40 PM 
Request url: "/boards/5fa2a5f7df7eb228fc234ba1/tasks/5fa2a5f7df7eb228fc234ba5" 
Request params: {"boardId":"5fa2a5f7df7eb228fc234ba1","id":"5fa2a5f7df7eb228fc234ba5"} 
 ------end------- 
Request time: 11/4/2020, 6:00:41 PM 
Request url: "/boards/5fa2a5f8df7eb228fc234bab/tasks/5fa2a5f8df7eb228fc234baf" 
Request params: {"boardId":"5fa2a5f8df7eb228fc234bab","id":"5fa2a5f8df7eb228fc234baf"} 
 ------end------- 
Request time: 11/4/2020, 6:00:41 PM 
Request url: "/boards/5fa2a5f8df7eb228fc234bab/tasks/5fa2a5f8df7eb228fc234bae" 
Request params: {"boardId":"5fa2a5f8df7eb228fc234bab","id":"5fa2a5f8df7eb228fc234bae"} 
 ------end------- 
Request time: 11/4/2020, 6:00:41 PM 
Request url: "/boards/5fa2a5f8df7eb228fc234bab/tasks/5fa2a5f8df7eb228fc234baf" 
Request params: {"boardId":"5fa2a5f8df7eb228fc234bab","id":"5fa2a5f8df7eb228fc234baf"} 
 ------end------- 
Request time: 11/4/2020, 6:00:41 PM 
Request url: "/boards/5fa2a5f8df7eb228fc234bab/tasks/5fa2a5f8df7eb228fc234bae" 
Request params: {"boardId":"5fa2a5f8df7eb228fc234bab","id":"5fa2a5f8df7eb228fc234bae"} 
 ------end------- 
Request time: 11/4/2020, 8:50:37 PM 
Request url: "/boards/12345" 
Request params: {"id":"12345"} 
 ------end------- 
Request time: 11/4/2020, 9:12:09 PM 
Request url: "/login" 
Request body: {"login":"admin","password":"admin"} 
 ------end------- 
Request time: 11/4/2020, 9:12:09 PM 
Request url: "/login" 
Request body: {"login":"admin","password":"admin"} 
 ------end------- 
Request time: 11/4/2020, 9:12:09 PM 
Request url: "/login" 
Request body: {"login":"admin","password":"admin"} 
 ------end------- 
Request time: 11/4/2020, 9:12:10 PM 
Request url: "/users" 
 ------end------- 
Request time: 11/4/2020, 9:12:10 PM 
Request url: "/boards" 
Request body: {"title":"Autotest board","columns":[{"title":"Backlog","order":1},{"title":"Sprint","order":2}]} 
 ------end------- 
Request time: 11/4/2020, 9:12:10 PM 
Request url: "/boards" 
Request body: {"title":"Autotest board","columns":[{"title":"Backlog","order":1},{"title":"Sprint","order":2}]} 
 ------end------- 
Request time: 11/4/2020, 9:12:10 PM 
Request url: "/boards/5fa2d2da1ef6ce3310f8cb1c/tasks" 
Request body: {"title":"Autotest task","order":0,"description":"Lorem ipsum","userId":null,"boardId":null,"columnId":null} 
Request params: {"boardId":"5fa2d2da1ef6ce3310f8cb1c"} 
 ------end------- 
Request time: 11/4/2020, 9:12:10 PM 
Request url: "/boards" 
 ------end------- 
Request time: 11/4/2020, 9:12:10 PM 
Request url: "/users" 
Request body: {"name":"TEST_USER","login":"test_user","password":"T35t_P@55w0rd"} 
 ------end------- 
Request time: 11/4/2020, 9:12:11 PM 
Request url: "/boards/5fa2d2da1ef6ce3310f8cb1c/tasks" 
Request params: {"boardId":"5fa2d2da1ef6ce3310f8cb1c"} 
 ------end------- 
Request time: 11/4/2020, 9:12:11 PM 
Request url: "/users/5fa2d2da1ef6ce3310f8cb20" 
Request params: {"id":"5fa2d2da1ef6ce3310f8cb20"} 
 ------end------- 
Request time: 11/4/2020, 9:12:11 PM 
Request url: "/boards/5fa2d2da1ef6ce3310f8cb1c/tasks" 
Request params: {"boardId":"5fa2d2da1ef6ce3310f8cb1c"} 
 ------end------- 
Request time: 11/4/2020, 9:12:11 PM 
Request url: "/boards" 
 ------end------- 
Request time: 11/4/2020, 9:12:11 PM 
Request url: "/boards/5fa2d2da1ef6ce3310f8cb1c/tasks/5fa2d2da1ef6ce3310f8cb1f" 
Request params: {"boardId":"5fa2d2da1ef6ce3310f8cb1c","id":"5fa2d2da1ef6ce3310f8cb1f"} 
 ------end------- 
Request time: 11/4/2020, 9:12:12 PM 
Request url: "/users" 
Request body: {"name":"TEST_USER","login":"test_user","password":"T35t_P@55w0rd"} 
 ------end------- 
Request time: 11/4/2020, 9:12:12 PM 
Request url: "/boards/5fa2d2da1ef6ce3310f8cb1c/tasks" 
Request body: {"title":"Autotest task","order":0,"description":"Lorem ipsum","userId":null,"boardId":null,"columnId":null} 
Request params: {"boardId":"5fa2d2da1ef6ce3310f8cb1c"} 
 ------end------- 
Request time: 11/4/2020, 9:12:12 PM 
Request url: "/boards/5fa146f392993c36a4993e74" 
Request params: {"id":"5fa146f392993c36a4993e74"} 
 ------end------- 
Request time: 11/4/2020, 9:12:12 PM 
Request url: "/boards/5fa2d2da1ef6ce3310f8cb1c/tasks/5fa2d2dc1ef6ce3310f8cb23" 
Request params: {"boardId":"5fa2d2da1ef6ce3310f8cb1c","id":"5fa2d2dc1ef6ce3310f8cb23"} 
 ------end------- 
Request time: 11/4/2020, 9:12:12 PM 
Request url: "/boards" 
Request body: {"title":"Autotest board","columns":[{"title":"Backlog","order":1},{"title":"Sprint","order":2}]} 
 ------end------- 
Request time: 11/4/2020, 9:12:12 PM 
Request url: "/boards/5fa2d2da1ef6ce3310f8cb1c/tasks" 
Request body: {"title":"Autotest task","order":0,"description":"Lorem ipsum","userId":null,"boardId":null,"columnId":null} 
Request params: {"boardId":"5fa2d2da1ef6ce3310f8cb1c"} 
 ------end------- 
Request time: 11/4/2020, 9:12:12 PM 
Request url: "/users" 
Request body: {"name":"TEST_USER","login":"test_user","password":"T35t_P@55w0rd"} 
 ------end------- 
Request time: 11/4/2020, 9:12:12 PM 
Request url: "/boards/5fa2d2da1ef6ce3310f8cb1c/tasks/5fa2d2dc1ef6ce3310f8cb28" 
Request body: {"id":"5fa2d2dc1ef6ce3310f8cb28","title":"Autotest updated task","order":0,"description":"Lorem ipsum","userId":null,"columnId":null,"boardId":"5fa2d2da1ef6ce3310f8cb1c"} 
Request params: {"boardId":"5fa2d2da1ef6ce3310f8cb1c","id":"5fa2d2dc1ef6ce3310f8cb28"} 
 ------end------- 
Request time: 11/4/2020, 9:12:13 PM 
Request url: "/boards" 
Request body: {"title":"Autotest board","columns":[{"title":"Backlog","order":1},{"title":"Sprint","order":2}]} 
 ------end------- 
Request time: 11/4/2020, 9:12:13 PM 
Request url: "/boards/5fa2d2da1ef6ce3310f8cb1c/tasks/5fa2d2dc1ef6ce3310f8cb28" 
Request params: {"boardId":"5fa2d2da1ef6ce3310f8cb1c","id":"5fa2d2dc1ef6ce3310f8cb28"} 
 ------end------- 
Request time: 11/4/2020, 9:12:13 PM 
Request url: "/users/5fa2d2dc1ef6ce3310f8cb29" 
Request body: {"name":"Autotest updated TEST_USER","login":"test_user","password":"T35t_P@55w0rd","id":"5fa2d2dc1ef6ce3310f8cb29"} 
Request params: {"id":"5fa2d2dc1ef6ce3310f8cb29"} 
 ------end------- 
Request time: 11/4/2020, 9:12:13 PM 
Request url: "/boards/5fa2d2dd1ef6ce3310f8cb2b" 
Request body: {"id":"5fa2d2dd1ef6ce3310f8cb2b","title":"Autotest updated board","columns":[{"_id":"5fa2d2dd1ef6ce3310f8cb2c","title":"Backlog","order":1},{"_id":"5fa2d2dd1ef6ce3310f8cb2d","title":"Sprint","order":2}]} 
Request params: {"id":"5fa2d2dd1ef6ce3310f8cb2b"} 
 ------end------- 
Request time: 11/4/2020, 9:12:13 PM 
Request url: "/boards/5fa2d2da1ef6ce3310f8cb1c/tasks/5fa2d2da1ef6ce3310f8cb1f" 
Request params: {"boardId":"5fa2d2da1ef6ce3310f8cb1c","id":"5fa2d2da1ef6ce3310f8cb1f"} 
 ------end------- 
Request time: 11/4/2020, 9:12:13 PM 
Request url: "/boards/5fa2d2dd1ef6ce3310f8cb2b" 
Request params: {"id":"5fa2d2dd1ef6ce3310f8cb2b"} 
 ------end------- 
Request time: 11/4/2020, 9:12:13 PM 
Request url: "/users/5fa2d2dc1ef6ce3310f8cb29" 
Request params: {"id":"5fa2d2dc1ef6ce3310f8cb29"} 
 ------end------- 
Request time: 11/4/2020, 9:12:13 PM 
Request url: "/boards/5fa2d2da1ef6ce3310f8cb1c/tasks/5fa2d2da1ef6ce3310f8cb1f" 
Request params: {"boardId":"5fa2d2da1ef6ce3310f8cb1c","id":"5fa2d2da1ef6ce3310f8cb1f"} 
 ------end------- 
Request time: 11/4/2020, 9:12:14 PM 
Request url: "/boards/5fa2d2da1ef6ce3310f8cb1c/tasks/5fa2d2da1ef6ce3310f8cb1f" 
Request params: {"boardId":"5fa2d2da1ef6ce3310f8cb1c","id":"5fa2d2da1ef6ce3310f8cb1f"} 
 ------end------- 
Request time: 11/4/2020, 9:12:14 PM 
Request url: "/boards" 
Request body: {"title":"Autotest board","columns":[{"title":"Backlog","order":1},{"title":"Sprint","order":2}]} 
 ------end------- 
Request time: 11/4/2020, 9:12:14 PM 
Request url: "/users" 
Request body: {"name":"TEST_USER","login":"test_user","password":"T35t_P@55w0rd"} 
 ------end------- 
Request time: 11/4/2020, 9:12:14 PM 
Request url: "/boards/5fa2d2de1ef6ce3310f8cb30" 
Request params: {"id":"5fa2d2de1ef6ce3310f8cb30"} 
 ------end------- 
Request time: 11/4/2020, 9:12:15 PM 
Request url: "/boards" 
Request body: {"title":"Autotest board","columns":[{"title":"Backlog","order":1},{"title":"Sprint","order":2}]} 
 ------end------- 
Request time: 11/4/2020, 9:12:15 PM 
Request url: "/users" 
Request body: {"name":"TEST_USER","login":"test_user","password":"T35t_P@55w0rd"} 
 ------end------- 
Request time: 11/4/2020, 9:12:15 PM 
Request url: "/boards/5fa2d2df1ef6ce3310f8cb35/tasks" 
Request body: {"title":"Task #1","order":1,"description":"Lorem ipsum","boardId":"5fa2d2df1ef6ce3310f8cb35","userId":null,"columnId":null} 
Request params: {"boardId":"5fa2d2df1ef6ce3310f8cb35"} 
 ------end------- 
Request time: 11/4/2020, 9:12:15 PM 
Request url: "/boards/5fa2d2df1ef6ce3310f8cb35/tasks" 
Request body: {"title":"Task #3","order":3,"description":"Lorem ipsum","boardId":"5fa2d2df1ef6ce3310f8cb35","userId":null,"columnId":null} 
Request params: {"boardId":"5fa2d2df1ef6ce3310f8cb35"} 
 ------end------- 
Request time: 11/4/2020, 9:12:15 PM 
Request url: "/boards/5fa2d2df1ef6ce3310f8cb35/tasks" 
Request body: {"title":"Task #2","order":2,"description":"Lorem ipsum","boardId":"5fa2d2df1ef6ce3310f8cb35","userId":null,"columnId":null} 
Request params: {"boardId":"5fa2d2df1ef6ce3310f8cb35"} 
 ------end------- 
Request time: 11/4/2020, 9:12:15 PM 
Request url: "/boards/5fa2d2df1ef6ce3310f8cb35/tasks" 
Request body: {"title":"Task #4","order":4,"description":"Lorem ipsum","boardId":"5fa2d2df1ef6ce3310f8cb35","userId":null,"columnId":null} 
Request params: {"boardId":"5fa2d2df1ef6ce3310f8cb35"} 
 ------end------- 
Request time: 11/4/2020, 9:12:15 PM 
Request url: "/boards/5fa2d2df1ef6ce3310f8cb35/tasks" 
Request body: {"title":"Task #5","order":5,"description":"Lorem ipsum","boardId":"5fa2d2df1ef6ce3310f8cb35","userId":null,"columnId":null} 
Request params: {"boardId":"5fa2d2df1ef6ce3310f8cb35"} 
 ------end------- 
Request time: 11/4/2020, 9:12:15 PM 
Request url: "/boards" 
Request body: {"title":"Autotest board","columns":[{"title":"Backlog","order":1},{"title":"Sprint","order":2}]} 
 ------end------- 
Request time: 11/4/2020, 9:12:15 PM 
Request url: "/boards/5fa2d2df1ef6ce3310f8cb35/tasks/5fa2d2df1ef6ce3310f8cb3a" 
Request params: {"boardId":"5fa2d2df1ef6ce3310f8cb35","id":"5fa2d2df1ef6ce3310f8cb3a"} 
 ------end------- 
Request time: 11/4/2020, 9:12:15 PM 
Request url: "/boards/5fa2d2df1ef6ce3310f8cb35/tasks/5fa2d2df1ef6ce3310f8cb3c" 
Request params: {"boardId":"5fa2d2df1ef6ce3310f8cb35","id":"5fa2d2df1ef6ce3310f8cb3c"} 
 ------end------- 
Request time: 11/4/2020, 9:12:15 PM 
Request url: "/boards/5fa2d2df1ef6ce3310f8cb35/tasks/5fa2d2df1ef6ce3310f8cb3e" 
Request params: {"boardId":"5fa2d2df1ef6ce3310f8cb35","id":"5fa2d2df1ef6ce3310f8cb3e"} 
 ------end------- 
Request time: 11/4/2020, 9:12:15 PM 
Request url: "/boards/5fa2d2df1ef6ce3310f8cb35/tasks/5fa2d2df1ef6ce3310f8cb3d" 
Request params: {"boardId":"5fa2d2df1ef6ce3310f8cb35","id":"5fa2d2df1ef6ce3310f8cb3d"} 
 ------end------- 
Request time: 11/4/2020, 9:12:15 PM 
Request url: "/boards/5fa2d2df1ef6ce3310f8cb35/tasks/5fa2d2df1ef6ce3310f8cb3b" 
Request params: {"boardId":"5fa2d2df1ef6ce3310f8cb35","id":"5fa2d2df1ef6ce3310f8cb3b"} 
 ------end------- 
Request time: 11/4/2020, 9:12:15 PM 
Request url: "/boards/5fa2d2df1ef6ce3310f8cb3f/tasks" 
Request body: {"title":"Task #1","order":1,"description":"Lorem ipsum","userId":"5fa2d2df1ef6ce3310f8cb38","boardId":"5fa2d2df1ef6ce3310f8cb3f"} 
Request params: {"boardId":"5fa2d2df1ef6ce3310f8cb3f"} 
 ------end------- 
Request time: 11/4/2020, 9:12:15 PM 
Request url: "/boards/5fa2d2df1ef6ce3310f8cb3f/tasks" 
Request body: {"title":"Task #2","order":2,"description":"Lorem ipsum","userId":"5fa2d2df1ef6ce3310f8cb38","boardId":"5fa2d2df1ef6ce3310f8cb3f"} 
Request params: {"boardId":"5fa2d2df1ef6ce3310f8cb3f"} 
 ------end------- 
Request time: 11/4/2020, 9:12:16 PM 
Request url: "/boards/5fa2d2df1ef6ce3310f8cb35/tasks/5fa2d2df1ef6ce3310f8cb3a" 
Request params: {"boardId":"5fa2d2df1ef6ce3310f8cb35","id":"5fa2d2df1ef6ce3310f8cb3a"} 
 ------end------- 
Request time: 11/4/2020, 9:12:16 PM 
Request url: "/boards/5fa2d2df1ef6ce3310f8cb35/tasks/5fa2d2df1ef6ce3310f8cb3c" 
Request params: {"boardId":"5fa2d2df1ef6ce3310f8cb35","id":"5fa2d2df1ef6ce3310f8cb3c"} 
 ------end------- 
Request time: 11/4/2020, 9:12:16 PM 
Request url: "/boards/5fa2d2df1ef6ce3310f8cb35/tasks/5fa2d2df1ef6ce3310f8cb3e" 
Request params: {"boardId":"5fa2d2df1ef6ce3310f8cb35","id":"5fa2d2df1ef6ce3310f8cb3e"} 
 ------end------- 
Request time: 11/4/2020, 9:12:16 PM 
Request url: "/boards/5fa2d2df1ef6ce3310f8cb35/tasks/5fa2d2df1ef6ce3310f8cb3b" 
Request params: {"boardId":"5fa2d2df1ef6ce3310f8cb35","id":"5fa2d2df1ef6ce3310f8cb3b"} 
 ------end------- 
Request time: 11/4/2020, 9:12:16 PM 
Request url: "/boards/5fa2d2df1ef6ce3310f8cb35/tasks/5fa2d2df1ef6ce3310f8cb3d" 
Request params: {"boardId":"5fa2d2df1ef6ce3310f8cb35","id":"5fa2d2df1ef6ce3310f8cb3d"} 
 ------end------- 
Request time: 11/4/2020, 9:12:16 PM 
Request url: "/boards/5fa2d2df1ef6ce3310f8cb3f/tasks/5fa2d2df1ef6ce3310f8cb42" 
Request params: {"boardId":"5fa2d2df1ef6ce3310f8cb3f","id":"5fa2d2df1ef6ce3310f8cb42"} 
 ------end------- 
Request time: 11/4/2020, 9:12:16 PM 
Request url: "/boards/5fa2d2df1ef6ce3310f8cb3f/tasks/5fa2d2df1ef6ce3310f8cb43" 
Request params: {"boardId":"5fa2d2df1ef6ce3310f8cb3f","id":"5fa2d2df1ef6ce3310f8cb43"} 
 ------end------- 
Request time: 11/4/2020, 9:12:17 PM 
Request url: "/boards/5fa2d2df1ef6ce3310f8cb3f/tasks/5fa2d2df1ef6ce3310f8cb43" 
Request params: {"boardId":"5fa2d2df1ef6ce3310f8cb3f","id":"5fa2d2df1ef6ce3310f8cb43"} 
 ------end------- 
Request time: 11/4/2020, 9:12:17 PM 
Request url: "/boards/5fa2d2df1ef6ce3310f8cb3f/tasks/5fa2d2df1ef6ce3310f8cb42" 
Request params: {"boardId":"5fa2d2df1ef6ce3310f8cb3f","id":"5fa2d2df1ef6ce3310f8cb42"} 
 ------end------- 
